This is XeTeX, Version 3.14159265-2.6-0.999992 (TeX Live 2020) (preloaded format=xelatex 2020.5.6)  7 APR 2021 14:11
entering extended mode
 restricted \write18 enabled.
 %&-line parsing enabled.
**UPPRESSO_Usenix_backup.tex
(./UPPRESSO_Usenix_backup.tex
LaTeX2e <2020-02-02> patch level 5
L3 programming layer <2020-03-06>
(/usr/local/texlive/2020/texmf-dist/tex/latex/base/article.cls
Document Class: article 2019/12/20 v1.4l Standard LaTeX document class
(/usr/local/texlive/2020/texmf-dist/tex/latex/base/size10.clo
File: size10.clo 2019/12/20 v1.4l Standard LaTeX file (size option)
)
\c@part=\count163
\c@section=\count164
\c@subsection=\count165
\c@subsubsection=\count166
\c@paragraph=\count167
\c@subparagraph=\count168
\c@figure=\count169
\c@table=\count170
\abovecaptionskip=\skip47
\belowcaptionskip=\skip48
\bibindent=\dimen134
)
(./usenix-2020-09.sty
(/usr/local/texlive/2020/texmf-dist/tex/latex/psnfss/mathptmx.sty
Package: mathptmx 2005/04/12 PSNFSS-v9.2a Times w/ Math, improved (SPQR, WaS) 
LaTeX Font Info:    Redeclaring symbol font `operators' on input line 28.
LaTeX Font Info:    Overwriting symbol font `operators' in version `normal'
(Font)                  OT1/cmr/m/n --> OT1/ztmcm/m/n on input line 28.
LaTeX Font Info:    Overwriting symbol font `operators' in version `bold'
(Font)                  OT1/cmr/bx/n --> OT1/ztmcm/m/n on input line 28.
LaTeX Font Info:    Redeclaring symbol font `letters' on input line 29.
LaTeX Font Info:    Overwriting symbol font `letters' in version `normal'
(Font)                  OML/cmm/m/it --> OML/ztmcm/m/it on input line 29.
LaTeX Font Info:    Overwriting symbol font `letters' in version `bold'
(Font)                  OML/cmm/b/it --> OML/ztmcm/m/it on input line 29.
LaTeX Font Info:    Redeclaring symbol font `symbols' on input line 30.
LaTeX Font Info:    Overwriting symbol font `symbols' in version `normal'
(Font)                  OMS/cmsy/m/n --> OMS/ztmcm/m/n on input line 30.
LaTeX Font Info:    Overwriting symbol font `symbols' in version `bold'
(Font)                  OMS/cmsy/b/n --> OMS/ztmcm/m/n on input line 30.
LaTeX Font Info:    Redeclaring symbol font `largesymbols' on input line 31.
LaTeX Font Info:    Overwriting symbol font `largesymbols' in version `normal'
(Font)                  OMX/cmex/m/n --> OMX/ztmcm/m/n on input line 31.
LaTeX Font Info:    Overwriting symbol font `largesymbols' in version `bold'
(Font)                  OMX/cmex/m/n --> OMX/ztmcm/m/n on input line 31.
\symbold=\mathgroup4
\symitalic=\mathgroup5
LaTeX Font Info:    Redeclaring math alphabet \mathbf on input line 34.
LaTeX Font Info:    Overwriting math alphabet `\mathbf' in version `normal'
(Font)                  OT1/cmr/bx/n --> OT1/ptm/bx/n on input line 34.
LaTeX Font Info:    Overwriting math alphabet `\mathbf' in version `bold'
(Font)                  OT1/cmr/bx/n --> OT1/ptm/bx/n on input line 34.
LaTeX Font Info:    Redeclaring math alphabet \mathit on input line 35.
LaTeX Font Info:    Overwriting math alphabet `\mathit' in version `normal'
(Font)                  OT1/cmr/m/it --> OT1/ptm/m/it on input line 35.
LaTeX Font Info:    Overwriting math alphabet `\mathit' in version `bold'
(Font)                  OT1/cmr/bx/it --> OT1/ptm/m/it on input line 35.
LaTeX Info: Redefining \hbar on input line 50.
)
(/usr/local/texlive/2020/texmf-dist/tex/latex/base/fontenc.sty
Package: fontenc 2020/02/11 v2.0o Standard LaTeX package
LaTeX Font Info:    Trying to load font information for T1+ptm on input line 11
2.

(/usr/local/texlive/2020/texmf-dist/tex/latex/psnfss/t1ptm.fd
File: t1ptm.fd 2001/06/04 font definitions for T1/ptm.
))
(/usr/local/texlive/2020/texmf-dist/tex/latex/base/inputenc.sty
Package: inputenc 2018/08/11 v1.3c Input encoding file
\inpenc@prehook=\toks15
\inpenc@posthook=\toks16


Package inputenc Warning: inputenc package ignored with utf8 based engines.

) (/usr/local/texlive/2020/texmf-dist/tex/latex/pslatex/pslatex.sty
Package: pslatex 1996/07/24 v1.2 pslatex emulation (DPC)
LaTeX Font Info:    Redeclaring symbol font `operators' on input line 65.
LaTeX Font Info:    Overwriting symbol font `operators' in version `normal'
(Font)                  OT1/ztmcm/m/n --> OT1/ptmcm/m/n on input line 65.
LaTeX Font Info:    Overwriting symbol font `operators' in version `bold'
(Font)                  OT1/ztmcm/m/n --> OT1/ptmcm/m/n on input line 65.
LaTeX Font Info:    Redeclaring symbol font `letters' on input line 66.
LaTeX Font Info:    Overwriting symbol font `letters' in version `normal'
(Font)                  OML/ztmcm/m/it --> OML/ptmcm/m/it on input line 66.
LaTeX Font Info:    Overwriting symbol font `letters' in version `bold'
(Font)                  OML/ztmcm/m/it --> OML/ptmcm/m/it on input line 66.
LaTeX Font Info:    Redeclaring symbol font `symbols' on input line 67.
LaTeX Font Info:    Overwriting symbol font `symbols' in version `normal'
(Font)                  OMS/ztmcm/m/n --> OMS/pzccm/m/n on input line 67.
LaTeX Font Info:    Overwriting symbol font `symbols' in version `bold'
(Font)                  OMS/ztmcm/m/n --> OMS/pzccm/m/n on input line 67.
LaTeX Font Info:    Redeclaring symbol font `largesymbols' on input line 68.
LaTeX Font Info:    Overwriting symbol font `largesymbols' in version `normal'
(Font)                  OMX/ztmcm/m/n --> OMX/psycm/m/n on input line 68.
LaTeX Font Info:    Overwriting symbol font `largesymbols' in version `bold'
(Font)                  OMX/ztmcm/m/n --> OMX/psycm/m/n on input line 68.
LaTeX Font Info:    Redeclaring symbol font `bold' on input line 69.
LaTeX Font Info:    Overwriting symbol font `bold' in version `normal'
(Font)                  OT1/ptm/bx/n --> OT1/ptm/bx/n on input line 69.
LaTeX Font Info:    Overwriting symbol font `bold' in version `bold'
(Font)                  OT1/ptm/bx/n --> OT1/ptm/bx/n on input line 69.
LaTeX Font Info:    Redeclaring symbol font `italic' on input line 70.
LaTeX Font Info:    Overwriting symbol font `italic' in version `normal'
(Font)                  OT1/ptm/m/it --> OT1/ptm/m/it on input line 70.
LaTeX Font Info:    Overwriting symbol font `italic' in version `bold'
(Font)                  OT1/ptm/m/it --> OT1/ptm/m/it on input line 70.
LaTeX Font Info:    Redeclaring math alphabet \mathbf on input line 74.
LaTeX Font Info:    Overwriting math alphabet `\mathbf' in version `normal'
(Font)                  OT1/ptm/bx/n --> OT1/ptm/bx/n on input line 74.
LaTeX Font Info:    Overwriting math alphabet `\mathbf' in version `bold'
(Font)                  OT1/ptm/bx/n --> OT1/ptm/bx/n on input line 74.
LaTeX Font Info:    Redeclaring math alphabet \mathit on input line 75.
LaTeX Font Info:    Overwriting math alphabet `\mathit' in version `normal'
(Font)                  OT1/ptm/m/it --> OT1/ptm/m/it on input line 75.
LaTeX Font Info:    Overwriting math alphabet `\mathit' in version `bold'
(Font)                  OT1/ptm/m/it --> OT1/ptm/m/it on input line 75.
LaTeX Font Info:    Redeclaring math symbol \omicron on input line 79.


LaTeX Warning: Font shape declaration has incorrect series value `mc'.
               It should not contain an `m'! Please correct it.
               Found on input line 226.


LaTeX Warning: Font shape declaration has incorrect series value `mc'.
               It should not contain an `m'! Please correct it.
               Found on input line 230.


LaTeX Warning: Font shape declaration has incorrect series value `mc'.
               It should not contain an `m'! Please correct it.
               Found on input line 234.


LaTeX Warning: Font shape declaration has incorrect series value `mc'.
               It should not contain an `m'! Please correct it.
               Found on input line 243.


LaTeX Warning: Font shape declaration has incorrect series value `mc'.
               It should not contain an `m'! Please correct it.
               Found on input line 384.


LaTeX Warning: Font shape declaration has incorrect series value `mc'.
               It should not contain an `m'! Please correct it.
               Found on input line 388.


LaTeX Warning: Font shape declaration has incorrect series value `mc'.
               It should not contain an `m'! Please correct it.
               Found on input line 392.


LaTeX Warning: Font shape declaration has incorrect series value `mc'.
               It should not contain an `m'! Please correct it.
               Found on input line 401.

) (/usr/local/texlive/2020/texmf-dist/tex/latex/microtype/microtype.sty
Package: microtype 2019/11/18 v2.7d Micro-typographical refinements (RS)

(/usr/local/texlive/2020/texmf-dist/tex/latex/graphics/keyval.sty
Package: keyval 2014/10/28 v1.15 key=value parser (DPC)
\KV@toks@=\toks17
)
\MT@toks=\toks18
\MT@count=\count171
LaTeX Info: Redefining \textls on input line 790.
\MT@outer@kern=\dimen135
LaTeX Info: Redefining \textmicrotypecontext on input line 1354.
\MT@listname@count=\count172

(/usr/local/texlive/2020/texmf-dist/tex/latex/microtype/microtype-xetex.def
File: microtype-xetex.def 2019/11/18 v2.7d Definitions specific to xetex (RS)
LaTeX Info: Redefining \lsstyle on input line 258.
)
Package microtype Info: Loading configuration file microtype.cfg.

(/usr/local/texlive/2020/texmf-dist/tex/latex/microtype/microtype.cfg
File: microtype.cfg 2019/11/18 v2.7d microtype main configuration file (RS)
))
(/usr/local/texlive/2020/texmf-dist/tex/latex/cite/cite.sty
LaTeX Info: Redefining \cite on input line 302.
LaTeX Info: Redefining \nocite on input line 332.
Package: cite 2015/02/27  v 5.5
)
(/usr/local/texlive/2020/texmf-dist/tex/latex/breakurl/breakurl.sty
Package: breakurl 2013/04/10 v1.40 Breakable hyperref URLs

(/usr/local/texlive/2020/texmf-dist/tex/latex/xkeyval/xkeyval.sty
Package: xkeyval 2014/12/03 v2.7a package option processing (HA)

(/usr/local/texlive/2020/texmf-dist/tex/generic/xkeyval/xkeyval.tex
(/usr/local/texlive/2020/texmf-dist/tex/generic/xkeyval/xkvutils.tex
\XKV@toks=\toks19
\XKV@tempa@toks=\toks20
)
\XKV@depth=\count173
File: xkeyval.tex 2014/12/03 v2.7a key=value parser (HA)
))
(/usr/local/texlive/2020/texmf-dist/tex/generic/iftex/ifpdf.sty
Package: ifpdf 2019/10/25 v3.4 ifpdf legacy package. Use iftex instead.

(/usr/local/texlive/2020/texmf-dist/tex/generic/iftex/iftex.sty
Package: iftex 2020/03/06 v1.0d TeX engine tests
))

! Package breakurl Error: The breakurl depends on hyperref package.

See the breakurl package documentation for explanation.
Type  H <return>  for immediate help.
 ...                                              
                                                  
l.62 }
      
I can't do anything. Please type X <return>, edit the source file
and add \usepackage{hyperref} before \usepackage{breakurl}.

) (/usr/local/texlive/2020/texmf-dist/tex/latex/url/url.sty
\Urlmuskip=\muskip16
Package: url 2013/09/16  ver 3.4  Verb mode for urls, etc.
)
(/usr/local/texlive/2020/texmf-dist/tex/latex/xcolor/xcolor.sty
Package: xcolor 2016/05/11 v2.12 LaTeX color extensions (UK)

(/usr/local/texlive/2020/texmf-dist/tex/latex/graphics-cfg/color.cfg
File: color.cfg 2016/01/02 v1.6 sample color configuration
)
Package xcolor Info: Driver file: xetex.def on input line 225.

(/usr/local/texlive/2020/texmf-dist/tex/latex/graphics-def/xetex.def
File: xetex.def 2017/06/24 v5.0h Graphics/color driver for xetex
)
Package xcolor Info: Model `cmy' substituted by `cmy0' on input line 1348.
Package xcolor Info: Model `RGB' extended on input line 1364.
Package xcolor Info: Model `HTML' substituted by `rgb' on input line 1366.
Package xcolor Info: Model `Hsb' substituted by `hsb' on input line 1367.
Package xcolor Info: Model `tHsb' substituted by `hsb' on input line 1368.
Package xcolor Info: Model `HSB' substituted by `hsb' on input line 1369.
Package xcolor Info: Model `Gray' substituted by `gray' on input line 1370.
Package xcolor Info: Model `wave' substituted by `hsb' on input line 1371.
)
(/usr/local/texlive/2020/texmf-dist/tex/latex/hyperref/hyperref.sty
Package: hyperref 2020/01/14 v7.00d Hypertext links for LaTeX

(/usr/local/texlive/2020/texmf-dist/tex/generic/ltxcmds/ltxcmds.sty
Package: ltxcmds 2019/12/15 v1.24 LaTeX kernel commands for general use (HO)
)
(/usr/local/texlive/2020/texmf-dist/tex/latex/pdftexcmds/pdftexcmds.sty
Package: pdftexcmds 2019/11/24 v0.31 Utility functions of pdfTeX for LuaTeX (HO
)

(/usr/local/texlive/2020/texmf-dist/tex/generic/infwarerr/infwarerr.sty
Package: infwarerr 2019/12/03 v1.5 Providing info/warning/error messages (HO)
)
Package pdftexcmds Info: \pdf@primitive is available.
Package pdftexcmds Info: \pdf@ifprimitive is available.
Package pdftexcmds Info: \pdfdraftmode not found.
)
(/usr/local/texlive/2020/texmf-dist/tex/generic/kvsetkeys/kvsetkeys.sty
Package: kvsetkeys 2019/12/15 v1.18 Key value parser (HO)
)
(/usr/local/texlive/2020/texmf-dist/tex/generic/kvdefinekeys/kvdefinekeys.sty
Package: kvdefinekeys 2019-12-19 v1.6 Define keys (HO)
)
(/usr/local/texlive/2020/texmf-dist/tex/generic/pdfescape/pdfescape.sty
Package: pdfescape 2019/12/09 v1.15 Implements pdfTeX's escape features (HO)
)
(/usr/local/texlive/2020/texmf-dist/tex/latex/hycolor/hycolor.sty
Package: hycolor 2020-01-27 v1.10 Color options for hyperref/bookmark (HO)
)
(/usr/local/texlive/2020/texmf-dist/tex/latex/letltxmacro/letltxmacro.sty
Package: letltxmacro 2019/12/03 v1.6 Let assignment for LaTeX macros (HO)
)
(/usr/local/texlive/2020/texmf-dist/tex/latex/auxhook/auxhook.sty
Package: auxhook 2019-12-17 v1.6 Hooks for auxiliary files (HO)
)
(/usr/local/texlive/2020/texmf-dist/tex/latex/kvoptions/kvoptions.sty
Package: kvoptions 2019/11/29 v3.13 Key value format for package options (HO)
)
\@linkdim=\dimen136
\Hy@linkcounter=\count174
\Hy@pagecounter=\count175

(/usr/local/texlive/2020/texmf-dist/tex/latex/hyperref/pd1enc.def
File: pd1enc.def 2020/01/14 v7.00d Hyperref: PDFDocEncoding definition (HO)
)
(/usr/local/texlive/2020/texmf-dist/tex/generic/intcalc/intcalc.sty
Package: intcalc 2019/12/15 v1.3 Expandable calculations with integers (HO)
)
(/usr/local/texlive/2020/texmf-dist/tex/generic/etexcmds/etexcmds.sty
Package: etexcmds 2019/12/15 v1.7 Avoid name clashes with e-TeX commands (HO)
)
\Hy@SavedSpaceFactor=\count176
Package hyperref Info: Hyper figures OFF on input line 4547.
Package hyperref Info: Link nesting OFF on input line 4552.
Package hyperref Info: Hyper index ON on input line 4555.
Package hyperref Info: Plain pages OFF on input line 4562.
Package hyperref Info: Backreferencing OFF on input line 4567.
Package hyperref Info: Implicit mode ON; LaTeX internals redefined.
Package hyperref Info: Bookmarks ON on input line 4800.
\c@Hy@tempcnt=\count177
LaTeX Info: Redefining \url on input line 5159.
\XeTeXLinkMargin=\dimen137

(/usr/local/texlive/2020/texmf-dist/tex/generic/bitset/bitset.sty
Package: bitset 2019/12/09 v1.3 Handle bit-vector datatype (HO)

(/usr/local/texlive/2020/texmf-dist/tex/generic/bigintcalc/bigintcalc.sty
Package: bigintcalc 2019/12/15 v1.5 Expandable calculations on big integers (HO
)
))
\Fld@menulength=\count178
\Field@Width=\dimen138
\Fld@charsize=\dimen139
Package hyperref Info: Hyper figures OFF on input line 6430.
Package hyperref Info: Link nesting OFF on input line 6435.
Package hyperref Info: Hyper index ON on input line 6438.
Package hyperref Info: backreferencing OFF on input line 6445.
Package hyperref Info: Link coloring OFF on input line 6450.
Package hyperref Info: Link coloring with OCG OFF on input line 6455.
Package hyperref Info: PDF/A mode OFF on input line 6460.
LaTeX Info: Redefining \ref on input line 6500.
LaTeX Info: Redefining \pageref on input line 6504.

(/usr/local/texlive/2020/texmf-dist/tex/generic/atbegshi/atbegshi.sty
Package: atbegshi 2019/12/05 v1.19 At begin shipout hook (HO)
)
\Hy@abspage=\count179
\c@Item=\count180
\c@Hfootnote=\count181
)
Package hyperref Info: Driver (autodetected): hxetex.

(/usr/local/texlive/2020/texmf-dist/tex/latex/hyperref/hxetex.def
File: hxetex.def 2020/01/14 v7.00d Hyperref driver for XeTeX

(/usr/local/texlive/2020/texmf-dist/tex/latex/hyperref/puenc.def
File: puenc.def 2020/01/14 v7.00d Hyperref: PDF Unicode definition (HO)
)
(/usr/local/texlive/2020/texmf-dist/tex/generic/stringenc/stringenc.sty
Package: stringenc 2019/11/29 v1.12 Convert strings between diff. encodings (HO
)
)
\pdfm@box=\box45
\c@Hy@AnnotLevel=\count182
\HyField@AnnotCount=\count183
\Fld@listcount=\count184
\c@bookmark@seq@number=\count185

(/usr/local/texlive/2020/texmf-dist/tex/latex/rerunfilecheck/rerunfilecheck.sty
Package: rerunfilecheck 2019/12/05 v1.9 Rerun checks for auxiliary files (HO)
(/usr/local/texlive/2020/texmf-dist/tex/latex/atveryend/atveryend.sty
Package: atveryend 2019-12-11 v1.11 Hooks at the very end of document (HO)
Package atveryend Info: \enddocument detected (standard20110627).
)
(/usr/local/texlive/2020/texmf-dist/tex/generic/uniquecounter/uniquecounter.sty
Package: uniquecounter 2019/12/15 v1.4 Provide unlimited unique counter (HO)
)
Package uniquecounter Info: New unique counter `rerunfilecheck' on input line 2
86.
)
\Hy@SectionHShift=\skip49
)
Package hyperref Info: Option `colorlinks' set `true' on input line 50.
) (/usr/local/texlive/2020/texmf-dist/tex/latex/pgf/frontendlayer/tikz.sty
(/usr/local/texlive/2020/texmf-dist/tex/latex/pgf/basiclayer/pgf.sty
(/usr/local/texlive/2020/texmf-dist/tex/latex/pgf/utilities/pgfrcs.sty
(/usr/local/texlive/2020/texmf-dist/tex/generic/pgf/utilities/pgfutil-common.te
x
\pgfutil@everybye=\toks21
\pgfutil@tempdima=\dimen140
\pgfutil@tempdimb=\dimen141

(/usr/local/texlive/2020/texmf-dist/tex/generic/pgf/utilities/pgfutil-common-li
sts.tex))
(/usr/local/texlive/2020/texmf-dist/tex/generic/pgf/utilities/pgfutil-latex.def
\pgfutil@abb=\box46
(/usr/local/texlive/2020/texmf-dist/tex/latex/ms/everyshi.sty
Package: everyshi 2001/05/15 v3.00 EveryShipout Package (MS)
))
(/usr/local/texlive/2020/texmf-dist/tex/generic/pgf/utilities/pgfrcs.code.tex
(/usr/local/texlive/2020/texmf-dist/tex/generic/pgf/pgf.revision.tex)
Package: pgfrcs 2020/01/08 v3.1.5b (3.1.5b)
))
Package: pgf 2020/01/08 v3.1.5b (3.1.5b)

(/usr/local/texlive/2020/texmf-dist/tex/latex/pgf/basiclayer/pgfcore.sty
(/usr/local/texlive/2020/texmf-dist/tex/latex/graphics/graphicx.sty
Package: graphicx 2019/11/30 v1.2a Enhanced LaTeX Graphics (DPC,SPQR)

(/usr/local/texlive/2020/texmf-dist/tex/latex/graphics/graphics.sty
Package: graphics 2019/11/30 v1.4a Standard LaTeX Graphics (DPC,SPQR)

(/usr/local/texlive/2020/texmf-dist/tex/latex/graphics/trig.sty
Package: trig 2016/01/03 v1.10 sin cos tan (DPC)
)
(/usr/local/texlive/2020/texmf-dist/tex/latex/graphics-cfg/graphics.cfg
File: graphics.cfg 2016/06/04 v1.11 sample graphics configuration
)
Package graphics Info: Driver file: xetex.def on input line 105.
)
\Gin@req@height=\dimen142
\Gin@req@width=\dimen143
)
(/usr/local/texlive/2020/texmf-dist/tex/latex/pgf/systemlayer/pgfsys.sty
(/usr/local/texlive/2020/texmf-dist/tex/generic/pgf/systemlayer/pgfsys.code.tex
Package: pgfsys 2020/01/08 v3.1.5b (3.1.5b)
(/usr/local/texlive/2020/texmf-dist/tex/generic/pgf/utilities/pgfkeys.code.tex
\pgfkeys@pathtoks=\toks22
\pgfkeys@temptoks=\toks23

(/usr/local/texlive/2020/texmf-dist/tex/generic/pgf/utilities/pgfkeysfiltered.c
ode.tex
\pgfkeys@tmptoks=\toks24
))
\pgf@x=\dimen144
\pgf@y=\dimen145
\pgf@xa=\dimen146
\pgf@ya=\dimen147
\pgf@xb=\dimen148
\pgf@yb=\dimen149
\pgf@xc=\dimen150
\pgf@yc=\dimen151
\pgf@xd=\dimen152
\pgf@yd=\dimen153
\w@pgf@writea=\write3
\r@pgf@reada=\read2
\c@pgf@counta=\count186
\c@pgf@countb=\count187
\c@pgf@countc=\count188
\c@pgf@countd=\count189
\t@pgf@toka=\toks25
\t@pgf@tokb=\toks26
\t@pgf@tokc=\toks27
\pgf@sys@id@count=\count190

(/usr/local/texlive/2020/texmf-dist/tex/generic/pgf/systemlayer/pgf.cfg
File: pgf.cfg 2020/01/08 v3.1.5b (3.1.5b)
)
Driver file for pgf: pgfsys-xetex.def

(/usr/local/texlive/2020/texmf-dist/tex/generic/pgf/systemlayer/pgfsys-xetex.de
f
File: pgfsys-xetex.def 2020/01/08 v3.1.5b (3.1.5b)

(/usr/local/texlive/2020/texmf-dist/tex/generic/pgf/systemlayer/pgfsys-dvipdfmx
.def
File: pgfsys-dvipdfmx.def 2020/01/08 v3.1.5b (3.1.5b)

(/usr/local/texlive/2020/texmf-dist/tex/generic/pgf/systemlayer/pgfsys-common-p
df.def
File: pgfsys-common-pdf.def 2020/01/08 v3.1.5b (3.1.5b)
)
\pgfsys@objnum=\count191
)))
(/usr/local/texlive/2020/texmf-dist/tex/generic/pgf/systemlayer/pgfsyssoftpath.
code.tex
File: pgfsyssoftpath.code.tex 2020/01/08 v3.1.5b (3.1.5b)
\pgfsyssoftpath@smallbuffer@items=\count192
\pgfsyssoftpath@bigbuffer@items=\count193
)
(/usr/local/texlive/2020/texmf-dist/tex/generic/pgf/systemlayer/pgfsysprotocol.
code.tex
File: pgfsysprotocol.code.tex 2020/01/08 v3.1.5b (3.1.5b)
))
(/usr/local/texlive/2020/texmf-dist/tex/generic/pgf/basiclayer/pgfcore.code.tex
Package: pgfcore 2020/01/08 v3.1.5b (3.1.5b)
(/usr/local/texlive/2020/texmf-dist/tex/generic/pgf/math/pgfmath.code.tex
(/usr/local/texlive/2020/texmf-dist/tex/generic/pgf/math/pgfmathcalc.code.tex
(/usr/local/texlive/2020/texmf-dist/tex/generic/pgf/math/pgfmathutil.code.tex)
(/usr/local/texlive/2020/texmf-dist/tex/generic/pgf/math/pgfmathparser.code.tex
\pgfmath@dimen=\dimen154
\pgfmath@count=\count194
\pgfmath@box=\box47
\pgfmath@toks=\toks28
\pgfmath@stack@operand=\toks29
\pgfmath@stack@operation=\toks30
)
(/usr/local/texlive/2020/texmf-dist/tex/generic/pgf/math/pgfmathfunctions.code.
tex
(/usr/local/texlive/2020/texmf-dist/tex/generic/pgf/math/pgfmathfunctions.basic
.code.tex)
(/usr/local/texlive/2020/texmf-dist/tex/generic/pgf/math/pgfmathfunctions.trigo
nometric.code.tex)
(/usr/local/texlive/2020/texmf-dist/tex/generic/pgf/math/pgfmathfunctions.rando
m.code.tex)
(/usr/local/texlive/2020/texmf-dist/tex/generic/pgf/math/pgfmathfunctions.compa
rison.code.tex)
(/usr/local/texlive/2020/texmf-dist/tex/generic/pgf/math/pgfmathfunctions.base.
code.tex)
(/usr/local/texlive/2020/texmf-dist/tex/generic/pgf/math/pgfmathfunctions.round
.code.tex)
(/usr/local/texlive/2020/texmf-dist/tex/generic/pgf/math/pgfmathfunctions.misc.
code.tex)
(/usr/local/texlive/2020/texmf-dist/tex/generic/pgf/math/pgfmathfunctions.integ
erarithmetics.code.tex)))
(/usr/local/texlive/2020/texmf-dist/tex/generic/pgf/math/pgfmathfloat.code.tex
\c@pgfmathroundto@lastzeros=\count195
)) (/usr/local/texlive/2020/texmf-dist/tex/generic/pgf/math/pgfint.code.tex)
(/usr/local/texlive/2020/texmf-dist/tex/generic/pgf/basiclayer/pgfcorepoints.co
de.tex
File: pgfcorepoints.code.tex 2020/01/08 v3.1.5b (3.1.5b)
\pgf@picminx=\dimen155
\pgf@picmaxx=\dimen156
\pgf@picminy=\dimen157
\pgf@picmaxy=\dimen158
\pgf@pathminx=\dimen159
\pgf@pathmaxx=\dimen160
\pgf@pathminy=\dimen161
\pgf@pathmaxy=\dimen162
\pgf@xx=\dimen163
\pgf@xy=\dimen164
\pgf@yx=\dimen165
\pgf@yy=\dimen166
\pgf@zx=\dimen167
\pgf@zy=\dimen168
)
(/usr/local/texlive/2020/texmf-dist/tex/generic/pgf/basiclayer/pgfcorepathconst
ruct.code.tex
File: pgfcorepathconstruct.code.tex 2020/01/08 v3.1.5b (3.1.5b)
\pgf@path@lastx=\dimen169
\pgf@path@lasty=\dimen170
)
(/usr/local/texlive/2020/texmf-dist/tex/generic/pgf/basiclayer/pgfcorepathusage
.code.tex
File: pgfcorepathusage.code.tex 2020/01/08 v3.1.5b (3.1.5b)
\pgf@shorten@end@additional=\dimen171
\pgf@shorten@start@additional=\dimen172
)
(/usr/local/texlive/2020/texmf-dist/tex/generic/pgf/basiclayer/pgfcorescopes.co
de.tex
File: pgfcorescopes.code.tex 2020/01/08 v3.1.5b (3.1.5b)
\pgfpic=\box48
\pgf@hbox=\box49
\pgf@layerbox@main=\box50
\pgf@picture@serial@count=\count196
)
(/usr/local/texlive/2020/texmf-dist/tex/generic/pgf/basiclayer/pgfcoregraphicst
ate.code.tex
File: pgfcoregraphicstate.code.tex 2020/01/08 v3.1.5b (3.1.5b)
\pgflinewidth=\dimen173
)
(/usr/local/texlive/2020/texmf-dist/tex/generic/pgf/basiclayer/pgfcoretransform
ations.code.tex
File: pgfcoretransformations.code.tex 2020/01/08 v3.1.5b (3.1.5b)
\pgf@pt@x=\dimen174
\pgf@pt@y=\dimen175
\pgf@pt@temp=\dimen176
)
(/usr/local/texlive/2020/texmf-dist/tex/generic/pgf/basiclayer/pgfcorequick.cod
e.tex
File: pgfcorequick.code.tex 2020/01/08 v3.1.5b (3.1.5b)
)
(/usr/local/texlive/2020/texmf-dist/tex/generic/pgf/basiclayer/pgfcoreobjects.c
ode.tex
File: pgfcoreobjects.code.tex 2020/01/08 v3.1.5b (3.1.5b)
)
(/usr/local/texlive/2020/texmf-dist/tex/generic/pgf/basiclayer/pgfcorepathproce
ssing.code.tex
File: pgfcorepathprocessing.code.tex 2020/01/08 v3.1.5b (3.1.5b)
)
(/usr/local/texlive/2020/texmf-dist/tex/generic/pgf/basiclayer/pgfcorearrows.co
de.tex
File: pgfcorearrows.code.tex 2020/01/08 v3.1.5b (3.1.5b)
\pgfarrowsep=\dimen177
)
(/usr/local/texlive/2020/texmf-dist/tex/generic/pgf/basiclayer/pgfcoreshade.cod
e.tex
File: pgfcoreshade.code.tex 2020/01/08 v3.1.5b (3.1.5b)
\pgf@max=\dimen178
\pgf@sys@shading@range@num=\count197
\pgf@shadingcount=\count198
)
(/usr/local/texlive/2020/texmf-dist/tex/generic/pgf/basiclayer/pgfcoreimage.cod
e.tex
File: pgfcoreimage.code.tex 2020/01/08 v3.1.5b (3.1.5b)

(/usr/local/texlive/2020/texmf-dist/tex/generic/pgf/basiclayer/pgfcoreexternal.
code.tex
File: pgfcoreexternal.code.tex 2020/01/08 v3.1.5b (3.1.5b)
\pgfexternal@startupbox=\box51
))
(/usr/local/texlive/2020/texmf-dist/tex/generic/pgf/basiclayer/pgfcorelayers.co
de.tex
File: pgfcorelayers.code.tex 2020/01/08 v3.1.5b (3.1.5b)
)
(/usr/local/texlive/2020/texmf-dist/tex/generic/pgf/basiclayer/pgfcoretranspare
ncy.code.tex
File: pgfcoretransparency.code.tex 2020/01/08 v3.1.5b (3.1.5b)
)
(/usr/local/texlive/2020/texmf-dist/tex/generic/pgf/basiclayer/pgfcorepatterns.
code.tex
File: pgfcorepatterns.code.tex 2020/01/08 v3.1.5b (3.1.5b)
)
(/usr/local/texlive/2020/texmf-dist/tex/generic/pgf/basiclayer/pgfcorerdf.code.
tex
File: pgfcorerdf.code.tex 2020/01/08 v3.1.5b (3.1.5b)
)))
(/usr/local/texlive/2020/texmf-dist/tex/generic/pgf/modules/pgfmoduleshapes.cod
e.tex
File: pgfmoduleshapes.code.tex 2020/01/08 v3.1.5b (3.1.5b)
\pgfnodeparttextbox=\box52
)
(/usr/local/texlive/2020/texmf-dist/tex/generic/pgf/modules/pgfmoduleplot.code.
tex
File: pgfmoduleplot.code.tex 2020/01/08 v3.1.5b (3.1.5b)
)
(/usr/local/texlive/2020/texmf-dist/tex/latex/pgf/compatibility/pgfcomp-version
-0-65.sty
Package: pgfcomp-version-0-65 2020/01/08 v3.1.5b (3.1.5b)
\pgf@nodesepstart=\dimen179
\pgf@nodesepend=\dimen180
)
(/usr/local/texlive/2020/texmf-dist/tex/latex/pgf/compatibility/pgfcomp-version
-1-18.sty
Package: pgfcomp-version-1-18 2020/01/08 v3.1.5b (3.1.5b)
))
(/usr/local/texlive/2020/texmf-dist/tex/latex/pgf/utilities/pgffor.sty
(/usr/local/texlive/2020/texmf-dist/tex/latex/pgf/utilities/pgfkeys.sty
(/usr/local/texlive/2020/texmf-dist/tex/generic/pgf/utilities/pgfkeys.code.tex)
) (/usr/local/texlive/2020/texmf-dist/tex/latex/pgf/math/pgfmath.sty
(/usr/local/texlive/2020/texmf-dist/tex/generic/pgf/math/pgfmath.code.tex))
(/usr/local/texlive/2020/texmf-dist/tex/generic/pgf/utilities/pgffor.code.tex
Package: pgffor 2020/01/08 v3.1.5b (3.1.5b)

(/usr/local/texlive/2020/texmf-dist/tex/generic/pgf/math/pgfmath.code.tex)
\pgffor@iter=\dimen181
\pgffor@skip=\dimen182
\pgffor@stack=\toks31
\pgffor@toks=\toks32
))
(/usr/local/texlive/2020/texmf-dist/tex/generic/pgf/frontendlayer/tikz/tikz.cod
e.tex
Package: tikz 2020/01/08 v3.1.5b (3.1.5b)

(/usr/local/texlive/2020/texmf-dist/tex/generic/pgf/libraries/pgflibraryplothan
dlers.code.tex
File: pgflibraryplothandlers.code.tex 2020/01/08 v3.1.5b (3.1.5b)
\pgf@plot@mark@count=\count199
\pgfplotmarksize=\dimen183
)
\tikz@lastx=\dimen184
\tikz@lasty=\dimen185
\tikz@lastxsaved=\dimen186
\tikz@lastysaved=\dimen187
\tikz@lastmovetox=\dimen188
\tikz@lastmovetoy=\dimen189
\tikzleveldistance=\dimen190
\tikzsiblingdistance=\dimen191
\tikz@figbox=\box53
\tikz@figbox@bg=\box54
\tikz@tempbox=\box55
\tikz@tempbox@bg=\box56
\tikztreelevel=\count266
\tikznumberofchildren=\count267
\tikznumberofcurrentchild=\count268
\tikz@fig@count=\count269

(/usr/local/texlive/2020/texmf-dist/tex/generic/pgf/modules/pgfmodulematrix.cod
e.tex
File: pgfmodulematrix.code.tex 2020/01/08 v3.1.5b (3.1.5b)
\pgfmatrixcurrentrow=\count270
\pgfmatrixcurrentcolumn=\count271
\pgf@matrix@numberofcolumns=\count272
)
\tikz@expandcount=\count273

(/usr/local/texlive/2020/texmf-dist/tex/generic/pgf/frontendlayer/tikz/librarie
s/tikzlibrarytopaths.code.tex
File: tikzlibrarytopaths.code.tex 2020/01/08 v3.1.5b (3.1.5b)
)))
(/usr/local/texlive/2020/texmf-dist/tex/latex/amsmath/amsmath.sty
Package: amsmath 2020/01/20 v2.17e AMS math features
\@mathmargin=\skip50

For additional information on amsmath, use the `?' option.
(/usr/local/texlive/2020/texmf-dist/tex/latex/amsmath/amstext.sty
Package: amstext 2000/06/29 v2.01 AMS text

(/usr/local/texlive/2020/texmf-dist/tex/latex/amsmath/amsgen.sty
File: amsgen.sty 1999/11/30 v2.0 generic functions
\@emptytoks=\toks33
\ex@=\dimen192
))
(/usr/local/texlive/2020/texmf-dist/tex/latex/amsmath/amsbsy.sty
Package: amsbsy 1999/11/29 v1.2d Bold Symbols
\pmbraise@=\dimen193
)
(/usr/local/texlive/2020/texmf-dist/tex/latex/amsmath/amsopn.sty
Package: amsopn 2016/03/08 v2.02 operator names
)
\inf@bad=\count274
LaTeX Info: Redefining \frac on input line 227.
\uproot@=\count275
\leftroot@=\count276
LaTeX Info: Redefining \overline on input line 389.
\classnum@=\count277
\DOTSCASE@=\count278
LaTeX Info: Redefining \ldots on input line 486.
LaTeX Info: Redefining \dots on input line 489.
LaTeX Info: Redefining \cdots on input line 610.
\Mathstrutbox@=\box57
\strutbox@=\box58
\big@size=\dimen194
LaTeX Font Info:    Redeclaring font encoding OML on input line 733.
LaTeX Font Info:    Redeclaring font encoding OMS on input line 734.
\macc@depth=\count279
\c@MaxMatrixCols=\count280
\dotsspace@=\muskip17
\c@parentequation=\count281
\dspbrk@lvl=\count282
\tag@help=\toks34
\row@=\count283
\column@=\count284
\maxfields@=\count285
\andhelp@=\toks35
\eqnshift@=\dimen195
\alignsep@=\dimen196
\tagshift@=\dimen197
\tagwidth@=\dimen198
\totwidth@=\dimen199
\lineht@=\dimen256
\@envbody=\toks36
\multlinegap=\skip51
\multlinetaggap=\skip52
\mathdisplay@stack=\toks37
LaTeX Info: Redefining \[ on input line 2859.
LaTeX Info: Redefining \] on input line 2860.
)
(/usr/local/texlive/2020/texmf-dist/tex/latex/filecontents/filecontents.sty
Package: filecontents 2019/09/20 v1.5 Create an external file from within a LaT
eX document


Package filecontents Warning: This package is obsolete. Disabling it and
(filecontents)                passing control to the filecontents environment
(filecontents)                defined by the LaTeX kernel.

) (/usr/local/texlive/2020/texmf-dist/tex/latex/titlesec/titlesec.sty
Package: titlesec 2019/10/16 v2.13 Sectioning titles
\ttl@box=\box59
\beforetitleunit=\skip53
\aftertitleunit=\skip54
\ttl@plus=\dimen257
\ttl@minus=\dimen258
\ttl@toksa=\toks38
\titlewidth=\dimen259
\titlewidthlast=\dimen260
\titlewidthfirst=\dimen261
)
(/usr/local/texlive/2020/texmf-dist/tex/latex/lipsum/lipsum.sty
(/usr/local/texlive/2020/texmf-dist/tex/latex/l3kernel/expl3.sty
Package: expl3 2020-03-06 L3 programming layer (loader) 

(/usr/local/texlive/2020/texmf-dist/tex/latex/l3backend/l3backend-xdvipdfmx.def
File: l3backend-xdvipdfmx.def 2020-03-12 L3 backend support: xdvipdfmx
\g__graphics_track_int=\count286
\l__pdf_internal_box=\box60
\g__pdf_backend_object_int=\count287
\g__pdf_backend_annotation_int=\count288
)) (/usr/local/texlive/2020/texmf-dist/tex/latex/l3packages/xparse/xparse.sty
Package: xparse 2020-03-06 L3 Experimental document command parser
\l__xparse_current_arg_int=\count289
\g__xparse_grabber_int=\count290
\l__xparse_m_args_int=\count291
\l__xparse_v_nesting_int=\count292
)
Package: lipsum 2019/01/02 v2.2 150 paragraphs of Lorem Ipsum dummy text

(/usr/local/texlive/2020/texmf-dist/tex/latex/lipsum/lipsum.ltd.tex
File: lipsum.ltd.tex 2019/01/02 v2.2 The Lorem ipsum dummy text
))
(/usr/local/texlive/2020/texmf-dist/tex/latex/mwe/mwe.sty
Package: mwe 2018/03/30 v0.5 Package to support minimal working examples (MWE)

(/usr/local/texlive/2020/texmf-dist/tex/latex/blindtext/blindtext.sty
Package: blindtext 2012/01/06 V2.0 blindtext-Package

(/usr/local/texlive/2020/texmf-dist/tex/latex/tools/xspace.sty
Package: xspace 2014/10/28 v1.13 Space after command names (DPC,MH)
)
\c@blindtext=\count293
\c@Blindtext=\count294
\c@blind@countparstart=\count295
\blind@countxx=\count296
\blindtext@numBlindtext=\count297
\blind@countyy=\count298
\c@blindlist=\count299
\c@blindlistlevel=\count300
\c@blindlist@level=\count301
\blind@listitem=\count302
\c@blind@listcount=\count303
\c@blind@levelcount=\count304
\blind@mathformula=\count305
\blind@Mathformula=\count306
\c@blind@randomcount=\count307
\c@blind@randommax=\count308
\c@blind@pangramcount=\count309
\c@blind@pangrammax=\count310
))
(/usr/local/texlive/2020/texmf-dist/tex/latex/sttools/cuted.sty
Package: cuted 2012/10/04 v1.5 Mixing onecolumn and twocolumn modes
\At@ViperColsBreak=\toks39
\v@aaa=\box61
\v@ccc=\box62
\lastskip@a=\skip55
\lastskip@b=\skip56
\lastskip@d=\skip57
\lastbox@a=\box63
\stripsep=\skip58
\@viper=\box64
\viper@penalty=\count311
\hold@viper=\box65
\ht@viper=\dimen262
)
(/usr/local/texlive/2020/texmf-dist/tex/latex/float/float.sty
Package: float 2001/11/08 v1.3d Float enhancements (AL)
\c@float@type=\count312
\float@exts=\toks40
\float@box=\box66
\@float@everytoks=\toks41
\@floatcapt=\box67
)
(/usr/local/texlive/2020/texmf-dist/tex/latex/caption/caption.sty
Package: caption 2020/01/03 v3.4h Customizing captions (AR)

(/usr/local/texlive/2020/texmf-dist/tex/latex/caption/caption3.sty
Package: caption3 2020/01/03 v1.8h caption3 kernel (AR)
Package caption3 Info: TeX engine: e-TeX on input line 61.
\captionmargin=\dimen263
\captionmargin@=\dimen264
\captionwidth=\dimen265
\caption@tempdima=\dimen266
\caption@indent=\dimen267
\caption@parindent=\dimen268
\caption@hangindent=\dimen269
Package caption Info: Standard document class detected.
)
\c@caption@flags=\count313
\c@continuedfloat=\count314
Package caption Info: float package is loaded.
Package caption Info: hyperref package is loaded.
)
(/usr/local/texlive/2020/texmf-dist/tex/latex/tools/verbatim.sty
Package: verbatim 2019/11/10 v1.5r LaTeX2e package for verbatim enhancements
\every@verbatim=\toks42
\verbatim@line=\toks43
\verbatim@in@stream=\read3
)
(/usr/local/texlive/2020/texmf-dist/tex/latex/amsfonts/amssymb.sty
Package: amssymb 2013/01/14 v3.01 AMS font symbols

(/usr/local/texlive/2020/texmf-dist/tex/latex/amsfonts/amsfonts.sty
Package: amsfonts 2013/01/14 v3.01 Basic AMSFonts support
\symAMSa=\mathgroup6
\symAMSb=\mathgroup7
LaTeX Font Info:    Overwriting math alphabet `\mathfrak' in version `bold'
(Font)                  U/euf/m/n --> U/euf/b/n on input line 106.
))
(/usr/local/texlive/2020/texmf-dist/tex/latex/amscls/amsthm.sty
Package: amsthm 2017/10/31 v2.20.4
\thm@style=\toks44
\thm@bodyfont=\toks45
\thm@headfont=\toks46
\thm@notefont=\toks47
\thm@headpunct=\toks48
\thm@preskip=\skip59
\thm@postskip=\skip60
\thm@headsep=\skip61
\dth@everypar=\toks49
)
(/usr/local/texlive/2020/texmf-dist/tex/latex/multirow/multirow.sty
Package: multirow 2019/05/31 v2.5 Span multiple rows of a table
\multirow@colwidth=\skip62
\multirow@cntb=\count315
\multirow@dima=\skip63
\bigstrutjot=\dimen270
)
(/usr/local/texlive/2020/texmf-dist/tex/latex/listings/listings.sty
\lst@mode=\count316
\lst@gtempboxa=\box68
\lst@token=\toks50
\lst@length=\count317
\lst@currlwidth=\dimen271
\lst@column=\count318
\lst@pos=\count319
\lst@lostspace=\dimen272
\lst@width=\dimen273
\lst@newlines=\count320
\lst@lineno=\count321
\lst@maxwidth=\dimen274

(/usr/local/texlive/2020/texmf-dist/tex/latex/listings/lstmisc.sty
File: lstmisc.sty 2020/03/24 1.8d (Carsten Heinz)
\c@lstnumber=\count322
\lst@skipnumbers=\count323
\lst@framebox=\box69
)
(/usr/local/texlive/2020/texmf-dist/tex/latex/listings/listings.cfg
File: listings.cfg 2020/03/24 1.8d listings configuration
))
Package: listings 2020/03/24 1.8d (Carsten Heinz)

(/usr/local/texlive/2020/texmf-dist/tex/latex/tools/array.sty
Package: array 2019/08/31 v2.4l Tabular extension package (FMi)
\col@sep=\dimen275
\ar@mcellbox=\box70
\extrarowheight=\dimen276
\NC@list=\toks51
\extratabsurround=\skip64
\backup@length=\skip65
\ar@cellbox=\box71
)
(/usr/local/texlive/2020/texmf-dist/tex/latex/tools/enumerate.sty
Package: enumerate 2015/07/23 v3.00 enumerate extensions (DPC)
\@enLab=\toks52
)
(/usr/local/texlive/2020/texmf-dist/tex/latex/booktabs/booktabs.sty
Package: booktabs 2020/01/12 v1.61803398 Publication quality tables
\heavyrulewidth=\dimen277
\lightrulewidth=\dimen278
\cmidrulewidth=\dimen279
\belowrulesep=\dimen280
\belowbottomsep=\dimen281
\aboverulesep=\dimen282
\abovetopsep=\dimen283
\cmidrulesep=\dimen284
\cmidrulekern=\dimen285
\defaultaddspace=\dimen286
\@cmidla=\count324
\@cmidlb=\count325
\@aboverulesep=\dimen287
\@belowrulesep=\dimen288
\@thisruleclass=\count326
\@lastruleclass=\count327
\@thisrulewidth=\dimen289
)
(/usr/local/texlive/2020/texmf-dist/tex/latex/soul/soul.sty
Package: soul 2003/11/17 v2.4 letterspacing/underlining (mf)
\SOUL@word=\toks53
\SOUL@lasttoken=\toks54
\SOUL@cmds=\toks55
\SOUL@buffer=\toks56
\SOUL@token=\toks57
\SOUL@spaceskip=\skip66
\SOUL@ttwidth=\dimen290
\SOUL@uldp=\dimen291
\SOUL@ulht=\dimen292
)
(/usr/local/texlive/2020/texmf-dist/tex/latex/tools/multicol.sty
Package: multicol 2019/12/09 v1.8y multicolumn formatting (FMi)
\c@tracingmulticols=\count328


Package multicol Warning: May not work with the twocolumn option on input line 
141.

\mult@box=\box72
\multicol@leftmargin=\dimen293
\c@unbalance=\count329
\c@collectmore=\count330
\doublecol@number=\count331
\multicoltolerance=\count332
\multicolpretolerance=\count333
\full@width=\dimen294
\page@free=\dimen295
\premulticols=\dimen296
\postmulticols=\dimen297
\multicolsep=\skip67
\multicolbaselineskip=\skip68
\partial@page=\box73
\last@line=\box74
\maxbalancingoverflow=\dimen298
\mult@rightbox=\box75
\mult@grightbox=\box76
\mult@gfirstbox=\box77
\mult@firstbox=\box78
\@tempa=\box79
\@tempa=\box80
\@tempa=\box81
\@tempa=\box82
\@tempa=\box83
\@tempa=\box84
\@tempa=\box85
\@tempa=\box86
\@tempa=\box87
\@tempa=\box88
\@tempa=\box89
\@tempa=\box90
\@tempa=\box91
\@tempa=\box92
\@tempa=\box93
\@tempa=\box94
\@tempa=\box95
\@tempa=\box96
\@tempa=\box97
\@tempa=\box98
\@tempa=\box99
\@tempa=\box100
\@tempa=\box101
\@tempa=\box102
\@tempa=\box103
\@tempa=\box104
\@tempa=\box105
\@tempa=\box106
\@tempa=\box107
\@tempa=\box108
\@tempa=\box109
\@tempa=\box110
\@tempa=\box111
\@tempa=\box112
\@tempa=\box113
\@tempa=\box114
\@tempa=\box115
\c@minrows=\count334
\c@columnbadness=\count335
\c@finalcolumnbadness=\count336
\last@try=\dimen299
\multicolovershoot=\dimen300
\multicolundershoot=\dimen301
\mult@nat@firstbox=\box116
\colbreak@box=\box117
\mc@col@check@num=\count337
) (/usr/local/texlive/2020/texmf-dist/tex/latex/algorithm2e/algorithm2e.sty
Invalid UTF-8 byte or sequence at line 284 replaced by U+FFFD.
Invalid UTF-8 byte or sequence at line 299 replaced by U+FFFD.
Invalid UTF-8 byte or sequence at line 550 replaced by U+FFFD.
Package: algorithm2e 2017/07/18 v5.2 algorithms environments
\c@AlgoLine=\count338

(/usr/local/texlive/2020/texmf-dist/tex/latex/base/ifthen.sty
Package: ifthen 2014/09/29 v1.1c Standard LaTeX ifthen package (DPC)
)
\algocf@hangindent=\skip69

(/usr/local/texlive/2020/texmf-dist/tex/latex/ifoddpage/ifoddpage.sty
Package: ifoddpage 2016/04/23 v1.1 Conditionals for odd/even page detection
\c@checkoddpage=\count339
)
(/usr/local/texlive/2020/texmf-dist/tex/latex/relsize/relsize.sty
Package: relsize 2013/03/29 ver 4.1
)
\skiptotal=\skip70
\skiplinenumber=\skip71
\skiprule=\skip72
\skiphlne=\skip73
\skiptext=\skip74
\skiplength=\skip75
\algomargin=\skip76
\skipalgocfslide=\skip77
\algowidth=\dimen302
\inoutsize=\dimen303
\inoutindent=\dimen304
\interspacetitleruled=\dimen305
\interspacealgoruled=\dimen306
\interspacetitleboxruled=\dimen307
\algocf@ruledwidth=\skip78
\algocf@inoutbox=\box118
\algocf@inputbox=\box119
\AlCapSkip=\skip79
\AlCapHSkip=\skip80
\algoskipindent=\skip81
\algocf@nlbox=\box120
\algocf@hangingbox=\box121
\algocf@untilbox=\box122
\algocf@skipuntil=\skip82
\algocf@capbox=\box123
\algocf@lcaptionbox=\skip83
\algoheightruledefault=\skip84
\algoheightrule=\skip85
\algotitleheightruledefault=\skip86
\algotitleheightrule=\skip87
\c@algocfline=\count340
\c@algocfproc=\count341
\c@algocf=\count342
\algocf@algoframe=\box124
\algocf@algobox=\box125
)
(/usr/local/texlive/2020/texmf-dist/tex/latex/algorithms/algorithm.sty
Invalid UTF-8 byte or sequence at line 11 replaced by U+FFFD.
Package: algorithm 2009/08/24 v0.1 Document Style `algorithm' - floating enviro
nment
\@float@every@algorithm=\toks58
\c@algorithm=\count343
)
(/usr/local/texlive/2020/texmf-dist/tex/latex/algorithms/algorithmic.sty
Invalid UTF-8 byte or sequence at line 11 replaced by U+FFFD.
Package: algorithmic 2009/08/24 v0.1 Document Style `algorithmic'
\c@ALC@unique=\count344
\c@ALC@line=\count345
\c@ALC@rem=\count346
\c@ALC@depth=\count347
\ALC@tlm=\skip88
\algorithmicindent=\skip89
)
\c@theorem=\count348
\c@corollary=\count349
\c@definition=\count350
\c@lemma=\count351

No file UPPRESSO_Usenix_backup.aux.
\openout1 = `UPPRESSO_Usenix_backup.aux'.

LaTeX Font Info:    Checking defaults for OML/cmm/m/it on input line 105.
LaTeX Font Info:    ... okay on input line 105.
LaTeX Font Info:    Checking defaults for OMS/pzccm/m/n on input line 105.
LaTeX Font Info:    Trying to load font information for OMS+pzccm on input line
 105.
(/usr/local/texlive/2020/texmf-dist/tex/latex/psnfss/omspzccm.fd
File: omspzccm.fd 2000/01/03 Fontinst v1.801 font definitions for OMS/pzccm.
)
LaTeX Font Info:    ... okay on input line 105.
LaTeX Font Info:    Checking defaults for OT1/cmr/m/n on input line 105.
LaTeX Font Info:    ... okay on input line 105.
LaTeX Font Info:    Checking defaults for T1/cmr/m/n on input line 105.
LaTeX Font Info:    ... okay on input line 105.
LaTeX Font Info:    Checking defaults for TS1/cmr/m/n on input line 105.
LaTeX Font Info:    Trying to load font information for TS1+cmr on input line 1
05.

(/usr/local/texlive/2020/texmf-dist/tex/latex/base/ts1cmr.fd
File: ts1cmr.fd 2019/12/16 v2.5j Standard LaTeX font definitions
)
LaTeX Font Info:    ... okay on input line 105.
LaTeX Font Info:    Checking defaults for TU/lmr/m/n on input line 105.
LaTeX Font Info:    ... okay on input line 105.
LaTeX Font Info:    Checking defaults for OMX/cmex/m/n on input line 105.
LaTeX Font Info:    ... okay on input line 105.
LaTeX Font Info:    Checking defaults for U/cmr/m/n on input line 105.
LaTeX Font Info:    ... okay on input line 105.
LaTeX Font Info:    Checking defaults for PD1/pdf/m/n on input line 105.
LaTeX Font Info:    ... okay on input line 105.
LaTeX Font Info:    Checking defaults for PU/pdf/m/n on input line 105.
LaTeX Font Info:    ... okay on input line 105.
LaTeX Info: Redefining \microtypecontext on input line 105.
Package microtype Info: Character protrusion enabled (level 2).
Package microtype Info: Using default protrusion set `alltext'.
Package microtype Info: No adjustment of tracking.


! Package microtype Error: The spacing feature only works with pdftex 1.40
(microtype)                or newer. Switching it off.

See the microtype package documentation for explanation.
Type  H <return>  for immediate help.
 ...                                              
                                                  
l.105 \begin{document}
                      
Use pdftex instead.


! Package microtype Error: The kerning feature only works with pdftex 1.40
(microtype)                or newer. Switching it off.

See the microtype package documentation for explanation.
Type  H <return>  for immediate help.
 ...                                              
                                                  
l.105 \begin{document}
                      
Use pdftex instead.

(/usr/local/texlive/2020/texmf-dist/tex/latex/microtype/mt-ptm.cfg
File: mt-ptm.cfg 2006/04/20 v1.7 microtype config. file: Times (RS)
)
\AtBeginShipoutBox=\box126
Package hyperref Info: Link coloring ON on input line 105.

(/usr/local/texlive/2020/texmf-dist/tex/latex/hyperref/nameref.sty
Package: nameref 2019/09/16 v2.46 Cross-referencing by name of section

(/usr/local/texlive/2020/texmf-dist/tex/latex/refcount/refcount.sty
Package: refcount 2019/12/15 v3.6 Data extraction from label references (HO)
)
(/usr/local/texlive/2020/texmf-dist/tex/generic/gettitlestring/gettitlestring.s
ty
Package: gettitlestring 2019/12/15 v1.6 Cleanup title references (HO)
)
\c@section@level=\count352
)
LaTeX Info: Redefining \ref on input line 105.
LaTeX Info: Redefining \pageref on input line 105.
LaTeX Info: Redefining \nameref on input line 105.
\@outlinefile=\write4
\openout4 = `UPPRESSO_Usenix_backup.out'.



Package hyperref Warning: Rerun to get /PageLabels entry.

ABD: EveryShipout initializing macros
Package caption Info: Begin \AtBeginDocument code.
Package caption Info: listings package is loaded.
Package caption Info: End \AtBeginDocument code.
\c@lstlisting=\count353
LaTeX Font Info:    Trying to load font information for OT1+ptmcm on input line
 108.

(/usr/local/texlive/2020/texmf-dist/tex/latex/psnfss/ot1ptmcm.fd
File: ot1ptmcm.fd 2000/01/03 Fontinst v1.801 font definitions for OT1/ptmcm.
)
Package microtype Info: Loading generic protrusion settings for font family
(microtype)             `ptmcm' (encoding: OT1).
(microtype)             For optimal results, create family-specific settings.
(microtype)             See the microtype manual for details.
LaTeX Font Info:    Trying to load font information for OML+ptmcm on input line
 108.

(/usr/local/texlive/2020/texmf-dist/tex/latex/psnfss/omlptmcm.fd
File: omlptmcm.fd 2000/01/03 Fontinst v1.801 font definitions for OML/ptmcm.
)
LaTeX Font Info:    Trying to load font information for OMX+psycm on input line
 108.

(/usr/local/texlive/2020/texmf-dist/tex/latex/psnfss/omxpsycm.fd
File: omxpsycm.fd 2000/01/03 Fontinst v1.801 font definitions for OMX/psycm.
)
LaTeX Font Info:    Font shape `OT1/ptm/bx/n' in size <12> not available
(Font)              Font shape `OT1/ptm/b/n' tried instead on input line 108.
LaTeX Font Info:    Font shape `OT1/ptm/bx/n' in size <9> not available
(Font)              Font shape `OT1/ptm/b/n' tried instead on input line 108.
LaTeX Font Info:    Font shape `OT1/ptm/bx/n' in size <7> not available
(Font)              Font shape `OT1/ptm/b/n' tried instead on input line 108.

(/usr/local/texlive/2020/texmf-dist/tex/latex/microtype/mt-msa.cfg
File: mt-msa.cfg 2006/02/04 v1.1 microtype config. file: AMS symbols (a) (RS)
)
(/usr/local/texlive/2020/texmf-dist/tex/latex/microtype/mt-msb.cfg
File: mt-msb.cfg 2005/06/01 v1.0 microtype config. file: AMS symbols (b) (RS)
)

LaTeX Warning: No \author given.

LaTeX Font Info:    Font shape `OT1/ptm/bx/n' in size <10> not available
(Font)              Font shape `OT1/ptm/b/n' tried instead on input line 124.
LaTeX Font Info:    Font shape `OT1/ptm/bx/n' in size <7.4> not available
(Font)              Font shape `OT1/ptm/b/n' tried instead on input line 124.
LaTeX Font Info:    Font shape `OT1/ptm/bx/n' in size <6> not available
(Font)              Font shape `OT1/ptm/b/n' tried instead on input line 124.
(./chap_Compact/introduction.tex
(/usr/local/texlive/2020/texmf-dist/tex/generic/stringenc/se-ascii-print.def
File: se-ascii-print.def 2019/11/29 v1.12 stringenc: Printable ASCII characters

)

LaTeX Warning: Citation `OpenIDConnect' on page 1 undefined on input line 22.


LaTeX Warning: Citation `rfc6749' on page 1 undefined on input line 22.


LaTeX Warning: Citation `SAML' on page 1 undefined on input line 22.


LaTeX Warning: Citation `WangCW12' on page 1 undefined on input line 27.


LaTeX Warning: Citation `ccsSunB12' on page 1 undefined on input line 27.


LaTeX Warning: Citation `SomorovskyMSKJ12' on page 1 undefined on input line 27
.


LaTeX Warning: Citation `ArmandoCCCPS13' on page 1 undefined on input line 27.


LaTeX Warning: Citation `DiscoveringJCS' on page 1 undefined on input line 27.


LaTeX Warning: Citation `dimvaLiM16' on page 1 undefined on input line 27.


LaTeX Warning: Citation `WangZLG16' on page 1 undefined on input line 27.


LaTeX Warning: Citation `MainkaMS16' on page 1 undefined on input line 27.


LaTeX Warning: Citation `MainkaMSW17' on page 1 undefined on input line 27.


LaTeX Warning: Citation `YangLCZ18' on page 1 undefined on input line 27.


LaTeX Warning: Citation `maler2008venn' on page 1 undefined on input line 27.


LaTeX Warning: Citation `NIST2017draft' on page 1 undefined on input line 27.


LaTeX Warning: Citation `BrowserID' on page 1 undefined on input line 27.


LaTeX Warning: Citation `SPRESSO' on page 1 undefined on input line 27.


LaTeX Warning: Reference `fig:OpenID' on page 1 undefined on input line 27.


LaTeX Warning: Citation `BrowserID' on page 1 undefined on input line 31.


LaTeX Warning: Citation `SPRESSO' on page 1 undefined on input line 31.


LaTeX Warning: Citation `Google' on page 1 undefined on input line 31.


LaTeX Warning: Citation `FirefoxAccount' on page 1 undefined on input line 31.


LaTeX Warning: Citation `maler2008venn' on page 1 undefined on input line 31.


LaTeX Warning: Reference `fig:wechat' on page 1 undefined on input line 33.


LaTeX Warning: Citation `Nordic' on page 1 undefined on input line 33.


LaTeX Warning: Citation `Curity' on page 1 undefined on input line 33.


LaTeX Warning: Citation `MS' on page 1 undefined on input line 33.


LaTeX Warning: Citation `Oracle' on page 1 undefined on input line 33.

[1


]

LaTeX Warning: Citation `googlenews' on page 2 undefined on input line 35.


LaTeX Warning: Citation `Onavo' on page 2 undefined on input line 35.


LaTeX Warning: Citation `agrawal2003information' on page 2 undefined on input l
ine 35.


LaTeX Warning: Citation `de2010practical' on page 2 undefined on input line 35.


File: fig/wechat.pdf Graphic file (type pdf)
<use fig/wechat.pdf>

LaTeX Warning: Citation `maler2008venn' on page 2 undefined on input line 51.


LaTeX Warning: Citation `NIST2017draft' on page 2 undefined on input line 51.


LaTeX Warning: Citation `BrowserID' on page 2 undefined on input line 51.


LaTeX Warning: Citation `SPRESSO' on page 2 undefined on input line 51.


LaTeX Warning: Reference `subsec-solutions' on page 2 undefined on input line 5
1.


LaTeX Warning: Reference `sec:privacy' on page 2 undefined on input line 55.

LaTeX Font Info:    Trying to load font information for TS1+ptm on input line 6
5.
(/usr/local/texlive/2020/texmf-dist/tex/latex/psnfss/ts1ptm.fd
File: ts1ptm.fd 2001/06/04 font definitions for TS1/ptm.
)

LaTeX Warning: Citation `GoldwasserK16' on page 2 undefined on input line 69.


LaTeX Warning: Citation `OpenIDConnect' on page 2 undefined on input line 75.


LaTeX Warning: Citation `SPRESSO' on page 2 undefined on input line 75.


Underfull \hbox (badness 2050) in paragraph at lines 75--76
[]\T1/ptm/m/n/10 We com-pare the per-for-mance of our UP-PRESSO
 []


LaTeX Warning: Reference `sec:background' on page 2 undefined on input line 79.



LaTeX Warning: Reference `sec:challenge' on page 2 undefined on input line 79.


LaTeX Warning: Reference `sec:assumptionandthreatmodel' on page 2 undefined on 
input line 79.


LaTeX Warning: Reference `sec:UPPRESSO' on page 2 undefined on input line 79.


LaTeX Warning: Reference `sec:privacy' on page 2 undefined on input line 79.


LaTeX Warning: Reference `sec:formal' on page 2 undefined on input line 79.


LaTeX Warning: Reference `sec:implementation' on page 2 undefined on input line
 79.


LaTeX Warning: Reference `sec:discussion' on page 2 undefined on input line 79.



LaTeX Warning: Reference `sec:related' on page 2 undefined on input line 79.


LaTeX Warning: Reference `sec:conclusion' on page 2 undefined on input line 79.


[2]) (./chap_Compact/background.tex

LaTeX Warning: Citation `OpenIDConnect' on page 3 undefined on input line 9.


LaTeX Warning: Reference `sec:discussion' on page 3 undefined on input line 21.



LaTeX Warning: Reference `fig:OpenID' on page 3 undefined on input line 23.


LaTeX Warning: Citation `DynamicRegistration' on page 3 undefined on input line
 29.


LaTeX Warning: Reference `sec:UPPRESSO' on page 3 undefined on input line 31.

File: fig/OIDC1.pdf Graphic file (type pdf)
<use fig/OIDC1.pdf>

LaTeX Warning: Citation `NIST2017draft' on page 3 undefined on input line 43.


LaTeX Warning: Citation `OpenIDConnect' on page 3 undefined on input line 43.


LaTeX Warning: Citation `SAMLIdentifier' on page 3 undefined on input line 43.


LaTeX Warning: Citation `BrowserID' on page 3 undefined on input line 45.


LaTeX Warning: Citation `SPRESSO' on page 3 undefined on input line 45.


LaTeX Warning: Citation `persona' on page 3 undefined on input line 45.


LaTeX Warning: Citation `FirefoxAccount' on page 3 undefined on input line 45.

) (./chap_Compact/challenges.tex
Underfull \hbox (badness 3364) in paragraph at lines 1--1
|[]\T1/ptm/b/n/12 The Pri-vacy Dilemma and UP-PRESSO
 []


LaTeX Warning: Reference `tbl:notations' on page 3 undefined on input line 5.


LaTeX Warning: Citation `SPRESSO' on page 3 undefined on input line 9.


LaTeX Warning: Citation `ArmandoCCCT08' on page 3 undefined on input line 9.


LaTeX Warning: Citation `FettKS16' on page 3 undefined on input line 9.


LaTeX Warning: Citation `FettKS17' on page 3 undefined on input line 9.


LaTeX Warning: Citation `SomorovskyMSKJ12' on page 3 undefined on input line 9.



LaTeX Warning: Citation `WangCW12' on page 3 undefined on input line 9.


LaTeX Warning: Citation `ArmandoCCCPS13' on page 3 undefined on input line 9.


LaTeX Warning: Citation `ZhouE14' on page 3 undefined on input line 9.


LaTeX Warning: Citation `WangZLLYLG15' on page 3 undefined on input line 9.


LaTeX Warning: Citation `WangZLG16' on page 3 undefined on input line 9.


LaTeX Warning: Citation `YangLLZH16' on page 3 undefined on input line 9.


LaTeX Warning: Citation `MainkaMS16' on page 3 undefined on input line 9.


LaTeX Warning: Citation `MainkaMSW17' on page 3 undefined on input line 9.


LaTeX Warning: Citation `YangLCZ18' on page 3 undefined on input line 9.


LaTeX Warning: Citation `YangLS17' on page 3 undefined on input line 9.


LaTeX Warning: Citation `ShiWL19' on page 3 undefined on input line 9.


LaTeX Warning: Citation `ChenPCTKT14' on page 3 undefined on input line 9.


LaTeX Warning: Citation `ccsSunB12' on page 3 undefined on input line 9.


LaTeX Warning: Citation `DiscoveringJCS' on page 3 undefined on input line 9.


LaTeX Warning: Citation `dimvaLiM16' on page 3 undefined on input line 9.


LaTeX Warning: Citation `CaoSBKVC14' on page 3 undefined on input line 9.


LaTeX Warning: Citation `TowardsShehabM14' on page 3 undefined on input line 9.


[3]

LaTeX Warning: Citation `ChenPCTKT14' on page 4 undefined on input line 12.


LaTeX Warning: Citation `WangCW12' on page 4 undefined on input line 12.


LaTeX Warning: Citation `ccsSunB12' on page 4 undefined on input line 12.


LaTeX Warning: Citation `ArmandoCCCPS13' on page 4 undefined on input line 12.


LaTeX Warning: Citation `DiscoveringJCS' on page 4 undefined on input line 12.


LaTeX Warning: Citation `dimvaLiM16' on page 4 undefined on input line 12.


LaTeX Warning: Citation `WangCW12' on page 4 undefined on input line 13.

LaTeX Font Info:    Font shape `OT1/ptm/bx/n' in size <5> not available
(Font)              Font shape `OT1/ptm/b/n' tried instead on input line 21.

Underfull \hbox (badness 1152) in paragraph at lines 96--96
|[]\T1/ptm/b/n/12 The Pri-vacy Dilemma in SSO Iden-tity
 []


LaTeX Warning: Reference `fig:IDCorrelation' on page 4 undefined on input line 
110.


Underfull \hbox (badness 2772) in paragraph at lines 110--112
[]\T1/ptm/m/n/10 We il-lus-trate the re-la-tion-ships among the iden-ti-ties,
 []


Underfull \hbox (badness 1028) in paragraph at lines 113--114
\T1/ptm/m/n/10 an identifier-transformation prob-lem, which aims to de-
 []

File: fig/IDCorrelation.pdf Graphic file (type pdf)
<use fig/IDCorrelation.pdf>
[4]
Underfull \hbox (badness 10000) in paragraph at lines 124--124
|[]\T1/ptm/b/n/12 The Identifier-Transformation Frame-
 []


Underfull \hbox (badness 1107) in paragraph at lines 176--177
\T1/ptm/m/n/10 formed from $\OML/ptmcm/m/it/10 ID[]$ \T1/ptm/m/n/10 in the iden
-tity proof re-quest. UP-
 []


Underfull \hbox (badness 1127) in paragraph at lines 176--177
\T1/ptm/m/n/10 PRESSO de-signs a novel trapdoor-based trans-for-ma-tion
 []


Underfull \hbox (badness 2865) in paragraph at lines 183--184
\T1/ptm/b/n/10 Trapdoor user iden-ti-fi-ca-tion. \T1/ptm/m/n/10 To pre-vent RP-
based
 []


Underfull \hbox (badness 2980) in paragraph at lines 183--184
\T1/ptm/m/n/10 iden-tity link-age, we de-sign a trans-for-ma-tion func-tion
 []


Underfull \hbox (badness 1354) in paragraph at lines 183--184
\OMS/pzccm/m/n/10 F[]\OT1/ptmcm/m/n/10 (\OML/ptmcm/m/it/10 ID[]; PID[]\OT1/ptmc
m/m/n/10 )$ \T1/ptm/m/n/10 for the IdP to gen-er-ate $\OML/ptmcm/m/it/10 PID[]$
\T1/ptm/m/n/10 .
 []


Underfull \hbox (badness 3449) in paragraph at lines 209--209
|[]\T1/ptm/b/n/12 Existing Privacy-Preserving SSO So-lu-
 []


LaTeX Warning: Citation `OpenIDConnect' on page 5 undefined on input line 210.


LaTeX Warning: Citation `BrowserID' on page 5 undefined on input line 210.


LaTeX Warning: Citation `SPRESSO' on page 5 undefined on input line 210.


LaTeX Warning: Reference `fig:IDCorrelation' on page 5 undefined on input line 
210.


LaTeX Warning: Reference `tbl:compare' on page 5 undefined on input line 210.


Underfull \hbox (badness 1796) in paragraph at lines 249--249
[]\T1/ptm/m/n/10 Table 2: |Identifier-transformation in privacy-preserving
 []

LaTeX Font Info:    Font shape `OT1/ptm/bx/n' in size <8> not available
(Font)              Font shape `OT1/ptm/b/n' tried instead on input line 267.
) (./chap_Compact/threatmodel.tex

LaTeX Warning: Citation `WangZWYH16' on page 5 undefined on input line 31.


LaTeX Warning: Citation `SunCL12' on page 5 undefined on input line 31.

[5]) (./chap_Compact/protocol.tex
Underfull \hbox (badness 10000) in paragraph at lines 8--8
|[]\T1/ptm/b/n/12 Identifier-transformation Func-tions in
 []


LaTeX Warning: Reference `equ:PIDRP' on page 6 undefined on input line 64.


LaTeX Warning: Reference `equ:PIDU' on page 6 undefined on input line 64.


Underfull \hbox (badness 5302) in paragraph at lines 61--66
\T1/ptm/m/n/10 From Equa-tions [] and [], we see that $\OML/ptmcm/m/it/10 PID[]
 \OT1/ptmcm/m/n/10 =
 []


LaTeX Warning: Reference `equ:PIDRP' on page 6 undefined on input line 83.


LaTeX Warning: Reference `equ:PIDU' on page 6 undefined on input line 83.


LaTeX Warning: Reference `equ:Account' on page 6 undefined on input line 83.


LaTeX Warning: Reference `subsec:solutions' on page 6 undefined on input line 1
02.

[6]

LaTeX Warning: Reference `fig:process' on page 7 undefined on input line 159.

File: fig/process-js.pdf Graphic file (type pdf)
<use fig/process-js.pdf>

Package caption Warning: The option `hypcap=true' will be ignored for this
(caption)                particular \caption on input line 174.
See the caption package documentation for explanation.


Underfull \vbox (badness 10000) has occurred while \output is active []


Underfull \vbox (badness 10000) has occurred while \output is active []

Extra height:15.01018pt when 115.50508pt

Underfull \vbox (badness 10000) has occurred while \output is active []


Underfull \vbox (badness 10000) has occurred while \output is active []

Extra height:15.01018pt when 116.50508pt

Underfull \vbox (badness 10000) has occurred while \output is active []


Underfull \vbox (badness 10000) has occurred while \output is active []

Extra height:15.01018pt when 117.50508pt

Underfull \vbox (badness 10000) has occurred while \output is active []


Underfull \vbox (badness 10000) has occurred while \output is active []

Extra height:0.0pt when 118.50508pt

Underfull \vbox (badness 10000) has occurred while \output is active []

(2)Left:118.50508pt Right:111.01018pt Output:118.50508pt
- LAST -
Left:118.50508pt
Right:111.01018pt
Output:118.50508pt

Underfull \vbox (badness 10000) has occurred while \output is active []

 [7]
Underfull \hbox (badness 3417) in paragraph at lines 240--242
[]\T1/ptm/m/n/10 The IdP con-structs and signs the iden-tity proof
 []


LaTeX Warning: Citation `DynamicRegistration' on page 8 undefined on input line
 394.


LaTeX Warning: Reference `sec:discussion' on page 8 undefined on input line 400
.

) (./chap_Compact/privacy.tex

LaTeX Warning: Reference `fig:process' on page 8 undefined on input line 8.

[8]

LaTeX Warning: Citation `GoldwasserK16' on page 9 undefined on input line 10.


Overfull \hbox (10.51967pt too wide) detected at line 19
 []$[]  \OML/ptmcm/m/it/10 Pr\OT1/ptmcm/m/n/10 [\OML/ptmcm/m/it/10 D\OT1/ptmcm/
m/n/10 (\OML/ptmcm/m/it/10 P; aP; bP; abP\OT1/ptmcm/m/n/10 ) = 1] \OMS/pzccm/m/
n/10 ^^@ \OML/ptmcm/m/it/10 Pr\OT1/ptmcm/m/n/10 [\OML/ptmcm/m/it/10 D\OT1/ptmcm
/m/n/10 (\OML/ptmcm/m/it/10 P; aP; bP; cP\OT1/ptmcm/m/n/10 ) = 1] = \OML/ptmcm/
m/it/10 ^^[\OT1/ptmcm/m/n/10 (\OML/ptmcm/m/it/10 n\OT1/ptmcm/m/n/10 )  $ 
 []


LaTeX Warning: Reference `fig:game' on page 9 undefined on input line 24.

File: fig/game.pdf Graphic file (type pdf)
<use fig/game.pdf>

Package caption Warning: The option `hypcap=true' will be ignored for this
(caption)                particular \caption on input line 30.
See the caption package documentation for explanation.


Underfull \vbox (badness 10000) has occurred while \output is active []


Underfull \vbox (badness 10000) has occurred while \output is active []

Extra height:14.89024pt when 164.09985pt

Underfull \vbox (badness 10000) has occurred while \output is active []


Underfull \vbox (badness 10000) has occurred while \output is active []

Extra height:14.89024pt when 165.09985pt

Underfull \vbox (badness 10000) has occurred while \output is active []

Extra height:0.0pt when 166.09985pt
(2)Left:166.09985pt Right:160.1997pt Output:166.09985pt
- LAST -
Left:166.09985pt
Right:160.1997pt
Output:166.09985pt


LaTeX Warning: Reference `tbl:notations' on page 9 undefined on input line 38.


LaTeX Warning: Reference `fig:game' on page 9 undefined on input line 46.

Package microtype Info: Loading generic protrusion settings for font family
(microtype)             `cmtt' (encoding: OT1).
(microtype)             For optimal results, create family-specific settings.
(microtype)             See the microtype manual for details.

Underfull \vbox (badness 5388) has occurred while \output is active []


Underfull \vbox (badness 10000) has occurred while \output is active []

 [9]

LaTeX Warning: Reference `fig:dalgorithm' on page 10 undefined on input line 71
.

File: fig/dalgorithm.pdf Graphic file (type pdf)
<use fig/dalgorithm.pdf>
) (./chap_Compact/webmodel.tex

LaTeX Warning: Citation `SPRESSO' on page 10 undefined on input line 5.


LaTeX Warning: Citation `FettKS16' on page 10 undefined on input line 5.


LaTeX Warning: Citation `FettKS17' on page 10 undefined on input line 5.


LaTeX Warning: Citation `SPRESSO' on page 10 undefined on input line 5.


LaTeX Warning: Citation `SPRESSO' on page 10 undefined on input line 8.


LaTeX Warning: Citation `SPRESSO' on page 10 undefined on input line 8.


Underfull \hbox (badness 1715) in paragraph at lines 24--25
\T1/ptm/m/n/10 the browser to pro-vide server-defined func-tions to the
 []

[10]
LaTeX Font Info:    Font shape `T1/phv/m/n' will be
(Font)              scaled to size 8.99994pt on input line 73.
Package microtype Info: Loading generic protrusion settings for font family
(microtype)             `phv' (encoding: T1).
(microtype)             For optimal results, create family-specific settings.
(microtype)             See the microtype manual for details.

Underfull \hbox (badness 1521) in paragraph at lines 89--94
\T1/ptm/m/n/10 sary may be the most no-tice-able ques-tion for read-ers.
 []


Underfull \hbox (badness 1178) in paragraph at lines 89--94
\T1/ptm/m/n/10 For ex-am-ple, the ad-ver-sary may try to make the con-
 []


LaTeX Warning: Reference `subsec:webmodel' on page 11 undefined on input line 9
9.


LaTeX Warning: Reference `subsec:basicrequirements' on page 11 undefined on inp
ut line 110.


LaTeX Warning: Reference `lemma:password' on page 11 undefined on input line 16
4.


LaTeX Warning: Reference `lemma:unforged' on page 11 undefined on input line 16
4.


LaTeX Warning: Reference `lemma:password' on page 11 undefined on input line 16
4.


LaTeX Warning: Reference `lemma:unforged' on page 11 undefined on input line 16
4.


LaTeX Warning: Reference `lemma:token' on page 11 undefined on input line 173.

[11]

LaTeX Warning: Reference `def:secure' on page 12 undefined on input line 189.


LaTeX Warning: Reference `the:secure' on page 12 undefined on input line 189.

) (./chap_Compact/implementation.tex
Underfull \hbox (badness 1895) in paragraph at lines 3--4
\T1/ptm/m/n/10 u-ated its per-for-mance by com-par-ing with the orig-i-nal
 []


LaTeX Warning: Citation `MITREid' on page 12 undefined on input line 15.


LaTeX Warning: Citation `OIDF' on page 12 undefined on input line 15.


Underfull \hbox (badness 1199) in paragraph at lines 14--20
\T1/ptm/m/n/10 PRESSO IdP is im-ple-mented based on MITREid Con-
 []


LaTeX Warning: Citation `jsrsasign' on page 12 undefined on input line 24.

) (./chap_Compact/evaluation.tex

LaTeX Warning: Citation `MITREid' on page 12 undefined on input line 23.


LaTeX Warning: Citation `SPRESSO' on page 12 undefined on input line 23.


LaTeX Warning: Citation `MITREid' on page 12 undefined on input line 24.


LaTeX Warning: Citation `SPRESSO' on page 12 undefined on input line 24.


LaTeX Warning: Reference `fig:process' on page 12 undefined on input line 30.


LaTeX Warning: Reference `fig:process' on page 12 undefined on input line 31.


LaTeX Warning: Reference `fig:process' on page 12 undefined on input line 32.


LaTeX Warning: Reference `fig:evaluation' on page 12 undefined on input line 36
.

File: fig/evaluation2.pdf Graphic file (type pdf)
<use fig/evaluation2.pdf>
[12]) (./chap_Compact/discussion.tex
Underfull \hbox (badness 10000) in paragraph at lines 27--30
\T1/ptm/m/n/10 preserving func-tions $\OMS/pzccm/m/n/10 F[]$\T1/ptm/m/n/10 , $\
OMS/pzccm/m/n/10 F[]$ \T1/ptm/m/n/10 and
 []


Underfull \hbox (badness 2762) in paragraph at lines 27--30
\OMS/pzccm/m/n/10 F[]$ \T1/ptm/m/n/10 can be in-te-grated into OIDC au-tho-riza
-
 []


LaTeX Warning: Citation `rfc6962' on page 13 undefined on input line 63.


LaTeX Warning: Citation `SPRESSO' on page 13 undefined on input line 63.


LaTeX Warning: Citation `rfc6962' on page 13 undefined on input line 63.


LaTeX Warning: Citation `SPRESSO' on page 13 undefined on input line 63.

) (./chap_Compact/relatedwork.tex

LaTeX Warning: Citation `aubry2004esup' on page 13 undefined on input line 3.


LaTeX Warning: Citation `Kerberos' on page 13 undefined on input line 3.


LaTeX Warning: Citation `Shibboleth' on page 13 undefined on input line 4.


Underfull \hbox (badness 2865) in paragraph at lines 3--6
\T1/ptm/m/n/10 Various SSO pro-to-cols have been pro-posed, such as,
 []


LaTeX Warning: Citation `NIST2017draft' on page 13 undefined on input line 13.


LaTeX Warning: Citation `SAML' on page 13 undefined on input line 14.


LaTeX Warning: Citation `OpenIDConnect' on page 13 undefined on input line 14.


LaTeX Warning: Citation `SPRESSO' on page 13 undefined on input line 14.


LaTeX Warning: Citation `BrowserID' on page 13 undefined on input line 14.


LaTeX Warning: Citation `persona' on page 13 undefined on input line 15.


LaTeX Warning: Citation `FirefoxAccount' on page 13 undefined on input line 15.



LaTeX Warning: Citation `FettKS14' on page 13 undefined on input line 15.


LaTeX Warning: Citation `BrowserID' on page 13 undefined on input line 15.


LaTeX Warning: Citation `FettKS17' on page 13 undefined on input line 16.


Underfull \hbox (badness 2932) in paragraph at lines 9--18
\T1/ptm/b/n/10 Privacy-preserving SSO sys-tems. \T1/ptm/m/n/10 As sug-gested by

 []


Underfull \hbox (badness 1590) in paragraph at lines 9--18
\T1/ptm/m/n/10 BrowserID is adopted in Per-sona [\T1/ptm/b/n/10 ?\T1/ptm/m/n/10
 ] and Fire-fox Ac-
 []


LaTeX Warning: Citation `ElmuftiWRR08' on page 13 undefined on input line 22.


LaTeX Warning: Citation `WangWS13' on page 13 undefined on input line 23.


LaTeX Warning: Citation `WangWS13' on page 13 undefined on input line 24.


LaTeX Warning: Citation `HanCSTW18' on page 13 undefined on input line 24.


LaTeX Warning: Citation `FettKS16' on page 13 undefined on input line 34.


LaTeX Warning: Citation `FettKS17' on page 13 undefined on input line 34.


LaTeX Warning: Citation `FettKS14' on page 13 undefined on input line 34.


LaTeX Warning: Citation `FettKS16' on page 13 undefined on input line 38.


LaTeX Warning: Citation `FettKS17' on page 13 undefined on input line 38.


LaTeX Warning: Citation `ArmandoCCCT08' on page 13 undefined on input line 39.


LaTeX Warning: Citation `WangCW12' on page 13 undefined on input line 50.


LaTeX Warning: Citation `ccsSunB12' on page 13 undefined on input line 50.


LaTeX Warning: Citation `ArmandoCCCPS13' on page 13 undefined on input line 50.



LaTeX Warning: Citation `DiscoveringJCS' on page 13 undefined on input line 50.



LaTeX Warning: Citation `dimvaLiM16' on page 13 undefined on input line 50.


LaTeX Warning: Citation `WangCW12' on page 13 undefined on input line 50.


LaTeX Warning: Citation `SomorovskyMSKJ12' on page 13 undefined on input line 5
0.


LaTeX Warning: Citation `WangZLG16' on page 13 undefined on input line 50.


LaTeX Warning: Citation `MainkaMS16' on page 13 undefined on input line 50.


LaTeX Warning: Citation `MainkaMSW17' on page 13 undefined on input line 50.


LaTeX Warning: Citation `dimvaLiM16' on page 13 undefined on input line 50.


LaTeX Warning: Citation `WangZLG16' on page 13 undefined on input line 50.


LaTeX Warning: Citation `MainkaMS16' on page 13 undefined on input line 50.


LaTeX Warning: Citation `MainkaMSW17' on page 13 undefined on input line 50.


LaTeX Warning: Citation `YangLCZ18' on page 13 undefined on input line 50.


LaTeX Warning: Citation `dimvaLiM16' on page 13 undefined on input line 50.


LaTeX Warning: Citation `WangCW12' on page 13 undefined on input line 50.


LaTeX Warning: Citation `ArmandoCCCPS13' on page 13 undefined on input line 51.



LaTeX Warning: Citation `SomorovskyMSKJ12' on page 13 undefined on input line 5
2.


LaTeX Warning: Citation `WangCW12' on page 13 undefined on input line 52.


LaTeX Warning: Citation `WangZLG16' on page 13 undefined on input line 52.


LaTeX Warning: Citation `MainkaMS16' on page 13 undefined on input line 52.


LaTeX Warning: Citation `MainkaMSW17' on page 13 undefined on input line 52.


LaTeX Warning: Citation `SomorovskyMSKJ12' on page 13 undefined on input line 5
3.


LaTeX Warning: Citation `WangCW12' on page 13 undefined on input line 53.


LaTeX Warning: Citation `WangZLG16' on page 13 undefined on input line 53.


LaTeX Warning: Citation `MainkaMSW17' on page 13 undefined on input line 53.


LaTeX Warning: Citation `MainkaMS16' on page 13 undefined on input line 53.


LaTeX Warning: Citation `MainkaMSW17' on page 13 undefined on input line 53.


LaTeX Warning: Citation `CaoSBKVC14' on page 13 undefined on input line 54.


LaTeX Warning: Citation `YangLCZ18' on page 13 undefined on input line 55.


LaTeX Warning: Citation `WangZLG16' on page 13 undefined on input line 55.


LaTeX Warning: Citation `MainkaMS16' on page 13 undefined on input line 55.


LaTeX Warning: Citation `MainkaMSW17' on page 13 undefined on input line 55.


LaTeX Warning: Citation `YangLCZ18' on page 13 undefined on input line 55.


LaTeX Warning: Citation `ZhouE14' on page 13 undefined on input line 56.


LaTeX Warning: Citation `YangLLZH16' on page 13 undefined on input line 56.


LaTeX Warning: Citation `YangLCZ18' on page 13 undefined on input line 56.

[13]) (./chap_Compact/conclusion.tex)
No file UPPRESSO_Usenix_backup.bbl.
(./chap_Compact/appendix.tex
Underfull \hbox (badness 1043) in paragraph at lines 45--46
[]$[]$ \T1/ptm/m/n/10 con-tains the pa-ram-e-ters car-ried by the
 []


Underfull \hbox (badness 4832) in paragraph at lines 45--46
\T1/ptm/m/n/10 url as the form $[]$,
 []


Underfull \hbox (badness 10000) in paragraph at lines 45--46
\T1/ptm/m/n/10 for ex-am-ple, the $[]$ in the url
 []


Underfull \hbox (badness 10000) in paragraph at lines 45--46
[]$ \T1/ptm/m/n/10 is
 []


Underfull \hbox (badness 10000) in paragraph at lines 47--48
[]$[]$ \T1/ptm/m/n/10 is the body con-tent car-ried by HTTP
 []


Underfull \hbox (badness 10000) in paragraph at lines 47--48
[]$ \T1/ptm/m/n/10 re-quest or HTTP re-sponse in the form
 []


Underfull \hbox (badness 1102) in paragraph at lines 57--59
\T1/ptm/b/n/10 POSTMESSAGE\T1/ptm/m/n/10 . PostMes-sage is used in the browser
 []


Underfull \hbox (badness 6708) in paragraph at lines 57--59
\T1/ptm/m/n/10 for trans-mit-ting mes-sages be-tween scripts from dif-
 []


Underfull \hbox (badness 4316) in paragraph at lines 57--59
\T1/ptm/m/n/10 fer-ent ori-gins. We de-fine the postMes-sage as the
 []


Underfull \hbox (badness 10000) in paragraph at lines 57--59
\T1/ptm/m/n/10 form $[]$, where
 []


Underfull \hbox (badness 1303) in paragraph at lines 57--59
\T1/ptm/m/n/10 which stands for the re-ceiver, $[]$ is the mes-sage
 []

[14]
Underfull \hbox (badness 10000) in paragraph at lines 67--68
[]\T1/ptm/b/n/10 Dictionary Data \T1/ptm/m/n/10 is the data in the form
 []


Underfull \hbox (badness 10000) in paragraph at lines 67--68
[]$\T1/ptm/m/n/10 , for in-
 []


Underfull \hbox (badness 10000) in paragraph at lines 67--68
\T1/ptm/m/n/10 stance the $[]$ in HTTP re-quest is dic-
 []


Underfull \hbox (badness 10000) in paragraph at lines 67--68
\T1/ptm/m/n/10 tio-nary data. We as-sume there is a
 []


Underfull \hbox (badness 10000) in paragraph at lines 67--68
[]$\T1/ptm/m/n/10 , here
 []


Underfull \hbox (badness 2478) in paragraph at lines 67--68
\T1/ptm/m/n/10 we de-fine the op-er-a-tion on the $\OML/ptmcm/m/it/10 body$\T1/
ptm/m/n/10 . That is,
 []


Underfull \hbox (badness 1436) in paragraph at lines 67--68
\T1/ptm/m/n/10 we can ac-cess the el-e-ments in $[]$ in the form
 []


Underfull \hbox (badness 10000) in paragraph at lines 67--68
[]$\T1/ptm/m/n/10 , such that $[]$
 []


Underfull \hbox (badness 1082) in paragraph at lines 67--68
\T1/ptm/m/n/10 and $[]$. We can also add the
 []


Underfull \hbox (badness 2753) in paragraph at lines 67--68
\T1/ptm/m/n/10 new at-tributes to the dic-tio-nary, for ex-am-ple af-
 []


Underfull \hbox (badness 1248) in paragraph at lines 67--68
\T1/ptm/m/n/10 ter we set $[]$, the $[]$ are changed
 []


Underfull \hbox (badness 6047) in paragraph at lines 78--79
\T1/ptm/b/n/10 Window\T1/ptm/m/n/10 . A win-dow $[]$ is a term of the form
 []

[15]
Underfull \hbox (badness 2818) in paragraph at lines 113--114
[]$[]$ \T1/ptm/m/n/10 is the set of user's in-for-ma-tion, in-clud-ing
 []


Underfull \hbox (badness 1910) in paragraph at lines 118--119
\T1/ptm/m/n/10 To make the de-scrip-tion clearer, we also pro-vide the
 []


LaTeX Warning: Reference `alg1' on page 16 undefined on input line 129.


LaTeX Warning: Reference `ape:alg' on page 16 undefined on input line 129.


Underfull \hbox (badness 5832) in paragraph at lines 136--137
\T1/ptm/m/n/10 The state of RP server pro-cess is a term in the
 []


Underfull \hbox (badness 1314) in paragraph at lines 139--140
[]$[]$ \T1/ptm/m/n/10 is the IdP signed RP in-for-ma-tion con-tain-ing
 []


Underfull \hbox (badness 4686) in paragraph at lines 148--149
[]$[]$ \T1/ptm/m/n/10 add the new user with
 []


LaTeX Warning: Reference `alg2' on page 16 undefined on input line 150.


LaTeX Warning: Reference `ape:alg' on page 16 undefined on input line 150.


LaTeX Warning: Reference `ape:alg' on page 16 undefined on input line 170.


LaTeX Warning: Reference `alg3' on page 16 undefined on input line 170.


LaTeX Warning: Reference `ape:alg' on page 16 undefined on input line 180.


LaTeX Warning: Reference `alg4' on page 16 undefined on input line 180.


LaTeX Warning: Reference `the:secure' on page 16 undefined on input line 184.

\c@redef=\count354
\c@req=\count355
\c@relemma=\count356
[16]

LaTeX Warning: Reference `def:secure' on page 17 undefined on input line 193.


LaTeX Warning: Reference `the:secure' on page 17 undefined on input line 197.


LaTeX Warning: Reference `def:secure' on page 17 undefined on input line 197.


LaTeX Warning: Reference `def:secure' on page 17 undefined on input line 197.


LaTeX Warning: Reference `req:cookie1' on page 17 undefined on input line 212.


LaTeX Warning: Reference `req:cookie1' on page 17 undefined on input line 212.


LaTeX Warning: Reference `alg4' on page 17 undefined on input line 223.


LaTeX Warning: Reference `alg2' on page 17 undefined on input line 224.


LaTeX Warning: Reference `rel:cookie' on page 17 undefined on input line 226.


LaTeX Warning: Reference `req:cookie2' on page 17 undefined on input line 229.


LaTeX Warning: Reference `alg2' on page 17 undefined on input line 229.


LaTeX Warning: Reference `rel:cookie' on page 17 undefined on input line 241.


LaTeX Warning: Reference `alg4' on page 17 undefined on input line 243.


LaTeX Warning: Reference `alg2' on page 17 undefined on input line 244.


LaTeX Warning: Reference `alg3' on page 17 undefined on input line 245.


LaTeX Warning: Reference `alg1' on page 17 undefined on input line 245.


LaTeX Warning: Reference `alg1' on page 17 undefined on input line 246.


Underfull \hbox (badness 1259) in paragraph at lines 256--257
[]\T1/ptm/m/n/10 The IdP-issued proofs in-clude the $[]$ used in
 []


LaTeX Warning: Reference `alg3' on page 17 undefined on input line 258.


LaTeX Warning: Reference `alg3' on page 17 undefined on input line 259.

[17]

LaTeX Warning: Reference `alg2' on page 18 undefined on input line 260.


LaTeX Warning: Reference `alg2' on page 18 undefined on input line 261.


LaTeX Warning: Reference `red:token' on page 18 undefined on input line 266.


LaTeX Warning: Reference `alg2' on page 18 undefined on input line 273.


LaTeX Warning: Reference `alg4' on page 18 undefined on input line 274.


LaTeX Warning: Reference `alg1' on page 18 undefined on input line 275.


LaTeX Warning: Reference `alg1' on page 18 undefined on input line 276.


LaTeX Warning: Reference `alg3' on page 18 undefined on input line 276.


LaTeX Warning: Reference `alg2' on page 18 undefined on input line 276.


LaTeX Warning: Reference `alg1' on page 18 undefined on input line 276.


LaTeX Warning: Reference `red:token' on page 18 undefined on input line 280.


LaTeX Warning: Reference `req:cookie2' on page 18 undefined on input line 280.


LaTeX Warning: Reference `req:cookie3' on page 18 undefined on input line 282.


LaTeX Warning: Reference `red:token' on page 18 undefined on input line 282.


LaTeX Warning: Reference `alg1' on page 18 undefined on input line 289.


LaTeX Warning: Reference `alg2' on page 18 undefined on input line 290.


LaTeX Warning: Reference `alg4' on page 18 undefined on input line 291.

[18]

LaTeX Warning: Reference `alg3' on page 19 undefined on input line 292.


LaTeX Warning: Reference `alg2' on page 19 undefined on input line 293.


LaTeX Warning: Reference `alg1' on page 19 undefined on input line 293.


LaTeX Warning: Reference `alg3' on page 19 undefined on input line 293.


LaTeX Warning: Reference `req:cookie3' on page 19 undefined on input line 299.


LaTeX Warning: Reference `the:secure' on page 19 undefined on input line 299.

[19

]
Package hyperref Info: bookmark level for unknown algorithm defaults to 0 on in
put line 368.

Underfull \vbox (badness 4242) has occurred while \output is active []

 [20

]
[21]
Underfull \vbox (badness 10000) has occurred while \output is active []

 [22]
[23]
Underfull \vbox (badness 10000) has occurred while \output is active []

 [24]
[25]) [26]
Package atveryend Info: Empty hook `BeforeClearDocument' on input line 291.
Package atveryend Info: Empty hook `AfterLastShipout' on input line 291.
 (./UPPRESSO_Usenix_backup.aux)
Package atveryend Info: Empty hook `AtVeryEndDocument' on input line 291.
Package atveryend Info: Executing hook `AtEndAfterFileList' on input line 291.


Package rerunfilecheck Warning: File `UPPRESSO_Usenix_backup.out' has changed.
(rerunfilecheck)                Rerun to get outlines right
(rerunfilecheck)                or use package `bookmark'.

Package rerunfilecheck Info: Checksums for `UPPRESSO_Usenix_backup.out':
(rerunfilecheck)             Before: <no file>
(rerunfilecheck)             After:  19DD8630143160BEACF3414BC027AB27;2933.

LaTeX Warning: There were undefined references.


LaTeX Warning: Label(s) may have changed. Rerun to get cross-references right.

Package atveryend Info: Empty hook `AtVeryVeryEnd' on input line 291.
 ) 
Here is how much of TeX's memory you used:
 27004 strings out of 479418
 479772 string characters out of 5884586
 848360 words of memory out of 5000000
 43976 multiletter control sequences out of 15000+600000
 588721 words of font info for 113 fonts, out of 8000000 for 9000
 1351 hyphenation exceptions out of 8191
 60i,13n,96p,1713b,881s stack positions out of 5000i,500n,10000p,200000b,80000s

Output written on UPPRESSO_Usenix_backup.pdf (26 pages).
