This is pdfTeX, Version 3.14159265-2.6-1.40.21 (TeX Live 2020) (preloaded format=pdflatex 2020.5.6)  20 JAN 2021 16:49
entering extended mode
 restricted \write18 enabled.
 %&-line parsing enabled.
**UPPRESSO_NDSS.tex
(./UPPRESSO_NDSS.tex
LaTeX2e <2020-02-02> patch level 5
L3 programming layer <2020-03-06> (./IEEEtran.cls
Document Class: IEEEtran 2012/11/21 V1.8c by Harald Hanche-Olsen and Anders Chr
istensen
-- Based on V1.7a by Michael Shell
-- See the "IEEEtran_HOWTO" manual for usage information.
-- http://www.michaelshell.org/tex/ieeetran/
\@IEEEtrantmpdimenA=\dimen134
\@IEEEtrantmpdimenB=\dimen135
\@IEEEtrantmpcountA=\count167
\@IEEEtrantmpcountB=\count168
\@IEEEtrantmptoksA=\toks15
LaTeX Font Info:    Trying to load font information for OT1+ptm on input line 3
74.
(/usr/local/texlive/2020/texmf-dist/tex/latex/psnfss/ot1ptm.fd
File: ot1ptm.fd 2001/06/04 font definitions for OT1/ptm.
)
-- Using 8.5in x 11in (letter) paper.
-- Using PDF output.
\@IEEEnormalsizeunitybaselineskip=\dimen136
-- This is a 10 point document.
\CLASSINFOnormalsizebaselineskip=\dimen137
\CLASSINFOnormalsizeunitybaselineskip=\dimen138
\IEEEnormaljot=\dimen139
LaTeX Font Info:    Font shape `OT1/ptm/bx/n' in size <5> not available
(Font)              Font shape `OT1/ptm/b/n' tried instead on input line 732.
LaTeX Font Info:    Font shape `OT1/ptm/bx/it' in size <5> not available
(Font)              Font shape `OT1/ptm/b/it' tried instead on input line 732.
LaTeX Font Info:    Font shape `OT1/ptm/bx/n' in size <7> not available
(Font)              Font shape `OT1/ptm/b/n' tried instead on input line 732.
LaTeX Font Info:    Font shape `OT1/ptm/bx/it' in size <7> not available
(Font)              Font shape `OT1/ptm/b/it' tried instead on input line 732.
LaTeX Font Info:    Font shape `OT1/ptm/bx/n' in size <8> not available
(Font)              Font shape `OT1/ptm/b/n' tried instead on input line 732.
LaTeX Font Info:    Font shape `OT1/ptm/bx/it' in size <8> not available
(Font)              Font shape `OT1/ptm/b/it' tried instead on input line 732.
LaTeX Font Info:    Font shape `OT1/ptm/bx/n' in size <9> not available
(Font)              Font shape `OT1/ptm/b/n' tried instead on input line 732.
LaTeX Font Info:    Font shape `OT1/ptm/bx/it' in size <9> not available
(Font)              Font shape `OT1/ptm/b/it' tried instead on input line 732.
LaTeX Font Info:    Font shape `OT1/ptm/bx/n' in size <10> not available
(Font)              Font shape `OT1/ptm/b/n' tried instead on input line 732.
LaTeX Font Info:    Font shape `OT1/ptm/bx/it' in size <10> not available
(Font)              Font shape `OT1/ptm/b/it' tried instead on input line 732.
LaTeX Font Info:    Font shape `OT1/ptm/bx/n' in size <11> not available
(Font)              Font shape `OT1/ptm/b/n' tried instead on input line 732.
LaTeX Font Info:    Font shape `OT1/ptm/bx/it' in size <11> not available
(Font)              Font shape `OT1/ptm/b/it' tried instead on input line 732.
LaTeX Font Info:    Font shape `OT1/ptm/bx/n' in size <12> not available
(Font)              Font shape `OT1/ptm/b/n' tried instead on input line 732.
LaTeX Font Info:    Font shape `OT1/ptm/bx/it' in size <12> not available
(Font)              Font shape `OT1/ptm/b/it' tried instead on input line 732.
LaTeX Font Info:    Font shape `OT1/ptm/bx/n' in size <17> not available
(Font)              Font shape `OT1/ptm/b/n' tried instead on input line 732.
LaTeX Font Info:    Font shape `OT1/ptm/bx/it' in size <17> not available
(Font)              Font shape `OT1/ptm/b/it' tried instead on input line 732.
LaTeX Font Info:    Font shape `OT1/ptm/bx/n' in size <20> not available
(Font)              Font shape `OT1/ptm/b/n' tried instead on input line 732.
LaTeX Font Info:    Font shape `OT1/ptm/bx/it' in size <20> not available
(Font)              Font shape `OT1/ptm/b/it' tried instead on input line 732.
LaTeX Font Info:    Font shape `OT1/ptm/bx/n' in size <24> not available
(Font)              Font shape `OT1/ptm/b/n' tried instead on input line 732.
LaTeX Font Info:    Font shape `OT1/ptm/bx/it' in size <24> not available
(Font)              Font shape `OT1/ptm/b/it' tried instead on input line 732.
\IEEEilabelindentA=\dimen140
\IEEEilabelindentB=\dimen141
\IEEEilabelindent=\dimen142
\IEEEelabelindent=\dimen143
\IEEEdlabelindent=\dimen144
\IEEElabelindent=\dimen145
\IEEEiednormlabelsep=\dimen146
\IEEEiedmathlabelsep=\dimen147
\IEEEiedtopsep=\skip47
\c@section=\count169
\c@subsection=\count170
\c@subsubsection=\count171
\c@paragraph=\count172
\c@IEEEsubequation=\count173
\abovecaptionskip=\skip48
\belowcaptionskip=\skip49
\c@figure=\count174
\c@table=\count175
\@IEEEeqnnumcols=\count176
\@IEEEeqncolcnt=\count177
\@IEEEtmpitemindent=\dimen148
\c@IEEEbiography=\count178
\@IEEEtranrubishbin=\box45
) (/usr/local/texlive/2020/texmf-dist/tex/latex/graphics/graphicx.sty
Package: graphicx 2019/11/30 v1.2a Enhanced LaTeX Graphics (DPC,SPQR)

(/usr/local/texlive/2020/texmf-dist/tex/latex/graphics/keyval.sty
Package: keyval 2014/10/28 v1.15 key=value parser (DPC)
\KV@toks@=\toks16
)
(/usr/local/texlive/2020/texmf-dist/tex/latex/graphics/graphics.sty
Package: graphics 2019/11/30 v1.4a Standard LaTeX Graphics (DPC,SPQR)

(/usr/local/texlive/2020/texmf-dist/tex/latex/graphics/trig.sty
Package: trig 2016/01/03 v1.10 sin cos tan (DPC)
)
(/usr/local/texlive/2020/texmf-dist/tex/latex/graphics-cfg/graphics.cfg
File: graphics.cfg 2016/06/04 v1.11 sample graphics configuration
)
Package graphics Info: Driver file: pdftex.def on input line 105.

(/usr/local/texlive/2020/texmf-dist/tex/latex/graphics-def/pdftex.def
File: pdftex.def 2018/01/08 v1.0l Graphics/color driver for pdftex
))
\Gin@req@height=\dimen149
\Gin@req@width=\dimen150
)
(/usr/local/texlive/2020/texmf-dist/tex/latex/tools/verbatim.sty
Package: verbatim 2019/11/10 v1.5r LaTeX2e package for verbatim enhancements
\every@verbatim=\toks17
\verbatim@line=\toks18
\verbatim@in@stream=\read2
)
(/usr/local/texlive/2020/texmf-dist/tex/latex/caption/caption.sty
Package: caption 2020/01/03 v3.4h Customizing captions (AR)

(/usr/local/texlive/2020/texmf-dist/tex/latex/caption/caption3.sty
Package: caption3 2020/01/03 v1.8h caption3 kernel (AR)
Package caption3 Info: TeX engine: e-TeX on input line 61.
\captionmargin=\dimen151
\captionmargin@=\dimen152
\captionwidth=\dimen153
\caption@tempdima=\dimen154
\caption@indent=\dimen155
\caption@parindent=\dimen156
\caption@hangindent=\dimen157
Package caption Info: Unknown document class (or package),
(caption)             standard defaults will be used.
Package caption Info: \@makecaption = \long macro:#1#2->\ifx \@captype \@IEEEta
blestring \footnotesize {\centering \normalfont \footnotesize #1.\qquad \scshap
e #2\par }\@IEEEtablecaptionsepspace \else \@IEEEfigurecaptionsepspace \setbox 
\@tempboxa \hbox {\normalfont \footnotesize {#1.}~~ #2}\ifdim \wd \@tempboxa >\
hsize \setbox \@tempboxa \hbox {\normalfont \footnotesize {#1.}~~ }\parbox [t]{
\hsize }{\normalfont \footnotesize \noindent \unhbox \@tempboxa #2}\else \ifCLA
SSOPTIONconference \hbox to\hsize {\normalfont \footnotesize \box \@tempboxa \h
fil }\else \hbox to\hsize {\normalfont \footnotesize \box \@tempboxa \hfil }\fi
 \fi \fi  on input line 1082.
)

Package caption Warning: Unknown document class (or package),
(caption)                standard defaults will be used.
See the caption package documentation for explanation.

\c@caption@flags=\count179
\c@continuedfloat=\count180
) (/usr/local/texlive/2020/texmf-dist/tex/latex/amsmath/amsmath.sty
Package: amsmath 2020/01/20 v2.17e AMS math features
\@mathmargin=\skip50

For additional information on amsmath, use the `?' option.
(/usr/local/texlive/2020/texmf-dist/tex/latex/amsmath/amstext.sty
Package: amstext 2000/06/29 v2.01 AMS text

(/usr/local/texlive/2020/texmf-dist/tex/latex/amsmath/amsgen.sty
File: amsgen.sty 1999/11/30 v2.0 generic functions
\@emptytoks=\toks19
\ex@=\dimen158
))
(/usr/local/texlive/2020/texmf-dist/tex/latex/amsmath/amsbsy.sty
Package: amsbsy 1999/11/29 v1.2d Bold Symbols
\pmbraise@=\dimen159
)
(/usr/local/texlive/2020/texmf-dist/tex/latex/amsmath/amsopn.sty
Package: amsopn 2016/03/08 v2.02 operator names
)
\inf@bad=\count181
LaTeX Info: Redefining \frac on input line 227.
\uproot@=\count182
\leftroot@=\count183
LaTeX Info: Redefining \overline on input line 389.
\classnum@=\count184
\DOTSCASE@=\count185
LaTeX Info: Redefining \ldots on input line 486.
LaTeX Info: Redefining \dots on input line 489.
LaTeX Info: Redefining \cdots on input line 610.
\Mathstrutbox@=\box46
\strutbox@=\box47
\big@size=\dimen160
LaTeX Font Info:    Redeclaring font encoding OML on input line 733.
LaTeX Font Info:    Redeclaring font encoding OMS on input line 734.
\macc@depth=\count186
\c@MaxMatrixCols=\count187
\dotsspace@=\muskip16
\c@parentequation=\count188
\dspbrk@lvl=\count189
\tag@help=\toks20
\row@=\count190
\column@=\count191
\maxfields@=\count192
\andhelp@=\toks21
\eqnshift@=\dimen161
\alignsep@=\dimen162
\tagshift@=\dimen163
\tagwidth@=\dimen164
\totwidth@=\dimen165
\lineht@=\dimen166
\@envbody=\toks22
\multlinegap=\skip51
\multlinetaggap=\skip52
\mathdisplay@stack=\toks23
LaTeX Info: Redefining \[ on input line 2859.
LaTeX Info: Redefining \] on input line 2860.
)
(/usr/local/texlive/2020/texmf-dist/tex/latex/amsfonts/amssymb.sty
Package: amssymb 2013/01/14 v3.01 AMS font symbols

(/usr/local/texlive/2020/texmf-dist/tex/latex/amsfonts/amsfonts.sty
Package: amsfonts 2013/01/14 v3.01 Basic AMSFonts support
\symAMSa=\mathgroup4
\symAMSb=\mathgroup5
LaTeX Font Info:    Redeclaring math symbol \hbar on input line 98.
LaTeX Font Info:    Overwriting math alphabet `\mathfrak' in version `bold'
(Font)                  U/euf/m/n --> U/euf/b/n on input line 106.
))
(/usr/local/texlive/2020/texmf-dist/tex/latex/amscls/amsthm.sty
Package: amsthm 2017/10/31 v2.20.4
\thm@style=\toks24
\thm@bodyfont=\toks25
\thm@headfont=\toks26
\thm@notefont=\toks27
\thm@headpunct=\toks28
\thm@preskip=\skip53
\thm@postskip=\skip54
\thm@headsep=\skip55
\dth@everypar=\toks29
)
(/usr/local/texlive/2020/texmf-dist/tex/latex/url/url.sty
\Urlmuskip=\muskip17
Package: url 2013/09/16  ver 3.4  Verb mode for urls, etc.
)
(/usr/local/texlive/2020/texmf-dist/tex/latex/multirow/multirow.sty
Package: multirow 2019/05/31 v2.5 Span multiple rows of a table
\multirow@colwidth=\skip56
\multirow@cntb=\count193
\multirow@dima=\skip57
\bigstrutjot=\dimen167
)
(/usr/local/texlive/2020/texmf-dist/tex/latex/listings/listings.sty
\lst@mode=\count194
\lst@gtempboxa=\box48
\lst@token=\toks30
\lst@length=\count195
\lst@currlwidth=\dimen168
\lst@column=\count196
\lst@pos=\count197
\lst@lostspace=\dimen169
\lst@width=\dimen170
\lst@newlines=\count198
\lst@lineno=\count199
\lst@maxwidth=\dimen171

(/usr/local/texlive/2020/texmf-dist/tex/latex/listings/lstmisc.sty
File: lstmisc.sty 2020/03/24 1.8d (Carsten Heinz)
\c@lstnumber=\count266
\lst@skipnumbers=\count267
\lst@framebox=\box49
)
(/usr/local/texlive/2020/texmf-dist/tex/latex/listings/listings.cfg
File: listings.cfg 2020/03/24 1.8d listings configuration
))
Package: listings 2020/03/24 1.8d (Carsten Heinz)

(/usr/local/texlive/2020/texmf-dist/tex/latex/cite/cite.sty
LaTeX Info: Redefining \cite on input line 302.
LaTeX Info: Redefining \nocite on input line 332.
Package: cite 2015/02/27  v 5.5
)
(/usr/local/texlive/2020/texmf-dist/tex/latex/tools/array.sty
Package: array 2019/08/31 v2.4l Tabular extension package (FMi)
\col@sep=\dimen172
\ar@mcellbox=\box50
\extrarowheight=\dimen173
\NC@list=\toks31
\extratabsurround=\skip58
\backup@length=\skip59
\ar@cellbox=\box51
)
(/usr/local/texlive/2020/texmf-dist/tex/latex/tools/enumerate.sty
Package: enumerate 2015/07/23 v3.00 enumerate extensions (DPC)
\@enLab=\toks32
)
(/usr/local/texlive/2020/texmf-dist/tex/latex/booktabs/booktabs.sty
Package: booktabs 2020/01/12 v1.61803398 Publication quality tables
\heavyrulewidth=\dimen174
\lightrulewidth=\dimen175
\cmidrulewidth=\dimen176
\belowrulesep=\dimen177
\belowbottomsep=\dimen178
\aboverulesep=\dimen179
\abovetopsep=\dimen180
\cmidrulesep=\dimen181
\cmidrulekern=\dimen182
\defaultaddspace=\dimen183
\@cmidla=\count268
\@cmidlb=\count269
\@aboverulesep=\dimen184
\@belowrulesep=\dimen185
\@thisruleclass=\count270
\@lastruleclass=\count271
\@thisrulewidth=\dimen186
)
(/usr/local/texlive/2020/texmf-dist/tex/latex/graphics/color.sty
Package: color 2019/11/23 v1.2a Standard LaTeX Color (DPC)

(/usr/local/texlive/2020/texmf-dist/tex/latex/graphics-cfg/color.cfg
File: color.cfg 2016/01/02 v1.6 sample color configuration
)
Package color Info: Driver file: pdftex.def on input line 147.
)
(/usr/local/texlive/2020/texmf-dist/tex/latex/soul/soul.sty
Package: soul 2003/11/17 v2.4 letterspacing/underlining (mf)
\SOUL@word=\toks33
\SOUL@lasttoken=\toks34
\SOUL@cmds=\toks35
\SOUL@buffer=\toks36
\SOUL@token=\toks37
\SOUL@spaceskip=\skip60
\SOUL@ttwidth=\dimen187
\SOUL@uldp=\dimen188
\SOUL@ulht=\dimen189
)
(/usr/local/texlive/2020/texmf-dist/tex/latex/tools/multicol.sty
Package: multicol 2019/12/09 v1.8y multicolumn formatting (FMi)
\c@tracingmulticols=\count272
\mult@box=\box52
\multicol@leftmargin=\dimen190
\c@unbalance=\count273
\c@collectmore=\count274
\doublecol@number=\count275
\multicoltolerance=\count276
\multicolpretolerance=\count277
\full@width=\dimen191
\page@free=\dimen192
\premulticols=\dimen193
\postmulticols=\dimen194
\multicolsep=\skip61
\multicolbaselineskip=\skip62
\partial@page=\box53
\last@line=\box54
\maxbalancingoverflow=\dimen195
\mult@rightbox=\box55
\mult@grightbox=\box56
\mult@gfirstbox=\box57
\mult@firstbox=\box58
\@tempa=\box59
\@tempa=\box60
\@tempa=\box61
\@tempa=\box62
\@tempa=\box63
\@tempa=\box64
\@tempa=\box65
\@tempa=\box66
\@tempa=\box67
\@tempa=\box68
\@tempa=\box69
\@tempa=\box70
\@tempa=\box71
\@tempa=\box72
\@tempa=\box73
\@tempa=\box74
\@tempa=\box75
\@tempa=\box76
\@tempa=\box77
\@tempa=\box78
\@tempa=\box79
\@tempa=\box80
\@tempa=\box81
\@tempa=\box82
\@tempa=\box83
\@tempa=\box84
\@tempa=\box85
\@tempa=\box86
\@tempa=\box87
\@tempa=\box88
\@tempa=\box89
\@tempa=\box90
\@tempa=\box91
\@tempa=\box92
\@tempa=\box93
\@tempa=\box94
\@tempa=\box95
\c@minrows=\count278
\c@columnbadness=\count279
\c@finalcolumnbadness=\count280
\last@try=\dimen196
\multicolovershoot=\dimen197
\multicolundershoot=\dimen198
\mult@nat@firstbox=\box96
\colbreak@box=\box97
\mc@col@check@num=\count281
)
(/usr/local/texlive/2020/texmf-dist/tex/latex/algorithm2e/algorithm2e.sty
Package: algorithm2e 2017/07/18 v5.2 algorithms environments
\c@AlgoLine=\count282

(/usr/local/texlive/2020/texmf-dist/tex/latex/base/ifthen.sty
Package: ifthen 2014/09/29 v1.1c Standard LaTeX ifthen package (DPC)
)
\algocf@hangindent=\skip63

(/usr/local/texlive/2020/texmf-dist/tex/latex/ifoddpage/ifoddpage.sty
Package: ifoddpage 2016/04/23 v1.1 Conditionals for odd/even page detection
\c@checkoddpage=\count283
)
(/usr/local/texlive/2020/texmf-dist/tex/latex/tools/xspace.sty
Package: xspace 2014/10/28 v1.13 Space after command names (DPC,MH)
)
(/usr/local/texlive/2020/texmf-dist/tex/latex/relsize/relsize.sty
Package: relsize 2013/03/29 ver 4.1
)
\skiptotal=\skip64
\skiplinenumber=\skip65
\skiprule=\skip66
\skiphlne=\skip67
\skiptext=\skip68
\skiplength=\skip69
\algomargin=\skip70
\skipalgocfslide=\skip71
\algowidth=\dimen199
\inoutsize=\dimen256
\inoutindent=\dimen257
\interspacetitleruled=\dimen258
\interspacealgoruled=\dimen259
\interspacetitleboxruled=\dimen260
\algocf@ruledwidth=\skip72
\algocf@inoutbox=\box98
\algocf@inputbox=\box99
\AlCapSkip=\skip73
\AlCapHSkip=\skip74
\algoskipindent=\skip75
\algocf@nlbox=\box100
\algocf@hangingbox=\box101
\algocf@untilbox=\box102
\algocf@skipuntil=\skip76
\algocf@capbox=\box103
\algocf@lcaptionbox=\skip77
\algoheightruledefault=\skip78
\algoheightrule=\skip79
\algotitleheightruledefault=\skip80
\algotitleheightrule=\skip81
\c@algocfline=\count284
\c@algocfproc=\count285
\c@algocf=\count286
\algocf@algoframe=\box104
\algocf@algobox=\box105
)
(/usr/local/texlive/2020/texmf-dist/tex/latex/algorithms/algorithm.sty
Package: algorithm 2009/08/24 v0.1 Document Style `algorithm' - floating enviro
nment

(/usr/local/texlive/2020/texmf-dist/tex/latex/float/float.sty
Package: float 2001/11/08 v1.3d Float enhancements (AL)
\c@float@type=\count287
\float@exts=\toks38
\float@box=\box106
\@float@everytoks=\toks39
\@floatcapt=\box107
)
\@float@every@algorithm=\toks40
\c@algorithm=\count288
)
(/usr/local/texlive/2020/texmf-dist/tex/latex/algorithms/algorithmic.sty
Package: algorithmic 2009/08/24 v0.1 Document Style `algorithmic'
\c@ALC@unique=\count289
\c@ALC@line=\count290
\c@ALC@rem=\count291
\c@ALC@depth=\count292
\ALC@tlm=\skip82
\algorithmicindent=\skip83
)
\c@theorem=\count293
\c@corollary=\count294
\c@definition=\count295
\c@lemma=\count296

(/usr/local/texlive/2020/texmf-dist/tex/latex/l3backend/l3backend-pdfmode.def
File: l3backend-pdfmode.def 2020-03-12 L3 backend support: PDF mode
\l__kernel_color_stack_int=\count297
\l__pdf_internal_box=\box108
)
(./UPPRESSO_NDSS.aux)
\openout1 = `UPPRESSO_NDSS.aux'.

LaTeX Font Info:    Checking defaults for OML/cmm/m/it on input line 136.
LaTeX Font Info:    ... okay on input line 136.
LaTeX Font Info:    Checking defaults for OMS/cmsy/m/n on input line 136.
LaTeX Font Info:    ... okay on input line 136.
LaTeX Font Info:    Checking defaults for OT1/cmr/m/n on input line 136.
LaTeX Font Info:    ... okay on input line 136.
LaTeX Font Info:    Checking defaults for T1/cmr/m/n on input line 136.
LaTeX Font Info:    ... okay on input line 136.
LaTeX Font Info:    Checking defaults for TS1/cmr/m/n on input line 136.
LaTeX Font Info:    ... okay on input line 136.
LaTeX Font Info:    Checking defaults for OMX/cmex/m/n on input line 136.
LaTeX Font Info:    ... okay on input line 136.
LaTeX Font Info:    Checking defaults for U/cmr/m/n on input line 136.
LaTeX Font Info:    ... okay on input line 136.

(/usr/local/texlive/2020/texmf-dist/tex/context/base/mkii/supp-pdf.mkii
[Loading MPS to PDF converter (version 2006.09.02).]
\scratchcounter=\count298
\scratchdimen=\dimen261
\scratchbox=\box109
\nofMPsegments=\count299
\nofMParguments=\count300
\everyMPshowfont=\toks41
\MPscratchCnt=\count301
\MPscratchDim=\dimen262
\MPnumerator=\count302
\makeMPintoPDFobject=\count303
\everyMPtoPDFconversion=\toks42
) (/usr/local/texlive/2020/texmf-dist/tex/latex/epstopdf-pkg/epstopdf-base.sty
Package: epstopdf-base 2020-01-24 v2.11 Base part for package epstopdf
Package epstopdf-base Info: Redefining graphics rule for `.eps' on input line 4
85.

(/usr/local/texlive/2020/texmf-dist/tex/latex/latexconfig/epstopdf-sys.cfg
File: epstopdf-sys.cfg 2010/07/13 v1.3 Configuration of (r)epstopdf for TeX Liv
e
))
Package caption Info: Begin \AtBeginDocument code.
Package caption Info: float package is loaded.
Package caption Info: listings package is loaded.
Package caption Info: End \AtBeginDocument code.
\c@lstlisting=\count304


LaTeX Warning: No \author given.

LaTeX Font Info:    Trying to load font information for U+msa on input line 155
.
(/usr/local/texlive/2020/texmf-dist/tex/latex/amsfonts/umsa.fd
File: umsa.fd 2013/01/14 v3.01 AMS symbols A
)
LaTeX Font Info:    Trying to load font information for U+msb on input line 155
.

(/usr/local/texlive/2020/texmf-dist/tex/latex/amsfonts/umsb.fd
File: umsb.fd 2013/01/14 v3.01 AMS symbols B
)
(./chap_Compact/introduction.tex
Underfull \vbox (badness 2726) has occurred while \output is active []

 [1{/usr/local/texlive/2020/texmf-var/fonts/map/pdftex/updmap/pdftex.map}


]

pdfTeX warning: /Library/TeX/texbin/pdflatex (file ./fig/wechat.pdf): PDF inclu
sion: found PDF version <1.7>, but at most version <1.5> allowed
<fig/wechat.pdf, id=12, 1828.963pt x 1085.18425pt>
File: fig/wechat.pdf Graphic file (type pdf)
<use fig/wechat.pdf>
Package pdftex.def Info: fig/wechat.pdf  used on input line 39.
(pdftex.def)             Requested size: 253.04987pt x 150.13643pt.

Underfull \hbox (badness 10000) in paragraph at lines 55--64
[]\OT1/ptm/m/n/10 UPPRESSO de-signs three one-way identifier-
 []


Underfull \hbox (badness 2680) in paragraph at lines 55--64
\OT1/ptm/m/n/10 transformation func-tions based on el-lip-tic curve. Us-ing
 []


Underfull \hbox (badness 6559) in paragraph at lines 55--64
\OT1/ptm/m/n/10 the RP con-verts its iden-tity $\OML/cmm/m/it/10 ID[]$ \OT1/ptm
/m/n/10 into a privacy-
 []


Underfull \hbox (badness 10000) in paragraph at lines 55--64
\OT1/ptm/m/n/10 preserving pseudo-identifier $\OML/cmm/m/it/10 PID[]$ \OT1/ptm/
m/n/10 based on a
 []


Underfull \hbox (badness 2828) in paragraph at lines 55--64
\OT1/ptm/m/n/10 ran-domly se-lected trap-door $\OML/cmm/m/it/10 T$\OT1/ptm/m/n/
10 . Sim-i-larly, the IdP uses
 []


Underfull \hbox (badness 10000) in paragraph at lines 55--64
\OT1/ptm/m/n/10 the one-way func-tion $\OMS/cmsy/m/n/10 F[]\OT1/cmr/m/n/10 (\OM
L/cmm/m/it/10 ID[]; PID[]\OT1/cmr/m/n/10 )$ \OT1/ptm/m/n/10 to
 []


Underfull \hbox (badness 10000) in paragraph at lines 55--64
\OT1/ptm/m/n/10 gen-er-ate a privacy-preserving pseudo-identifier $\OML/cmm/m/i
t/10 PID[]$
 []


Underfull \hbox (badness 1565) in paragraph at lines 55--64
\OT1/ptm/m/n/10 for the user based on her iden-tity $\OML/cmm/m/it/10 ID[]$ \OT
1/ptm/m/n/10 and $\OML/cmm/m/it/10 PID[]$\OT1/ptm/m/n/10 .
 []


Underfull \hbox (badness 1902) in paragraph at lines 55--64
\OT1/ptm/m/n/10 Fi-nally, us-ing a spe-cial identifier-transformation func-tion

 []

) (./chap_Compact/background.tex [2 <./fig/wechat.pdf>]
<fig/OIDC1.pdf, id=31, 329.70572pt x 163.3306pt>
File: fig/OIDC1.pdf Graphic file (type pdf)
<use fig/OIDC1.pdf>
Package pdftex.def Info: fig/OIDC1.pdf  used on input line 33.
(pdftex.def)             Requested size: 240.39659pt x 119.08829pt.
)
(./chap_Compact/challenges.tex
Underfull \hbox (badness 6412) in paragraph at lines 49--49
[]|\OT1/ptm/m/n/7 A user's iden-ti-fier at an RP: $\OML/cmm/m/it/7 A \OT1/cmr/m
/n/7 =
 []

[3 <./fig/OIDC1.pdf>]
<fig/IDCorrelation.pdf, id=48, 415.57599pt x 141.8361pt>
File: fig/IDCorrelation.pdf Graphic file (type pdf)
<use fig/IDCorrelation.pdf>
Package pdftex.def Info: fig/IDCorrelation.pdf  used on input line 116.
(pdftex.def)             Requested size: 202.44066pt x 69.09341pt.

Underfull \hbox (badness 10000) in paragraph at lines 183--184
\OT1/ptm/b/n/10 Trapdoor user iden-ti-fi-ca-tion. \OT1/ptm/m/n/10 To pre-vent R
P-based
 []


Underfull \hbox (badness 5939) in paragraph at lines 183--184
\OT1/ptm/m/n/10 iden-tity link-age, we de-sign a trans-for-ma-tion func-tion
 []

[4 <./fig/IDCorrelation.pdf>]
Underfull \hbox (badness 2269) in paragraph at lines 246--246
[]\OT1/ptm/m/n/10 TABLE II: |Identifier-transformation in privacy-preserving
 []

) (./chap_Compact/threatmodel.tex) (./chap_Compact/protocol.tex
Underfull \hbox (badness 2689) in paragraph at lines 4--6
[]\OT1/ptm/m/n/10 Once we con-cep-tu-al-ize the pri-vacy prob-lem into a
 []


Underfull \hbox (badness 7796) in paragraph at lines 13--26
[]\OT1/ptm/m/n/10 We con-struct the three func-tions, $\OMS/cmsy/m/n/10 F[]$\OT
1/ptm/m/n/10 ,
 []

[5]
Underfull \hbox (badness 6188) in paragraph at lines 49--54
\OT1/ptm/m/n/10 From Equa-tions 1[] and 2[], we see that $\OML/cmm/m/it/10 PID[
] \OT1/cmr/m/n/10 =
 []

<fig/process-js.pdf, id=89, 633.86812pt x 591.71063pt>
File: fig/process-js.pdf Graphic file (type pdf)
<use fig/process-js.pdf>
Package pdftex.def Info: fig/process-js.pdf  used on input line 137.
(pdftex.def)             Requested size: 356.38399pt x 332.69194pt.
[6] [7 <./fig/process-js.pdf>]
Underfull \hbox (badness 1383) in paragraph at lines 187--188
[]\OT1/ptm/m/n/10 The IdP con-structs and signs the iden-tity proof
 []


Underfull \hbox (badness 3049) in paragraph at lines 200--201
[]\OT1/ptm/m/n/10 The RP ex-tracts $\OML/cmm/m/it/10 PID[]$\OT1/ptm/m/n/10 , ca
l-cu-lates $\OML/cmm/m/it/10 Accout \OT1/cmr/m/n/10 =
 []

) (./chap_Compact/privacy.tex

LaTeX Warning: Citation `GoldwasserK16' on page 8 undefined on input line 3.

LaTeX Font Info:    Trying to load font information for OMS+ptm on input line 7
.
(/usr/local/texlive/2020/texmf-dist/tex/latex/psnfss/omsptm.fd
File: omsptm.fd 
)
LaTeX Font Info:    Font shape `OMS/ptm/m/n' in size <10> not available
(Font)              Font shape `OMS/cmsy/m/n' tried instead on input line 7.


pdfTeX warning: /Library/TeX/texbin/pdflatex (file ./fig/game0.pdf): PDF inclus
ion: found PDF version <1.7>, but at most version <1.5> allowed
<fig/game0.pdf, id=124, 405.76593pt x 273.27094pt>
File: fig/game0.pdf Graphic file (type pdf)
<use fig/game0.pdf>
Package pdftex.def Info: fig/game0.pdf  used on input line 25.
(pdftex.def)             Requested size: 253.04987pt x 170.42696pt.


pdfTeX warning: /Library/TeX/texbin/pdflatex (file ./fig/game1.pdf): PDF inclus
ion: found PDF version <1.7>, but at most version <1.5> allowed
<fig/game1.pdf, id=125, 398.23781pt x 258.9675pt>
File: fig/game1.pdf Graphic file (type pdf)
<use fig/game1.pdf>
Package pdftex.def Info: fig/game1.pdf  used on input line 32.
(pdftex.def)             Requested size: 253.04987pt x 164.55316pt.


pdfTeX warning: /Library/TeX/texbin/pdflatex (file ./fig/game2.pdf): PDF inclus
ion: found PDF version <1.7>, but at most version <1.5> allowed
<fig/game2.pdf, id=126, 405.01312pt x 258.9675pt>
File: fig/game2.pdf Graphic file (type pdf)
<use fig/game2.pdf>
Package pdftex.def Info: fig/game2.pdf  used on input line 39.
(pdftex.def)             Requested size: 253.04987pt x 161.8029pt.
) (./chap_Compact/webmodel.tex [8]
LaTeX Font Info:    Trying to load font information for OT1+phv on input line 1
3.

(/usr/local/texlive/2020/texmf-dist/tex/latex/psnfss/ot1phv.fd
File: ot1phv.fd 2001/06/04 scalable font definitions for OT1/phv.


LaTeX Warning: Font shape declaration has incorrect series value `mc'.
               It should not contain an `m'! Please correct it.
               Found on input line 21.


LaTeX Warning: Font shape declaration has incorrect series value `mc'.
               It should not contain an `m'! Please correct it.
               Found on input line 24.


LaTeX Warning: Font shape declaration has incorrect series value `mc'.
               It should not contain an `m'! Please correct it.
               Found on input line 27.


LaTeX Warning: Font shape declaration has incorrect series value `mc'.
               It should not contain an `m'! Please correct it.
               Found on input line 47.

) [9 <./fig/game0.pdf> <./fig/game1.pdf

pdfTeX warning: /Library/TeX/texbin/pdflatex (file ./fig/game1.pdf): PDF inclus
ion: multiple pdfs with page group included in a single page
> <./fig/game2.pdf

pdfTeX warning: /Library/TeX/texbin/pdflatex (file ./fig/game2.pdf): PDF inclus
ion: multiple pdfs with page group included in a single page
>]
LaTeX Font Info:    Trying to load font information for OMS+phv on input line 7
3.
 (/usr/local/texlive/2020/texmf-dist/tex/latex/psnfss/omsphv.fd
File: omsphv.fd 
)
LaTeX Font Info:    Font shape `OMS/phv/m/n' in size <10> not available
(Font)              Font shape `OMS/cmsy/m/n' tried instead on input line 73.
 [10])
(./chap_Compact/implementation.tex) (./chap_Compact/evaluation.tex
<fig/evaluation2.pdf, id=191, 963.6pt x 542.025pt>
File: fig/evaluation2.pdf Graphic file (type pdf)
<use fig/evaluation2.pdf>
Package pdftex.def Info: fig/evaluation2.pdf  used on input line 43.
(pdftex.def)             Requested size: 253.04987pt x 142.33745pt.
 [11])
(./chap_Compact/discussion.tex
Underfull \hbox (badness 1748) in paragraph at lines 25--28
\OT1/ptm/b/n/10 OIDC au-tho-riza-tion code flow sup-port. \OT1/ptm/m/n/10 The p
rivacy-
 []


Underfull \hbox (badness 5756) in paragraph at lines 25--28
\OT1/ptm/m/n/10 preserving func-tions $\OMS/cmsy/m/n/10 F[]$\OT1/ptm/m/n/10 , $
\OMS/cmsy/m/n/10 F[]$ \OT1/ptm/m/n/10 and
 []

) (./chap_Compact/relatedwork.tex
Underfull \hbox (badness 10000) in paragraph at lines 9--18
\OT1/ptm/b/n/10 Privacy-preserving SSO sys-tems. \OT1/ptm/m/n/10 As sug-gested 
by
 []


Underfull \hbox (badness 10000) in paragraph at lines 9--18
\OT1/ptm/m/n/10 and only pre-vents RP--based iden-tity link-age; while
 []


Underfull \hbox (badness 2277) in paragraph at lines 9--18
\OT1/ptm/m/n/10 SPRESSO [19] and BrowserID [18] only pre-vent IdP-
 []

[12 <./fig/evaluation2.pdf>]) (./chap_Compact/conclusion.tex)
(./UPPRESSO_NDSS.bbl [13]
Underfull \hbox (badness 2875) in paragraph at lines 150--154
[]\OT1/ptm/m/n/8 Bennett Cyphers and Ja-son Kel-ley,  ``What we should learn
 []


Underfull \hbox (badness 5862) in paragraph at lines 150--154
\OT1/ptm/m/n/8 from ``face-book re-search'','' $https : / / www . e . org / de
eplinks / 2019 / 01 /
 []

[14]) (./chap_Compact/appendix.tex
Underfull \hbox (badness 10000) in paragraph at lines 45--46
\OT1/ptm/m/n/10 for ex-am-ple, the $[]$ in the url
 []


Underfull \hbox (badness 10000) in paragraph at lines 45--46
[]$
 []


Underfull \hbox (badness 4341) in paragraph at lines 46--47
\OT1/ptm/m/n/10 as the form $[]$,
 []


Underfull \hbox (badness 4303) in paragraph at lines 46--47
\OT1/ptm/m/n/10 such as $[]$
 []


Underfull \hbox (badness 7326) in paragraph at lines 47--48
[]$[]$ \OT1/ptm/m/n/10 is the body con-tent car-ried by HTTP
 []


Underfull \hbox (badness 4378) in paragraph at lines 47--48
[]$ \OT1/ptm/m/n/10 re-quest or HTTP re-sponse in the form
 []


Overfull \hbox (0.95505pt too wide) in paragraph at lines 51--53
\OT1/ptm/b/n/10 URL\OT1/ptm/m/n/10 . URL is a term $[]$,
 []


Underfull \hbox (badness 2376) in paragraph at lines 57--59
\OT1/ptm/b/n/10 POSTMESSAGE\OT1/ptm/m/n/10 . PostMes-sage is used in the browse
r
 []


Underfull \hbox (badness 10000) in paragraph at lines 57--59
\OT1/ptm/m/n/10 for trans-mit-ting mes-sages be-tween scripts from
 []


Underfull \hbox (badness 6461) in paragraph at lines 57--59
\OT1/ptm/m/n/10 dif-fer-ent ori-gins. We de-fine the postMes-sage as the
 []


Underfull \hbox (badness 10000) in paragraph at lines 57--59
\OT1/ptm/m/n/10 form $[]$, where
 []


Underfull \hbox (badness 1552) in paragraph at lines 60--62
\OT1/ptm/b/n/10 XMLHTTPREQUEST\OT1/ptm/m/n/10 . XML-HTTPRe-quest is the HTTP
 []


Underfull \hbox (badness 1360) in paragraph at lines 60--62
\OT1/ptm/m/n/10 mes-sage trans-mit-ted by scripts in the browser. That is,
 []


Underfull \hbox (badness 5374) in paragraph at lines 60--62
\OT1/ptm/m/n/10 sage by the browser. The XML-HTTPRe-quest in the
 []

[15]
Underfull \hbox (badness 10000) in paragraph at lines 67--68
[]\OT1/ptm/b/n/10 Dictionary Data \OT1/ptm/m/n/10 is the data in the form
 []


Underfull \hbox (badness 10000) in paragraph at lines 67--68
[]$\OT1/ptm/m/n/10 , for
 []


Underfull \hbox (badness 10000) in paragraph at lines 67--68
\OT1/ptm/m/n/10 in-stance the $[]$ in HTTP re-quest is
 []


Underfull \hbox (badness 10000) in paragraph at lines 67--68
\OT1/ptm/m/n/10 dic-tio-nary data. We as-sume there is a
 []


Underfull \hbox (badness 10000) in paragraph at lines 67--68
[]$\OT1/ptm/m/n/10 ,
 []


Underfull \hbox (badness 7468) in paragraph at lines 67--68
[]$\OT1/ptm/m/n/10 , such that $[]$
 []


Underfull \hbox (badness 3407) in paragraph at lines 67--68
\OT1/ptm/m/n/10 we set $[]$, the $[]$ are changed
 []


Underfull \hbox (badness 10000) in paragraph at lines 78--79
\OT1/ptm/b/n/10 Window\OT1/ptm/m/n/10 . A win-dow $[]$ is a term of the form
 []


Underfull \hbox (badness 10000) in paragraph at lines 78--79
[]$\OT1/ptm/m/n/10 , rep-re-sent-ing the the
 []


Overfull \hbox (3.65227pt too wide) detected at line 93
 []$[]  \OMS/cmsy/m/n/10 h\OML/cmm/m/it/10 tree; docnonce; scriptstate; statein
puts; cookies;$ 
 []


Underfull \hbox (badness 10000) in paragraph at lines 112--113
[]$[]$ \OT1/ptm/m/n/10 is the term in the form of
 []

[16]
Underfull \hbox (badness 2884) in paragraph at lines 118--120
\OT1/ptm/m/n/10 To make the de-scrip-tion clearer, we also pro-vide the
 []


Underfull \hbox (badness 1975) in paragraph at lines 145--146
[]$[]$ \OT1/ptm/m/n/10 is the Ex-tended Eu-clidean al-go-rithm,
 []

\c@redef=\count305
\c@req=\count306
\c@relemma=\count307
[17]
** ATTENTION: \proof is deprecated (line 217). Use \IEEEproof instead.
** ATTENTION: \proof is deprecated (line 239). Use \IEEEproof instead.
** ATTENTION: \proof is deprecated (line 254). Use \IEEEproof instead.
** ATTENTION: \proof is deprecated (line 269). Use \IEEEproof instead.
[18]
** ATTENTION: \proof is deprecated (line 285). Use \IEEEproof instead.

Underfull \hbox (badness 1424) in paragraph at lines 289--290
[]$[]$\OT1/ptm/m/n/10 . Same as IdP server, RP server only sends
 []


LaTeX Warning: Reference `the:privacy' on page 19 undefined on input line 300.

** ATTENTION: \proof is deprecated (line 307). Use \IEEEproof instead.
[19]

LaTeX Warning: Reference `def:httpequ' on page 20 undefined on input line 310.


LaTeX Warning: Reference `def:powequ' on page 20 undefined on input line 313.


Underfull \hbox (badness 2401) in paragraph at lines 314--315
[]$[]$\OT1/ptm/m/n/10 . Based on Al-go-rithm 1[], it is easy
 []


Underfull \hbox (badness 2384) in paragraph at lines 314--315
\OT1/ptm/m/n/10 body $[]$ and $[]$ same as in path
 []

** ATTENTION: \proof is deprecated (line 328). Use \IEEEproof instead.

LaTeX Warning: Reference `def:httpequ' on page 20 undefined on input line 335.


Underfull \hbox (badness 3354) in paragraph at lines 338--339
\OT1/ptm/m/n/10 in the body. The $[]$ in-cludes
 []


LaTeX Warning: Reference `def:powequ' on page 20 undefined on input line 339.


LaTeX Warning: Reference `def:powequ' on page 20 undefined on input line 346.

[20]

LaTeX Warning: Reference `the:privacy' on page 21 undefined on input line 356.

[21

] [22

] [23] [24] [25] [26])

** Conference Paper **
Before submitting the final camera ready copy, remember to:

 1. Manually equalize the lengths of two columns on the last page
 of your paper;

 2. Ensure that any PostScript and/or PDF output post-processing
 uses only Type 1 fonts and that every step in the generation
 process uses the appropriate paper size.

[27] (./UPPRESSO_NDSS.aux)

LaTeX Warning: There were undefined references.

 ) 
Here is how much of TeX's memory you used:
 7793 strings out of 480608
 117609 string characters out of 5903631
 382057 words of memory out of 5000000
 23515 multiletter control sequences out of 15000+600000
 576956 words of font info for 115 fonts, out of 8000000 for 9000
 1144 hyphenation exceptions out of 8191
 41i,13n,42p,1970b,727s stack positions out of 5000i,500n,10000p,200000b,80000s
{/usr/local/texlive/2020/texmf-dist/fonts/enc/dvips/base/8r.enc}</usr/local/t
exlive/2020/texmf-dist/fonts/type1/public/amsfonts/cm/cmbx10.pfb></usr/local/te
xlive/2020/texmf-dist/fonts/type1/public/amsfonts/cm/cmbx7.pfb></usr/local/texl
ive/2020/texmf-dist/fonts/type1/public/amsfonts/cm/cmex10.pfb></usr/local/texli
ve/2020/texmf-dist/fonts/type1/public/amsfonts/cm/cmmi10.pfb></usr/local/texliv
e/2020/texmf-dist/fonts/type1/public/amsfonts/cm/cmmi5.pfb></usr/local/texlive/
2020/texmf-dist/fonts/type1/public/amsfonts/cm/cmmi6.pfb></usr/local/texlive/20
20/texmf-dist/fonts/type1/public/amsfonts/cm/cmmi7.pfb></usr/local/texlive/2020
/texmf-dist/fonts/type1/public/amsfonts/cm/cmmi8.pfb></usr/local/texlive/2020/t
exmf-dist/fonts/type1/public/amsfonts/cm/cmmi9.pfb></usr/local/texlive/2020/tex
mf-dist/fonts/type1/public/amsfonts/cm/cmr10.pfb></usr/local/texlive/2020/texmf
-dist/fonts/type1/public/amsfonts/cm/cmr5.pfb></usr/local/texlive/2020/texmf-di
st/fonts/type1/public/amsfonts/cm/cmr7.pfb></usr/local/texlive/2020/texmf-dist/
fonts/type1/public/amsfonts/cm/cmsy10.pfb></usr/local/texlive/2020/texmf-dist/f
onts/type1/public/amsfonts/cm/cmsy5.pfb></usr/local/texlive/2020/texmf-dist/fon
ts/type1/public/amsfonts/cm/cmsy7.pfb></usr/local/texlive/2020/texmf-dist/fonts
/type1/public/amsfonts/cm/cmsy8.pfb></usr/local/texlive/2020/texmf-dist/fonts/t
ype1/public/amsfonts/cm/cmtt10.pfb></usr/local/texlive/2020/texmf-dist/fonts/ty
pe1/public/amsfonts/symbols/msbm10.pfb></usr/local/texlive/2020/texmf-dist/font
s/type1/public/amsfonts/symbols/msbm7.pfb></usr/local/texlive/2020/texmf-dist/f
onts/type1/urw/helvetic/uhvr8a.pfb></usr/local/texlive/2020/texmf-dist/fonts/ty
pe1/urw/times/utmb8a.pfb></usr/local/texlive/2020/texmf-dist/fonts/type1/urw/ti
mes/utmbi8a.pfb></usr/local/texlive/2020/texmf-dist/fonts/type1/urw/times/utmr8
a.pfb></usr/local/texlive/2020/texmf-dist/fonts/type1/urw/times/utmri8a.pfb>
Output written on UPPRESSO_NDSS.pdf (27 pages, 981136 bytes).
PDF statistics:
 355 PDF objects out of 1000 (max. 8388607)
 264 compressed objects within 3 object streams
 0 named destinations out of 1000 (max. 500000)
 41 words of extra memory for PDF output out of 10000 (max. 10000000)

