\BOOKMARK [1][-]{section.1}{Introduction}{}% 1
\BOOKMARK [1][-]{section.2}{Background}{}% 2
\BOOKMARK [2][-]{subsection.2.1}{OpenID\040Connect}{section.2}% 3
\BOOKMARK [2][-]{subsection.2.2}{Existing\040Privacy\040Solutions\040for\040SSO}{section.2}% 4
\BOOKMARK [1][-]{section.3}{The\040Privacy\040Dilemma\040and\040UPPRESSO\040Overview}{}% 5
\BOOKMARK [2][-]{subsection.3.1}{Security\040Properties\040of\040SSO}{section.3}% 6
\BOOKMARK [2][-]{subsection.3.2}{The\040Privacy\040Dilemma\040in\040SSO\040Identity\040Proofs}{section.3}% 7
\BOOKMARK [2][-]{subsection.3.3}{The\040Identifier-Transformation\040Framework\040of\040UPPRESSO}{section.3}% 8
\BOOKMARK [2][-]{subsection.3.4}{Existing\040Privacy-Preserving\040SSO\040Solutions}{section.3}% 9
\BOOKMARK [1][-]{section.4}{Threat\040Model\040and\040Assumptions}{}% 10
\BOOKMARK [2][-]{subsection.4.1}{Threat\040Model}{section.4}% 11
\BOOKMARK [2][-]{subsection.4.2}{Assumptions}{section.4}% 12
\BOOKMARK [1][-]{section.5}{The\040Design\040of\040UPPRESSO}{}% 13
\BOOKMARK [2][-]{subsection.5.1}{Identifier-transformation\040Functions\040in\040UPPRESSO}{section.5}% 14
\BOOKMARK [2][-]{subsection.5.2}{UPPRESSO\040Procedures}{section.5}% 15
\BOOKMARK [2][-]{subsection.5.3}{Compatibility\040with\040OIDC}{section.5}% 16
\BOOKMARK [1][-]{section.6}{Provable\040Security\040Analysis\040of\040Privacy}{}% 17
\BOOKMARK [1][-]{section.7}{Security\040Analysis}{}% 18
\BOOKMARK [2][-]{subsection.7.1}{The\040Web\040Model}{section.7}% 19
\BOOKMARK [2][-]{subsection.7.2}{Security\040of\040UPPRESSO}{section.7}% 20
\BOOKMARK [1][-]{section.8}{Implementation\040and\040Evaluation}{}% 21
\BOOKMARK [2][-]{subsection.8.1}{Implementation}{section.8}% 22
\BOOKMARK [2][-]{subsection.8.2}{Performance\040Evaluation}{section.8}% 23
\BOOKMARK [1][-]{section.9}{Discussions\040and\040Future\040Work}{}% 24
\BOOKMARK [1][-]{section.10}{Related\040Works}{}% 25
\BOOKMARK [1][-]{section.11}{Conclusion}{}% 26
\BOOKMARK [1][-]{appendix.A}{Web\040Model}{}% 27
\BOOKMARK [2][-]{subsection.A.1}{Data\040Format}{appendix.A}% 28
\BOOKMARK [2][-]{subsection.A.2}{Browser\040Model}{appendix.A}% 29
\BOOKMARK [2][-]{subsection.A.3}{Model\040of\040UPPRESSO}{appendix.A}% 30
\BOOKMARK [3][-]{subsubsection.A.3.1}{IdP\040Server\040Process}{subsection.A.3}% 31
\BOOKMARK [3][-]{subsubsection.A.3.2}{RP\040process}{subsection.A.3}% 32
\BOOKMARK [3][-]{subsubsection.A.3.3}{IdP\040scripting\040process}{subsection.A.3}% 33
\BOOKMARK [3][-]{subsubsection.A.3.4}{RP\040scripting\040process}{subsection.A.3}% 34
\BOOKMARK [2][-]{subsection.A.4}{Proof\040of\040Theorem\040??}{appendix.A}% 35
\BOOKMARK [1][-]{appendix.B}{Algorithm}{}% 36
\BOOKMARK [2][-]{subsection.B.1}{IdP\040process}{appendix.B}% 37
\BOOKMARK [2][-]{subsection.B.2}{RP\040process}{appendix.B}% 38
\BOOKMARK [2][-]{subsection.B.3}{IdP\040scripting\040process}{appendix.B}% 39
\BOOKMARK [2][-]{subsection.B.4}{RP\040scripting\040process}{appendix.B}% 40
