\BOOKMARK [1][-]{section.1}{\376\377\000\111\000\156\000\164\000\162\000\157\000\144\000\165\000\143\000\164\000\151\000\157\000\156}{}% 1
\BOOKMARK [1][-]{section.2}{\376\377\000\102\000\141\000\143\000\153\000\147\000\162\000\157\000\165\000\156\000\144}{}% 2
\BOOKMARK [2][-]{subsection.2.1}{\376\377\000\117\000\160\000\145\000\156\000\111\000\104\000\040\000\103\000\157\000\156\000\156\000\145\000\143\000\164}{section.2}% 3
\BOOKMARK [2][-]{subsection.2.2}{\376\377\000\105\000\170\000\151\000\163\000\164\000\151\000\156\000\147\000\040\000\120\000\162\000\151\000\166\000\141\000\143\000\171\000\040\000\123\000\157\000\154\000\165\000\164\000\151\000\157\000\156\000\163\000\040\000\146\000\157\000\162\000\040\000\123\000\123\000\117}{section.2}% 4
\BOOKMARK [1][-]{section.3}{\376\377\000\124\000\150\000\145\000\040\000\120\000\162\000\151\000\166\000\141\000\143\000\171\000\040\000\104\000\151\000\154\000\145\000\155\000\155\000\141\000\040\000\141\000\156\000\144\000\040\000\125\000\120\000\120\000\122\000\105\000\123\000\123\000\117\000\040\000\117\000\166\000\145\000\162\000\166\000\151\000\145\000\167}{}% 5
\BOOKMARK [2][-]{subsection.3.1}{\376\377\000\123\000\145\000\143\000\165\000\162\000\151\000\164\000\171\000\040\000\120\000\162\000\157\000\160\000\145\000\162\000\164\000\151\000\145\000\163\000\040\000\157\000\146\000\040\000\123\000\123\000\117}{section.3}% 6
\BOOKMARK [2][-]{subsection.3.2}{\376\377\000\124\000\150\000\145\000\040\000\120\000\162\000\151\000\166\000\141\000\143\000\171\000\040\000\104\000\151\000\154\000\145\000\155\000\155\000\141\000\040\000\151\000\156\000\040\000\123\000\123\000\117\000\040\000\111\000\144\000\145\000\156\000\164\000\151\000\164\000\171\000\040\000\120\000\162\000\157\000\157\000\146\000\163}{section.3}% 7
\BOOKMARK [2][-]{subsection.3.3}{\376\377\000\124\000\150\000\145\000\040\000\111\000\144\000\145\000\156\000\164\000\151\000\146\000\151\000\145\000\162\000\055\000\124\000\162\000\141\000\156\000\163\000\146\000\157\000\162\000\155\000\141\000\164\000\151\000\157\000\156\000\040\000\106\000\162\000\141\000\155\000\145\000\167\000\157\000\162\000\153\000\040\000\157\000\146\000\040\000\125\000\120\000\120\000\122\000\105\000\123\000\123\000\117}{section.3}% 8
\BOOKMARK [2][-]{subsection.3.4}{\376\377\000\105\000\170\000\151\000\163\000\164\000\151\000\156\000\147\000\040\000\120\000\162\000\151\000\166\000\141\000\143\000\171\000\055\000\120\000\162\000\145\000\163\000\145\000\162\000\166\000\151\000\156\000\147\000\040\000\123\000\123\000\117\000\040\000\123\000\157\000\154\000\165\000\164\000\151\000\157\000\156\000\163}{section.3}% 9
\BOOKMARK [1][-]{section.4}{\376\377\000\124\000\150\000\162\000\145\000\141\000\164\000\040\000\115\000\157\000\144\000\145\000\154\000\040\000\141\000\156\000\144\000\040\000\101\000\163\000\163\000\165\000\155\000\160\000\164\000\151\000\157\000\156\000\163}{}% 10
\BOOKMARK [2][-]{subsection.4.1}{\376\377\000\124\000\150\000\162\000\145\000\141\000\164\000\040\000\115\000\157\000\144\000\145\000\154}{section.4}% 11
\BOOKMARK [2][-]{subsection.4.2}{\376\377\000\101\000\163\000\163\000\165\000\155\000\160\000\164\000\151\000\157\000\156\000\163}{section.4}% 12
\BOOKMARK [1][-]{section.5}{\376\377\000\124\000\150\000\145\000\040\000\104\000\145\000\163\000\151\000\147\000\156\000\040\000\157\000\146\000\040\000\125\000\120\000\120\000\122\000\105\000\123\000\123\000\117}{}% 13
\BOOKMARK [2][-]{subsection.5.1}{\376\377\000\111\000\144\000\145\000\156\000\164\000\151\000\146\000\151\000\145\000\162\000\055\000\164\000\162\000\141\000\156\000\163\000\146\000\157\000\162\000\155\000\141\000\164\000\151\000\157\000\156\000\040\000\106\000\165\000\156\000\143\000\164\000\151\000\157\000\156\000\163\000\040\000\151\000\156\000\040\000\125\000\120\000\120\000\122\000\105\000\123\000\123\000\117}{section.5}% 14
\BOOKMARK [2][-]{subsection.5.2}{\376\377\000\125\000\120\000\120\000\122\000\105\000\123\000\123\000\117\000\040\000\120\000\162\000\157\000\143\000\145\000\144\000\165\000\162\000\145\000\163}{section.5}% 15
\BOOKMARK [2][-]{subsection.5.3}{\376\377\000\103\000\157\000\155\000\160\000\141\000\164\000\151\000\142\000\151\000\154\000\151\000\164\000\171\000\040\000\167\000\151\000\164\000\150\000\040\000\117\000\111\000\104\000\103}{section.5}% 16
\BOOKMARK [1][-]{section.6}{\376\377\000\123\000\145\000\143\000\165\000\162\000\151\000\164\000\171\000\040\000\101\000\156\000\141\000\154\000\171\000\163\000\151\000\163}{}% 17
\BOOKMARK [2][-]{subsection.6.1}{\376\377\000\123\000\145\000\143\000\165\000\162\000\151\000\164\000\171\000\040\000\120\000\162\000\157\000\160\000\145\000\162\000\164\000\151\000\145\000\163}{section.6}% 18
\BOOKMARK [2][-]{subsection.6.2}{\376\377\000\120\000\162\000\157\000\157\000\146\000\040\000\157\000\146\000\040\000\123\000\145\000\143\000\165\000\162\000\151\000\164\000\171}{section.6}% 19
\BOOKMARK [1][-]{section.7}{\376\377\000\111\000\155\000\160\000\154\000\145\000\155\000\145\000\156\000\164\000\141\000\164\000\151\000\157\000\156\000\040\000\141\000\156\000\144\000\040\000\105\000\166\000\141\000\154\000\165\000\141\000\164\000\151\000\157\000\156}{}% 20
\BOOKMARK [2][-]{subsection.7.1}{\376\377\000\111\000\155\000\160\000\154\000\145\000\155\000\145\000\156\000\164\000\141\000\164\000\151\000\157\000\156}{section.7}% 21
\BOOKMARK [2][-]{subsection.7.2}{\376\377\000\120\000\145\000\162\000\146\000\157\000\162\000\155\000\141\000\156\000\143\000\145\000\040\000\105\000\166\000\141\000\154\000\165\000\141\000\164\000\151\000\157\000\156}{section.7}% 22
\BOOKMARK [1][-]{section.8}{\376\377\000\104\000\151\000\163\000\143\000\165\000\163\000\163\000\151\000\157\000\156\000\163\000\040\000\141\000\156\000\144\000\040\000\106\000\165\000\164\000\165\000\162\000\145\000\040\000\127\000\157\000\162\000\153}{}% 23
\BOOKMARK [1][-]{section.9}{\376\377\000\122\000\145\000\154\000\141\000\164\000\145\000\144\000\040\000\127\000\157\000\162\000\153\000\163}{}% 24
\BOOKMARK [1][-]{section.10}{\376\377\000\103\000\157\000\156\000\143\000\154\000\165\000\163\000\151\000\157\000\156}{}% 25
\BOOKMARK [1][-]{appendix.A}{\376\377\000\127\000\145\000\142\000\040\000\115\000\157\000\144\000\145\000\154}{}% 26
\BOOKMARK [2][-]{subsection.A.1}{\376\377\000\124\000\150\000\145\000\040\000\127\000\145\000\142\000\040\000\115\000\157\000\144\000\145\000\154}{appendix.A}% 27
\BOOKMARK [2][-]{subsection.A.2}{\376\377\000\104\000\141\000\164\000\141\000\040\000\106\000\157\000\162\000\155\000\141\000\164}{appendix.A}% 28
\BOOKMARK [2][-]{subsection.A.3}{\376\377\000\102\000\162\000\157\000\167\000\163\000\145\000\162\000\040\000\115\000\157\000\144\000\145\000\154}{appendix.A}% 29
\BOOKMARK [2][-]{subsection.A.4}{\376\377\000\115\000\157\000\144\000\145\000\154\000\040\000\157\000\146\000\040\000\125\000\120\000\120\000\122\000\105\000\123\000\123\000\117}{appendix.A}% 30
\BOOKMARK [3][-]{subsubsection.A.4.1}{\376\377\000\111\000\144\000\120\000\040\000\123\000\145\000\162\000\166\000\145\000\162\000\040\000\120\000\162\000\157\000\143\000\145\000\163\000\163}{subsection.A.4}% 31
\BOOKMARK [3][-]{subsubsection.A.4.2}{\376\377\000\122\000\120\000\040\000\160\000\162\000\157\000\143\000\145\000\163\000\163}{subsection.A.4}% 32
\BOOKMARK [3][-]{subsubsection.A.4.3}{\376\377\000\111\000\144\000\120\000\040\000\163\000\143\000\162\000\151\000\160\000\164\000\151\000\156\000\147\000\040\000\160\000\162\000\157\000\143\000\145\000\163\000\163}{subsection.A.4}% 33
\BOOKMARK [3][-]{subsubsection.A.4.4}{\376\377\000\122\000\120\000\040\000\163\000\143\000\162\000\151\000\160\000\164\000\151\000\156\000\147\000\040\000\160\000\162\000\157\000\143\000\145\000\163\000\163}{subsection.A.4}% 34
\BOOKMARK [2][-]{subsection.A.5}{\376\377\000\120\000\162\000\157\000\157\000\146\000\040\000\157\000\146\000\040\000\124\000\150\000\145\000\157\000\162\000\145\000\155\000\040\000\077\000\077}{appendix.A}% 35
\BOOKMARK [1][-]{appendix.B}{\376\377\000\101\000\154\000\147\000\157\000\162\000\151\000\164\000\150\000\155}{}% 36
\BOOKMARK [2][-]{subsection.B.1}{\376\377\000\111\000\144\000\120\000\040\000\160\000\162\000\157\000\143\000\145\000\163\000\163}{appendix.B}% 37
\BOOKMARK [2][-]{subsection.B.2}{\376\377\000\122\000\120\000\040\000\160\000\162\000\157\000\143\000\145\000\163\000\163}{appendix.B}% 38
\BOOKMARK [2][-]{subsection.B.3}{\376\377\000\111\000\144\000\120\000\040\000\163\000\143\000\162\000\151\000\160\000\164\000\151\000\156\000\147\000\040\000\160\000\162\000\157\000\143\000\145\000\163\000\163}{appendix.B}% 39
\BOOKMARK [2][-]{subsection.B.4}{\376\377\000\122\000\120\000\040\000\163\000\143\000\162\000\151\000\160\000\164\000\151\000\156\000\147\000\040\000\160\000\162\000\157\000\143\000\145\000\163\000\163}{appendix.B}% 40
