This is pdfTeX, Version 3.14159265-2.6-1.40.21 (TeX Live 2020) (preloaded format=pdflatex 2020.5.6)  17 SEP 2020 14:22
entering extended mode
 restricted \write18 enabled.
 %&-line parsing enabled.
**OIDC.tex
(./OIDC.tex
LaTeX2e <2020-02-02> patch level 5
L3 programming layer <2020-03-06> (./IEEEtran.cls
Document Class: IEEEtran 2015/08/26 V1.8b by Michael Shell
-- See the "IEEEtran_HOWTO" manual for usage information.
-- http://www.michaelshell.org/tex/ieeetran/
\@IEEEtrantmpdimenA=\dimen134
\@IEEEtrantmpdimenB=\dimen135
\@IEEEtrantmpdimenC=\dimen136
\@IEEEtrantmpcountA=\count167
\@IEEEtrantmpcountB=\count168
\@IEEEtrantmpcountC=\count169
\@IEEEtrantmptoksA=\toks15
LaTeX Font Info:    Trying to load font information for OT1+ptm on input line 2
88.
(/usr/local/texlive/2020/texmf-dist/tex/latex/psnfss/ot1ptm.fd
File: ot1ptm.fd 2001/06/04 font definitions for OT1/ptm.
)
-- Using 8.5in x 11in (letter) paper.
-- Using PDF output.
\@IEEEnormalsizeunitybaselineskip=\dimen137
-- This is a 10 point document.
\CLASSINFOnormalsizebaselineskip=\dimen138
\CLASSINFOnormalsizeunitybaselineskip=\dimen139
\IEEEnormaljot=\dimen140
LaTeX Font Info:    Font shape `OT1/ptm/bx/n' in size <5> not available
(Font)              Font shape `OT1/ptm/b/n' tried instead on input line 875.
LaTeX Font Info:    Font shape `OT1/ptm/bx/it' in size <5> not available
(Font)              Font shape `OT1/ptm/b/it' tried instead on input line 875.
LaTeX Font Info:    Font shape `OT1/ptm/bx/n' in size <7> not available
(Font)              Font shape `OT1/ptm/b/n' tried instead on input line 875.
LaTeX Font Info:    Font shape `OT1/ptm/bx/it' in size <7> not available
(Font)              Font shape `OT1/ptm/b/it' tried instead on input line 875.
LaTeX Font Info:    Font shape `OT1/ptm/bx/n' in size <8> not available
(Font)              Font shape `OT1/ptm/b/n' tried instead on input line 875.
LaTeX Font Info:    Font shape `OT1/ptm/bx/it' in size <8> not available
(Font)              Font shape `OT1/ptm/b/it' tried instead on input line 875.
LaTeX Font Info:    Font shape `OT1/ptm/bx/n' in size <9> not available
(Font)              Font shape `OT1/ptm/b/n' tried instead on input line 875.
LaTeX Font Info:    Font shape `OT1/ptm/bx/it' in size <9> not available
(Font)              Font shape `OT1/ptm/b/it' tried instead on input line 875.
LaTeX Font Info:    Font shape `OT1/ptm/bx/n' in size <10> not available
(Font)              Font shape `OT1/ptm/b/n' tried instead on input line 875.
LaTeX Font Info:    Font shape `OT1/ptm/bx/it' in size <10> not available
(Font)              Font shape `OT1/ptm/b/it' tried instead on input line 875.
LaTeX Font Info:    Font shape `OT1/ptm/bx/n' in size <11> not available
(Font)              Font shape `OT1/ptm/b/n' tried instead on input line 875.
LaTeX Font Info:    Font shape `OT1/ptm/bx/it' in size <11> not available
(Font)              Font shape `OT1/ptm/b/it' tried instead on input line 875.
LaTeX Font Info:    Font shape `OT1/ptm/bx/n' in size <12> not available
(Font)              Font shape `OT1/ptm/b/n' tried instead on input line 875.
LaTeX Font Info:    Font shape `OT1/ptm/bx/it' in size <12> not available
(Font)              Font shape `OT1/ptm/b/it' tried instead on input line 875.
LaTeX Font Info:    Font shape `OT1/ptm/bx/n' in size <17> not available
(Font)              Font shape `OT1/ptm/b/n' tried instead on input line 875.
LaTeX Font Info:    Font shape `OT1/ptm/bx/it' in size <17> not available
(Font)              Font shape `OT1/ptm/b/it' tried instead on input line 875.
LaTeX Font Info:    Font shape `OT1/ptm/bx/n' in size <20> not available
(Font)              Font shape `OT1/ptm/b/n' tried instead on input line 875.
LaTeX Font Info:    Font shape `OT1/ptm/bx/it' in size <20> not available
(Font)              Font shape `OT1/ptm/b/it' tried instead on input line 875.
LaTeX Font Info:    Font shape `OT1/ptm/bx/n' in size <24> not available
(Font)              Font shape `OT1/ptm/b/n' tried instead on input line 875.
LaTeX Font Info:    Font shape `OT1/ptm/bx/it' in size <24> not available
(Font)              Font shape `OT1/ptm/b/it' tried instead on input line 875.
\IEEEquantizedlength=\dimen141
\IEEEquantizedlengthdiff=\dimen142
\IEEEquantizedtextheightdiff=\dimen143
\IEEEilabelindentA=\dimen144
\IEEEilabelindentB=\dimen145
\IEEEilabelindent=\dimen146
\IEEEelabelindent=\dimen147
\IEEEdlabelindent=\dimen148
\IEEElabelindent=\dimen149
\IEEEiednormlabelsep=\dimen150
\IEEEiedmathlabelsep=\dimen151
\IEEEiedtopsep=\skip47
\c@section=\count170
\c@subsection=\count171
\c@subsubsection=\count172
\c@paragraph=\count173
\c@IEEEsubequation=\count174
\abovecaptionskip=\skip48
\belowcaptionskip=\skip49
\c@figure=\count175
\c@table=\count176
\@IEEEeqnnumcols=\count177
\@IEEEeqncolcnt=\count178
\@IEEEsubeqnnumrollback=\count179
\@IEEEquantizeheightA=\dimen152
\@IEEEquantizeheightB=\dimen153
\@IEEEquantizeheightC=\dimen154
\@IEEEquantizeprevdepth=\dimen155
\@IEEEquantizemultiple=\count180
\@IEEEquantizeboxA=\box45
\@IEEEtmpitemindent=\dimen156
\IEEEPARstartletwidth=\dimen157
\c@IEEEbiography=\count181
\@IEEEtranrubishbin=\box46
) (/usr/local/texlive/2020/texmf-dist/tex/latex/graphics/graphicx.sty
Package: graphicx 2019/11/30 v1.2a Enhanced LaTeX Graphics (DPC,SPQR)

(/usr/local/texlive/2020/texmf-dist/tex/latex/graphics/keyval.sty
Package: keyval 2014/10/28 v1.15 key=value parser (DPC)
\KV@toks@=\toks16
)
(/usr/local/texlive/2020/texmf-dist/tex/latex/graphics/graphics.sty
Package: graphics 2019/11/30 v1.4a Standard LaTeX Graphics (DPC,SPQR)

(/usr/local/texlive/2020/texmf-dist/tex/latex/graphics/trig.sty
Package: trig 2016/01/03 v1.10 sin cos tan (DPC)
)
(/usr/local/texlive/2020/texmf-dist/tex/latex/graphics-cfg/graphics.cfg
File: graphics.cfg 2016/06/04 v1.11 sample graphics configuration
)
Package graphics Info: Driver file: pdftex.def on input line 105.

(/usr/local/texlive/2020/texmf-dist/tex/latex/graphics-def/pdftex.def
File: pdftex.def 2018/01/08 v1.0l Graphics/color driver for pdftex
))
\Gin@req@height=\dimen158
\Gin@req@width=\dimen159
)
(/usr/local/texlive/2020/texmf-dist/tex/latex/tools/verbatim.sty
Package: verbatim 2019/11/10 v1.5r LaTeX2e package for verbatim enhancements
\every@verbatim=\toks17
\verbatim@line=\toks18
\verbatim@in@stream=\read2
)
(/usr/local/texlive/2020/texmf-dist/tex/latex/caption/caption.sty
Package: caption 2020/01/03 v3.4h Customizing captions (AR)

(/usr/local/texlive/2020/texmf-dist/tex/latex/caption/caption3.sty
Package: caption3 2020/01/03 v1.8h caption3 kernel (AR)
Package caption3 Info: TeX engine: e-TeX on input line 61.
\captionmargin=\dimen160
\captionmargin@=\dimen161
\captionwidth=\dimen162
\caption@tempdima=\dimen163
\caption@indent=\dimen164
\caption@parindent=\dimen165
\caption@hangindent=\dimen166
Package caption Info: Unknown document class (or package),
(caption)             standard defaults will be used.
Package caption Info: \@makecaption = \long macro:#1#2->\ifx \@captype \@IEEEta
blestring \footnotesize \bgroup \par \centering \@IEEEtabletopskipstrut {\norma
lfont \footnotesize #1}\\{\normalfont \footnotesize \scshape #2}\par \addvspace
 {0.5\baselineskip }\egroup \@IEEEtablecaptionsepspace \else \@IEEEfigurecaptio
nsepspace \setbox \@tempboxa \hbox {\normalfont \footnotesize {#1.}\nobreakspac
e \nobreakspace #2}\ifdim \wd \@tempboxa >\hsize \setbox \@tempboxa \hbox {\nor
malfont \footnotesize {#1.}\nobreakspace \nobreakspace }\parbox [t]{\hsize }{\n
ormalfont \footnotesize \noindent \unhbox \@tempboxa #2}\else \ifCLASSOPTIONcon
ference \hbox to\hsize {\normalfont \footnotesize \hfil \box \@tempboxa \hfil }
\else \hbox to\hsize {\normalfont \footnotesize \box \@tempboxa \hfil }\fi \fi 
\fi  on input line 1082.
)

Package caption Warning: Unknown document class (or package),
(caption)                standard defaults will be used.
See the caption package documentation for explanation.

\c@caption@flags=\count182
\c@continuedfloat=\count183
) (/usr/local/texlive/2020/texmf-dist/tex/latex/algorithms/algorithm.sty
Package: algorithm 2009/08/24 v0.1 Document Style `algorithm' - floating enviro
nment

(/usr/local/texlive/2020/texmf-dist/tex/latex/float/float.sty
Package: float 2001/11/08 v1.3d Float enhancements (AL)
\c@float@type=\count184
\float@exts=\toks19
\float@box=\box47
\@float@everytoks=\toks20
\@floatcapt=\box48
)
(/usr/local/texlive/2020/texmf-dist/tex/latex/base/ifthen.sty
Package: ifthen 2014/09/29 v1.1c Standard LaTeX ifthen package (DPC)
)
\@float@every@algorithm=\toks21
\c@algorithm=\count185
)
(/usr/local/texlive/2020/texmf-dist/tex/latex/algorithmicx/algorithmicx.sty
Package: algorithmicx 2005/04/27 v1.2 Algorithmicx

Document Style algorithmicx 1.2 - a greatly improved `algorithmic' style
\c@ALG@line=\count186
\c@ALG@rem=\count187
\c@ALG@nested=\count188
\ALG@tlm=\skip50
\ALG@thistlm=\skip51
\c@ALG@Lnr=\count189
\c@ALG@blocknr=\count190
\c@ALG@storecount=\count191
\c@ALG@tmpcounter=\count192
\ALG@tmplength=\skip52
) (/usr/local/texlive/2020/texmf-dist/tex/latex/algorithmicx/algpseudocode.sty
Package: algpseudocode 

Document Style - pseudocode environments for use with the `algorithmicx' style
) (/usr/local/texlive/2020/texmf-dist/tex/latex/amsmath/amsmath.sty
Package: amsmath 2020/01/20 v2.17e AMS math features
\@mathmargin=\skip53

For additional information on amsmath, use the `?' option.
(/usr/local/texlive/2020/texmf-dist/tex/latex/amsmath/amstext.sty
Package: amstext 2000/06/29 v2.01 AMS text

(/usr/local/texlive/2020/texmf-dist/tex/latex/amsmath/amsgen.sty
File: amsgen.sty 1999/11/30 v2.0 generic functions
\@emptytoks=\toks22
\ex@=\dimen167
))
(/usr/local/texlive/2020/texmf-dist/tex/latex/amsmath/amsbsy.sty
Package: amsbsy 1999/11/29 v1.2d Bold Symbols
\pmbraise@=\dimen168
)
(/usr/local/texlive/2020/texmf-dist/tex/latex/amsmath/amsopn.sty
Package: amsopn 2016/03/08 v2.02 operator names
)
\inf@bad=\count193
LaTeX Info: Redefining \frac on input line 227.
\uproot@=\count194
\leftroot@=\count195
LaTeX Info: Redefining \overline on input line 389.
\classnum@=\count196
\DOTSCASE@=\count197
LaTeX Info: Redefining \ldots on input line 486.
LaTeX Info: Redefining \dots on input line 489.
LaTeX Info: Redefining \cdots on input line 610.
\Mathstrutbox@=\box49
\strutbox@=\box50
\big@size=\dimen169
LaTeX Font Info:    Redeclaring font encoding OML on input line 733.
LaTeX Font Info:    Redeclaring font encoding OMS on input line 734.
\macc@depth=\count198
\c@MaxMatrixCols=\count199
\dotsspace@=\muskip16
\c@parentequation=\count266
\dspbrk@lvl=\count267
\tag@help=\toks23
\row@=\count268
\column@=\count269
\maxfields@=\count270
\andhelp@=\toks24
\eqnshift@=\dimen170
\alignsep@=\dimen171
\tagshift@=\dimen172
\tagwidth@=\dimen173
\totwidth@=\dimen174
\lineht@=\dimen175
\@envbody=\toks25
\multlinegap=\skip54
\multlinetaggap=\skip55
\mathdisplay@stack=\toks26
LaTeX Info: Redefining \[ on input line 2859.
LaTeX Info: Redefining \] on input line 2860.
)
(/usr/local/texlive/2020/texmf-dist/tex/latex/amsfonts/amssymb.sty
Package: amssymb 2013/01/14 v3.01 AMS font symbols

(/usr/local/texlive/2020/texmf-dist/tex/latex/amsfonts/amsfonts.sty
Package: amsfonts 2013/01/14 v3.01 Basic AMSFonts support
\symAMSa=\mathgroup4
\symAMSb=\mathgroup5
LaTeX Font Info:    Redeclaring math symbol \hbar on input line 98.
LaTeX Font Info:    Overwriting math alphabet `\mathfrak' in version `bold'
(Font)                  U/euf/m/n --> U/euf/b/n on input line 106.
))
(/usr/local/texlive/2020/texmf-dist/tex/latex/amscls/amsthm.sty
Package: amsthm 2017/10/31 v2.20.4
\thm@style=\toks27
\thm@bodyfont=\toks28
\thm@headfont=\toks29
\thm@notefont=\toks30
\thm@headpunct=\toks31
\thm@preskip=\skip56
\thm@postskip=\skip57
\thm@headsep=\skip58
\dth@everypar=\toks32
)
\c@theorem=\count271
\c@corollary=\count272

(/usr/local/texlive/2020/texmf-dist/tex/latex/url/url.sty
\Urlmuskip=\muskip17
Package: url 2013/09/16  ver 3.4  Verb mode for urls, etc.
)
(/usr/local/texlive/2020/texmf-dist/tex/latex/multirow/multirow.sty
Package: multirow 2019/05/31 v2.5 Span multiple rows of a table
\multirow@colwidth=\skip59
\multirow@cntb=\count273
\multirow@dima=\skip60
\bigstrutjot=\dimen176
)
(/usr/local/texlive/2020/texmf-dist/tex/latex/listings/listings.sty
\lst@mode=\count274
\lst@gtempboxa=\box51
\lst@token=\toks33
\lst@length=\count275
\lst@currlwidth=\dimen177
\lst@column=\count276
\lst@pos=\count277
\lst@lostspace=\dimen178
\lst@width=\dimen179
\lst@newlines=\count278
\lst@lineno=\count279
\lst@maxwidth=\dimen180

(/usr/local/texlive/2020/texmf-dist/tex/latex/listings/lstmisc.sty
File: lstmisc.sty 2020/03/24 1.8d (Carsten Heinz)
\c@lstnumber=\count280
\lst@skipnumbers=\count281
\lst@framebox=\box52
)
(/usr/local/texlive/2020/texmf-dist/tex/latex/listings/listings.cfg
File: listings.cfg 2020/03/24 1.8d listings configuration
))
Package: listings 2020/03/24 1.8d (Carsten Heinz)

(/usr/local/texlive/2020/texmf-dist/tex/latex/cite/cite.sty
LaTeX Info: Redefining \cite on input line 302.
LaTeX Info: Redefining \nocite on input line 332.
Package: cite 2015/02/27  v 5.5
)
(/usr/local/texlive/2020/texmf-dist/tex/latex/tools/array.sty
Package: array 2019/08/31 v2.4l Tabular extension package (FMi)
\col@sep=\dimen181
\ar@mcellbox=\box53
\extrarowheight=\dimen182
\NC@list=\toks34
\extratabsurround=\skip61
\backup@length=\skip62
\ar@cellbox=\box54
)
(/usr/local/texlive/2020/texmf-dist/tex/latex/tools/enumerate.sty
Package: enumerate 2015/07/23 v3.00 enumerate extensions (DPC)
\@enLab=\toks35
)
(/usr/local/texlive/2020/texmf-dist/tex/latex/booktabs/booktabs.sty
Package: booktabs 2020/01/12 v1.61803398 Publication quality tables
\heavyrulewidth=\dimen183
\lightrulewidth=\dimen184
\cmidrulewidth=\dimen185
\belowrulesep=\dimen186
\belowbottomsep=\dimen187
\aboverulesep=\dimen188
\abovetopsep=\dimen189
\cmidrulesep=\dimen190
\cmidrulekern=\dimen191
\defaultaddspace=\dimen192
\@cmidla=\count282
\@cmidlb=\count283
\@aboverulesep=\dimen193
\@belowrulesep=\dimen194
\@thisruleclass=\count284
\@lastruleclass=\count285
\@thisrulewidth=\dimen195
)
(/usr/local/texlive/2020/texmf-dist/tex/latex/graphics/color.sty
Package: color 2019/11/23 v1.2a Standard LaTeX Color (DPC)

(/usr/local/texlive/2020/texmf-dist/tex/latex/graphics-cfg/color.cfg
File: color.cfg 2016/01/02 v1.6 sample color configuration
)
Package color Info: Driver file: pdftex.def on input line 147.
)
(/usr/local/texlive/2020/texmf-dist/tex/latex/soul/soul.sty
Package: soul 2003/11/17 v2.4 letterspacing/underlining (mf)
\SOUL@word=\toks36
\SOUL@lasttoken=\toks37
\SOUL@cmds=\toks38
\SOUL@buffer=\toks39
\SOUL@token=\toks40
\SOUL@spaceskip=\skip63
\SOUL@ttwidth=\dimen196
\SOUL@uldp=\dimen197
\SOUL@ulht=\dimen198
)
(/usr/local/texlive/2020/texmf-dist/tex/latex/l3backend/l3backend-pdfmode.def
File: l3backend-pdfmode.def 2020-03-12 L3 backend support: PDF mode
\l__kernel_color_stack_int=\count286
\l__pdf_internal_box=\box55
)
No file OIDC.aux.
\openout1 = `OIDC.aux'.

LaTeX Font Info:    Checking defaults for OML/cmm/m/it on input line 29.
LaTeX Font Info:    ... okay on input line 29.
LaTeX Font Info:    Checking defaults for OMS/cmsy/m/n on input line 29.
LaTeX Font Info:    ... okay on input line 29.
LaTeX Font Info:    Checking defaults for OT1/cmr/m/n on input line 29.
LaTeX Font Info:    ... okay on input line 29.
LaTeX Font Info:    Checking defaults for T1/cmr/m/n on input line 29.
LaTeX Font Info:    ... okay on input line 29.
LaTeX Font Info:    Checking defaults for TS1/cmr/m/n on input line 29.
LaTeX Font Info:    ... okay on input line 29.
LaTeX Font Info:    Checking defaults for OMX/cmex/m/n on input line 29.
LaTeX Font Info:    ... okay on input line 29.
LaTeX Font Info:    Checking defaults for U/cmr/m/n on input line 29.
LaTeX Font Info:    ... okay on input line 29.
-- Lines per column: 56 (exact).
(/usr/local/texlive/2020/texmf-dist/tex/context/base/mkii/supp-pdf.mkii
[Loading MPS to PDF converter (version 2006.09.02).]
\scratchcounter=\count287
\scratchdimen=\dimen199
\scratchbox=\box56
\nofMPsegments=\count288
\nofMParguments=\count289
\everyMPshowfont=\toks41
\MPscratchCnt=\count290
\MPscratchDim=\dimen256
\MPnumerator=\count291
\makeMPintoPDFobject=\count292
\everyMPtoPDFconversion=\toks42
) (/usr/local/texlive/2020/texmf-dist/tex/latex/epstopdf-pkg/epstopdf-base.sty
Package: epstopdf-base 2020-01-24 v2.11 Base part for package epstopdf
Package epstopdf-base Info: Redefining graphics rule for `.eps' on input line 4
85.

(/usr/local/texlive/2020/texmf-dist/tex/latex/latexconfig/epstopdf-sys.cfg
File: epstopdf-sys.cfg 2010/07/13 v1.3 Configuration of (r)epstopdf for TeX Liv
e
))
Package caption Info: Begin \AtBeginDocument code.
Package caption Info: float package is loaded.
Package caption Info: listings package is loaded.
Package caption Info: End \AtBeginDocument code.
\c@lstlisting=\count293


LaTeX Warning: No \author given.


LaTeX Warning: No \author given.


LaTeX Warning: No \author given.

LaTeX Font Info:    Trying to load font information for U+msa on input line 53.

(/usr/local/texlive/2020/texmf-dist/tex/latex/amsfonts/umsa.fd
File: umsa.fd 2013/01/14 v3.01 AMS symbols A
)
LaTeX Font Info:    Trying to load font information for U+msb on input line 53.


(/usr/local/texlive/2020/texmf-dist/tex/latex/amsfonts/umsb.fd
File: umsb.fd 2013/01/14 v3.01 AMS symbols B
)
(./chap/introduction.tex

LaTeX Warning: Citation `rfc6749' on page 1 undefined on input line 6.


LaTeX Warning: Citation `OpenIDConnect' on page 1 undefined on input line 6.


LaTeX Warning: Citation `SAML' on page 1 undefined on input line 6.


LaTeX Warning: Citation `Alexa' on page 1 undefined on input line 7.


LaTeX Warning: Citation `GhasemisharifRC18' on page 1 undefined on input line 8
.


LaTeX Warning: Citation `SPRESSO' on page 1 undefined on input line 19.


LaTeX Warning: Citation `ChenPCTKT14' on page 1 undefined on input line 23.


LaTeX Warning: Citation `FettKS16' on page 1 undefined on input line 23.


LaTeX Warning: Citation `WangCW12' on page 1 undefined on input line 23.


LaTeX Warning: Citation `ZhouE14' on page 1 undefined on input line 23.


LaTeX Warning: Citation `WangZLG16' on page 1 undefined on input line 23.


LaTeX Warning: Citation `YangLLZH16' on page 1 undefined on input line 23.


LaTeX Warning: Citation `SomorovskyMSKJ12' on page 1 undefined on input line 23
.


LaTeX Warning: Citation `MohsenS16' on page 1 undefined on input line 23.


LaTeX Warning: Citation `ExplicatingSDK' on page 1 undefined on input line 24.


LaTeX Warning: Citation `ChenPCTKT14' on page 1 undefined on input line 24.


LaTeX Warning: Citation `MohsenS16' on page 1 undefined on input line 24.


LaTeX Warning: Citation `WangCW12' on page 1 undefined on input line 25.


LaTeX Warning: Citation `maler2008venn' on page 1 undefined on input line 44.


LaTeX Warning: Citation `NIST2017draft' on page 1 undefined on input line 44.


LaTeX Warning: Reference `fig:OpenID' on page 1 undefined on input line 47.


LaTeX Warning: Citation `BrowserID' on page 1 undefined on input line 56.


LaTeX Warning: Citation `SPRESSO' on page 1 undefined on input line 56.


LaTeX Warning: Citation `maler2008venn' on page 1 undefined on input line 56.


LaTeX Warning: Citation `googlenews' on page 1 undefined on input line 72.


LaTeX Warning: Citation `Onavo' on page 1 undefined on input line 72.

[1{/usr/local/texlive/2020/texmf-var/fonts/map/pdftex/updmap/pdftex.map}


]

LaTeX Warning: Citation `maler2008venn' on page 2 undefined on input line 77.


LaTeX Warning: Citation `NIST2017draft' on page 2 undefined on input line 77.


LaTeX Warning: Citation `persona' on page 2 undefined on input line 77.


LaTeX Warning: Citation `SPRESSO' on page 2 undefined on input line 77.


LaTeX Warning: Citation `OpenIDConnect' on page 2 undefined on input line 77.


LaTeX Warning: Citation `SAMLIdentifier' on page 2 undefined on input line 77.


LaTeX Warning: Citation `NIST2017draft' on page 2 undefined on input line 77.


LaTeX Warning: Citation `OpenIDConnect' on page 2 undefined on input line 77.


LaTeX Warning: Citation `SAMLIdentifier' on page 2 undefined on input line 77.


LaTeX Warning: Citation `BrowserID' on page 2 undefined on input line 81.


LaTeX Warning: Citation `SPRESSO' on page 2 undefined on input line 81.


LaTeX Warning: Citation `persona' on page 2 undefined on input line 82.


LaTeX Warning: Citation `FirefoxAccount' on page 2 undefined on input line 82.


Underfull \hbox (badness 1389) in paragraph at lines 115--125
\OT1/ptm/m/n/10 age prob-lems for-mally. Each user has one iden-ti-fier at
 []


Underfull \hbox (badness 5954) in paragraph at lines 127--130
\OT1/ptm/m/n/10 among the user's mul-ti-ple lo-gins, all the func-
 []


Underfull \hbox (badness 2922) in paragraph at lines 127--130
\OT1/ptm/m/n/10 tions ($\OML/cmm/m/it/10 F[]$\OT1/ptm/m/n/10 , $\OML/cmm/m/it/1
0 F[]$ \OT1/ptm/m/n/10 and $\OML/cmm/m/it/10 F[]$\OT1/ptm/m/n/10 ) need to be
 []


Underfull \hbox (badness 4205) in paragraph at lines 127--130
\OT1/ptm/m/n/10 de-signed cor-po-rately, and there-fore the out-put of
 []


LaTeX Warning: Citation `OpenIDConnect' on page 2 undefined on input line 136.


LaTeX Warning: Citation `SAMLIdentifier' on page 2 undefined on input line 136.



LaTeX Warning: Citation `BrowserID' on page 2 undefined on input line 138.


LaTeX Warning: Citation `SPRESSO' on page 2 undefined on input line 138.


Underfull \hbox (badness 1661) in paragraph at lines 148--158
[]\OT1/ptm/m/n/10 In this pa-per, we pro-pose UP-RESSO, an Un-link-able
 []

[2]

LaTeX Warning: Reference `sec:background' on page 3 undefined on input line 209
.


LaTeX Warning: Reference `sec:challenge' on page 3 undefined on input line 209.



LaTeX Warning: Reference `sec:related' on page 3 undefined on input line 209.


LaTeX Warning: Reference `sec:UPRESSO' on page 3 undefined on input line 209.


LaTeX Warning: Reference `sec:analysis' on page 3 undefined on input line 209.


LaTeX Warning: Reference `sec:implementation' on page 3 undefined on input line
 209.


LaTeX Warning: Reference `sec:related' on page 3 undefined on input line 209.

) (./chap/background.tex

LaTeX Warning: Citation `OpenIDConnect' on page 3 undefined on input line 9.


LaTeX Warning: Citation `SAMLIdentifier' on page 3 undefined on input line 14.

<fig/OIDC1.pdf, id=20, 510.40688pt x 187.45032pt>
File: fig/OIDC1.pdf Graphic file (type pdf)
<use fig/OIDC1.pdf>
Package pdftex.def Info: fig/OIDC1.pdf  used on input line 45.
(pdftex.def)             Requested size: 252.0pt x 92.54935pt.

LaTeX Warning: Reference `fig:OpenID' on page 3 undefined on input line 51.

<fig/overview1.pdf, id=21, 724.20563pt x 490.83376pt>
File: fig/overview1.pdf Graphic file (type pdf)
<use fig/overview1.pdf>
Package pdftex.def Info: fig/overview1.pdf  used on input line 57.
(pdftex.def)             Requested size: 252.0pt x 170.79079pt.

LaTeX Warning: Citation `DynamicRegistration' on page 3 undefined on input line
 64.


LaTeX Warning: Citation `WXWM' on page 3 undefined on input line 80.

[3 <./fig/OIDC1.pdf>]

LaTeX Warning: Citation `Shoup' on page 4 undefined on input line 83.


LaTeX Warning: Citation `Wang' on page 4 undefined on input line 83.

) (./chap/challenges.tex

LaTeX Warning: Citation `SPRESSO' on page 4 undefined on input line 10.


LaTeX Warning: Citation `SomorovskyMSKJ12' on page 4 undefined on input line 13
.


LaTeX Warning: Citation `WangCW12' on page 4 undefined on input line 13.


LaTeX Warning: Citation `ArmandoCCCPS13' on page 4 undefined on input line 13.


LaTeX Warning: Citation `ZhouE14' on page 4 undefined on input line 13.


LaTeX Warning: Citation `WangZLLYLG15' on page 4 undefined on input line 13.


LaTeX Warning: Citation `WangZLG16' on page 4 undefined on input line 13.


LaTeX Warning: Citation `YangLLZH16' on page 4 undefined on input line 13.


LaTeX Warning: Citation `MainkaMS16' on page 4 undefined on input line 13.


LaTeX Warning: Citation `MohsenS16' on page 4 undefined on input line 13.


LaTeX Warning: Citation `MainkaMSW17' on page 4 undefined on input line 13.


LaTeX Warning: Citation `YangLCZ18' on page 4 undefined on input line 13.


LaTeX Warning: Citation `YangLS17' on page 4 undefined on input line 13.


LaTeX Warning: Citation `ShiWL19' on page 4 undefined on input line 13.


LaTeX Warning: Citation `SPRESSO' on page 4 undefined on input line 14.


LaTeX Warning: Citation `ArmandoCCCT08' on page 4 undefined on input line 21.


LaTeX Warning: Citation `FettKS16' on page 4 undefined on input line 21.


LaTeX Warning: Citation `FettKS17' on page 4 undefined on input line 21.


LaTeX Warning: Citation `SomorovskyMSKJ12' on page 4 undefined on input line 21
.


LaTeX Warning: Citation `WangCW12' on page 4 undefined on input line 21.


LaTeX Warning: Citation `ArmandoCCCPS13' on page 4 undefined on input line 21.


LaTeX Warning: Citation `ZhouE14' on page 4 undefined on input line 21.


LaTeX Warning: Citation `WangZLLYLG15' on page 4 undefined on input line 21.


LaTeX Warning: Citation `WangZLG16' on page 4 undefined on input line 21.


LaTeX Warning: Citation `YangLLZH16' on page 4 undefined on input line 21.


LaTeX Warning: Citation `MainkaMS16' on page 4 undefined on input line 21.


LaTeX Warning: Citation `MohsenS16' on page 4 undefined on input line 21.


LaTeX Warning: Citation `MainkaMSW17' on page 4 undefined on input line 21.


LaTeX Warning: Citation `YangLCZ18' on page 4 undefined on input line 21.


LaTeX Warning: Citation `YangLS17' on page 4 undefined on input line 21.


LaTeX Warning: Citation `ShiWL19' on page 4 undefined on input line 21.


LaTeX Warning: Citation `WangZLG16' on page 4 undefined on input line 40.


LaTeX Warning: Reference `sec:related' on page 4 undefined on input line 44.


LaTeX Warning: Citation `ChenPCTKT14' on page 4 undefined on input line 47.


LaTeX Warning: Citation `FettKS16' on page 4 undefined on input line 47.


LaTeX Warning: Citation `WangZLG16' on page 4 undefined on input line 47.

<fig/IDCorrelation.pdf, id=36, 511.15968pt x 105.39375pt>
File: fig/IDCorrelation.pdf Graphic file (type pdf)
<use fig/IDCorrelation.pdf>
Package pdftex.def Info: fig/IDCorrelation.pdf  used on input line 88.
(pdftex.def)             Requested size: 252.0pt x 51.95857pt.

LaTeX Warning: Citation `BrowserID' on page 4 undefined on input line 97.

[4 <./fig/overview1.pdf>]

LaTeX Warning: Reference `fig:IDCorrelation' on page 5 undefined on input line 
103.


Underfull \vbox (badness 10000) has occurred while \output is active []



LaTeX Warning: Citation `OpenIDConnect' on page 5 undefined on input line 139.


LaTeX Warning: Citation `SAMLIdentifier' on page 5 undefined on input line 139.



LaTeX Warning: Citation `BrowserID' on page 5 undefined on input line 139.


LaTeX Warning: Citation `SPRESSO' on page 5 undefined on input line 139.


LaTeX Warning: Citation `SAMLIdentifier' on page 5 undefined on input line 143.



LaTeX Warning: Citation `OpenIDConnect' on page 5 undefined on input line 143.


LaTeX Warning: Citation `BrowserID' on page 5 undefined on input line 146.


LaTeX Warning: Citation `SPRESSO' on page 5 undefined on input line 146.


LaTeX Warning: Citation `SAMLIdentifier' on page 5 undefined on input line 153.



LaTeX Warning: Citation `OpenIDConnect' on page 5 undefined on input line 153.


LaTeX Warning: Citation `BrowserID' on page 5 undefined on input line 153.


LaTeX Warning: Citation `SPRESSO' on page 5 undefined on input line 153.

[5 <./fig/IDCorrelation.pdf>]) (./chap/threatmodel.tex

LaTeX Warning: Reference `implementations' on page 6 undefined on input line 23
.


LaTeX Warning: Citation `xx' on page 6 undefined on input line 42.


LaTeX Warning: Citation `WangCW12' on page 6 undefined on input line 47.


LaTeX Warning: Citation `SomorovskyMSKJ12' on page 6 undefined on input line 47
.


LaTeX Warning: Reference `implementations' on page 6 undefined on input line 48
.

[6]) (./chap/protocol.tex

LaTeX Warning: Reference `subsec:solutions' on page 7 undefined on input line 1
4.


LaTeX Warning: Reference `tbl:notations' on page 7 undefined on input line 15.


Underfull \hbox (badness 1448) in paragraph at lines 14--16
[]\OT1/ptm/m/n/10 In Sec-tion [], we high-light the de-sign prin-ci-ples of
 []


LaTeX Warning: Reference `sec:analysis' on page 7 undefined on input line 18.


LaTeX Warning: Reference `fig:UPRESSO' on page 7 undefined on input line 18.


LaTeX Warning: Reference `subsec:identifier-generation' on page 7 undefined on 
input line 107.

[7]

LaTeX Warning: Citation `DiffieH76' on page 8 undefined on input line 144.


LaTeX Warning: Reference `equ:RPIDT' on page 8 undefined on input line 151.


LaTeX Warning: Reference `equ:PID_U' on page 8 undefined on input line 171.


LaTeX Warning: Reference `equ:account' on page 8 undefined on input line 179.


LaTeX Warning: Reference `fig:process' on page 8 undefined on input line 190.

<fig/process.pdf, id=79, 603.75563pt x 534.49687pt>
File: fig/process.pdf Graphic file (type pdf)
<use fig/process.pdf>
Package pdftex.def Info: fig/process.pdf  used on input line 194.
(pdftex.def)             Requested size: 438.60315pt x 388.28734pt.

LaTeX Warning: Reference `subsec:identifier-generation' on page 8 undefined on 
input line 199.


LaTeX Warning: Reference `subsec:identifier-generation' on page 8 undefined on 
input line 199.


LaTeX Warning: Reference `subsec:identifier-generation' on page 8 undefined on 
input line 199.


LaTeX Warning: Reference `subsec:identifier-generation' on page 8 undefined on 
input line 199.

[8]

LaTeX Warning: Reference `subsec:compatible' on page 9 undefined on input line 
201.


Underfull \vbox (badness 5939) has occurred while \output is active []



LaTeX Warning: Reference `subsec:compatible' on page 9 undefined on input line 
208.


LaTeX Warning: Reference `subsec:identifier-generation' on page 9 undefined on 
input line 208.


Underfull \vbox (badness 5939) has occurred while \output is active []

 [9 <./fig/process.pdf>]

LaTeX Warning: Reference `subsec:identifier-generation' on page 10 undefined on
 input line 210.


LaTeX Warning: Reference `sec:discussion' on page 10 undefined on input line 21
5.


LaTeX Warning: Reference `sec:background' on page 10 undefined on input line 22
4.

) (./chap/analysis.tex

LaTeX Warning: Citation `FettKS17' on page 10 undefined on input line 5.

[10]
LaTeX Font Info:    Trying to load font information for OT1+pcr on input line 3
0.
 (/usr/local/texlive/2020/texmf-dist/tex/latex/psnfss/ot1pcr.fd
File: ot1pcr.fd 2001/06/04 font definitions for OT1/pcr.
)

LaTeX Warning: Citation `FettKS16' on page 11 undefined on input line 38.


LaTeX Warning: Citation `FettKS16' on page 11 undefined on input line 38.

[11]

LaTeX Warning: Reference `fig:process' on page 12 undefined on input line 74.

) (./chap/implementation.tex
Underfull \vbox (badness 10000) has occurred while \output is active []



LaTeX Warning: Citation `barkerecommendation' on page 12 undefined on input lin
e 6.


LaTeX Warning: Citation `MITREid' on page 12 undefined on input line 8.


LaTeX Warning: Citation `OIDF' on page 12 undefined on input line 8.


LaTeX Warning: Citation `jsrsasign' on page 12 undefined on input line 11.


Underfull \hbox (badness 1642) in paragraph at lines 11--15
\OT1/ptm/m/n/10 IdP and RP to ac-cept only the re-quest from the ori-
 []


LaTeX Warning: Reference `fig:process' on page 12 undefined on input line 19.


LaTeX Warning: Reference `fig:process' on page 12 undefined on input line 19.

) (./chap/evaluation.tex [12]

LaTeX Warning: Reference `fig:evaluation' on page 13 undefined on input line 12
.


LaTeX Warning: Reference `fig:process' on page 13 undefined on input line 15.


LaTeX Warning: Reference `fig:process' on page 13 undefined on input line 17.


LaTeX Warning: Reference `fig:process' on page 13 undefined on input line 17.


LaTeX Warning: Reference `fig:process' on page 13 undefined on input line 17.

<fig/evaluation2.pdf, id=113, 963.6pt x 542.025pt>
File: fig/evaluation2.pdf Graphic file (type pdf)
<use fig/evaluation2.pdf>
Package pdftex.def Info: fig/evaluation2.pdf  used on input line 24.
(pdftex.def)             Requested size: 252.0pt x 141.75023pt.
) (./chap/discussion.tex [13 <./fig/evaluation2.pdf>]

LaTeX Warning: Citation `SPRESSO' on page 14 undefined on input line 19.


LaTeX Warning: Citation `rfc6962' on page 14 undefined on input line 26.


LaTeX Warning: Reference `fig:process' on page 14 undefined on input line 29.

) (./chap/relatedwork.tex

LaTeX Warning: Citation `Shibboleth' on page 14 undefined on input line 7.


LaTeX Warning: Citation `aubry2004esup' on page 14 undefined on input line 7.


LaTeX Warning: Citation `Kerberos' on page 14 undefined on input line 8.


LaTeX Warning: Citation `WangCW12' on page 14 undefined on input line 21.


LaTeX Warning: Citation `ZhouE14' on page 14 undefined on input line 21.


LaTeX Warning: Citation `WangZLG16' on page 14 undefined on input line 21.


LaTeX Warning: Citation `YangLLZH16' on page 14 undefined on input line 21.


LaTeX Warning: Citation `ArmandoCCCPS13' on page 14 undefined on input line 22.



LaTeX Warning: Citation `SomorovskyMSKJ12' on page 14 undefined on input line 2
3.


LaTeX Warning: Citation `WangCW12' on page 14 undefined on input line 23.


LaTeX Warning: Citation `ZhouE14' on page 14 undefined on input line 23.


LaTeX Warning: Citation `WangZLG16' on page 14 undefined on input line 23.


LaTeX Warning: Citation `YangLLZH16' on page 14 undefined on input line 23.


LaTeX Warning: Citation `MainkaMS16' on page 14 undefined on input line 23.


LaTeX Warning: Citation `MainkaMSW17' on page 14 undefined on input line 23.


LaTeX Warning: Citation `SomorovskyMSKJ12' on page 14 undefined on input line 2
4.


LaTeX Warning: Citation `ZhouE14' on page 14 undefined on input line 25.


LaTeX Warning: Citation `WangZLG16' on page 14 undefined on input line 25.


LaTeX Warning: Citation `YangLLZH16' on page 14 undefined on input line 25.


LaTeX Warning: Citation `MainkaMS16' on page 14 undefined on input line 26.


LaTeX Warning: Citation `MainkaMSW17' on page 14 undefined on input line 26.


LaTeX Warning: Citation `ZhouE14' on page 14 undefined on input line 27.


LaTeX Warning: Citation `WangZLG16' on page 14 undefined on input line 27.


LaTeX Warning: Citation `YangLLZH16' on page 14 undefined on input line 27.


LaTeX Warning: Citation `YangLCZ18' on page 14 undefined on input line 27.


LaTeX Warning: Citation `ZhouE14' on page 14 undefined on input line 27.


LaTeX Warning: Citation `WangZLG16' on page 14 undefined on input line 27.


LaTeX Warning: Citation `YangLLZH16' on page 14 undefined on input line 27.


LaTeX Warning: Citation `YangLCZ18' on page 14 undefined on input line 27.


LaTeX Warning: Citation `CaoSBKVC14' on page 14 undefined on input line 28.


LaTeX Warning: Citation `WangZLLYLG15' on page 14 undefined on input line 66.


LaTeX Warning: Citation `MohsenS16' on page 14 undefined on input line 66.


LaTeX Warning: Citation `MohsenS16' on page 14 undefined on input line 66.


LaTeX Warning: Citation `WangZLLYLG15' on page 14 undefined on input line 66.


LaTeX Warning: Citation `MohsenS16' on page 14 undefined on input line 67.


LaTeX Warning: Citation `WangZLLYLG15' on page 14 undefined on input line 67.


LaTeX Warning: Citation `WangZLG16' on page 14 undefined on input line 67.


LaTeX Warning: Citation `YangLS17' on page 14 undefined on input line 67.


LaTeX Warning: Citation `ShiWL19' on page 14 undefined on input line 67.


LaTeX Warning: Citation `WangZLLYLG15' on page 14 undefined on input line 67.


LaTeX Warning: Citation `ShiWL19' on page 14 undefined on input line 67.


LaTeX Warning: Citation `MohsenS16' on page 14 undefined on input line 67.


LaTeX Warning: Citation `YangLS17' on page 14 undefined on input line 67.

[14]

LaTeX Warning: Citation `ArmandoCCCT08' on page 15 undefined on input line 78.


LaTeX Warning: Citation `FettKS16' on page 15 undefined on input line 81.


LaTeX Warning: Citation `FettKS17' on page 15 undefined on input line 81.


LaTeX Warning: Citation `FettKS16' on page 15 undefined on input line 86.


LaTeX Warning: Citation `FettKS17' on page 15 undefined on input line 86.


LaTeX Warning: Citation `YeBWD15' on page 15 undefined on input line 87.


LaTeX Warning: Citation `GhasemisharifRC18' on page 15 undefined on input line 
92.


LaTeX Warning: Citation `NIST2017draft' on page 15 undefined on input line 102.



LaTeX Warning: Citation `ChenPCTKT14' on page 15 undefined on input line 104.


LaTeX Warning: Citation `YangLLZH16' on page 15 undefined on input line 104.


LaTeX Warning: Citation `OpenIDConnect' on page 15 undefined on input line 105.



LaTeX Warning: Citation `SAML' on page 15 undefined on input line 105.


LaTeX Warning: Citation `SPRESSO' on page 15 undefined on input line 109.


LaTeX Warning: Citation `BrowserID' on page 15 undefined on input line 109.


LaTeX Warning: Citation `persona' on page 15 undefined on input line 109.


LaTeX Warning: Citation `FirefoxAccount' on page 15 undefined on input line 109
.


LaTeX Warning: Citation `FettKS14' on page 15 undefined on input line 109.


LaTeX Warning: Citation `BrowserID' on page 15 undefined on input line 109.


LaTeX Warning: Citation `ElmuftiWRR08' on page 15 undefined on input line 122.


LaTeX Warning: Citation `WangWS13' on page 15 undefined on input line 123.


LaTeX Warning: Citation `WangWS13' on page 15 undefined on input line 124.


LaTeX Warning: Citation `HanCSTW18' on page 15 undefined on input line 124.

) (./chap/conclusion.tex)
No file OIDC.bbl.

** Conference Paper **
Before submitting the final camera ready copy, remember to:

 1. Manually equalize the lengths of two columns on the last page
 of your paper;

 2. Ensure that any PostScript and/or PDF output post-processing
 uses only Type 1 fonts and that every step in the generation
 process uses the appropriate paper size.

[15] (./OIDC.aux)

LaTeX Warning: There were undefined references.


LaTeX Warning: Label(s) may have changed. Rerun to get cross-references right.

 ) 
Here is how much of TeX's memory you used:
 7005 strings out of 480608
 106023 string characters out of 5903631
 356199 words of memory out of 5000000
 22770 multiletter control sequences out of 15000+600000
 571569 words of font info for 104 fonts, out of 8000000 for 9000
 1141 hyphenation exceptions out of 8191
 41i,11n,42p,2153b,269s stack positions out of 5000i,500n,10000p,200000b,80000s
{/usr/local/texlive/2020/texmf-dist/fonts/enc/dvips/base/8r.enc}</usr/local/t
exlive/2020/texmf-dist/fonts/type1/public/amsfonts/cm/cmex10.pfb></usr/local/te
xlive/2020/texmf-dist/fonts/type1/public/amsfonts/cm/cmmi10.pfb></usr/local/tex
live/2020/texmf-dist/fonts/type1/public/amsfonts/cm/cmmi5.pfb></usr/local/texli
ve/2020/texmf-dist/fonts/type1/public/amsfonts/cm/cmmi6.pfb></usr/local/texlive
/2020/texmf-dist/fonts/type1/public/amsfonts/cm/cmmi7.pfb></usr/local/texlive/2
020/texmf-dist/fonts/type1/public/amsfonts/cm/cmmi8.pfb></usr/local/texlive/202
0/texmf-dist/fonts/type1/public/amsfonts/cm/cmmi9.pfb></usr/local/texlive/2020/
texmf-dist/fonts/type1/public/amsfonts/cm/cmr10.pfb></usr/local/texlive/2020/te
xmf-dist/fonts/type1/public/amsfonts/cm/cmr5.pfb></usr/local/texlive/2020/texmf
-dist/fonts/type1/public/amsfonts/cm/cmr6.pfb></usr/local/texlive/2020/texmf-di
st/fonts/type1/public/amsfonts/cm/cmr7.pfb></usr/local/texlive/2020/texmf-dist/
fonts/type1/public/amsfonts/cm/cmr8.pfb></usr/local/texlive/2020/texmf-dist/fon
ts/type1/public/amsfonts/cm/cmsy10.pfb></usr/local/texlive/2020/texmf-dist/font
s/type1/public/amsfonts/cm/cmsy6.pfb></usr/local/texlive/2020/texmf-dist/fonts/
type1/public/amsfonts/cm/cmsy7.pfb></usr/local/texlive/2020/texmf-dist/fonts/ty
pe1/public/amsfonts/cm/cmsy8.pfb></usr/local/texlive/2020/texmf-dist/fonts/type
1/urw/courier/ucrr8a.pfb></usr/local/texlive/2020/texmf-dist/fonts/type1/urw/ti
mes/utmb8a.pfb></usr/local/texlive/2020/texmf-dist/fonts/type1/urw/times/utmbi8
a.pfb></usr/local/texlive/2020/texmf-dist/fonts/type1/urw/times/utmr8a.pfb></us
r/local/texlive/2020/texmf-dist/fonts/type1/urw/times/utmri8a.pfb>
Output written on OIDC.pdf (15 pages, 361225 bytes).
PDF statistics:
 200 PDF objects out of 1000 (max. 8388607)
 150 compressed objects within 2 object streams
 0 named destinations out of 1000 (max. 500000)
 26 words of extra memory for PDF output out of 10000 (max. 10000000)

