This is pdfTeX, Version 3.14159265-2.6-1.40.21 (TeX Live 2020) (preloaded format=pdflatex 2020.5.6)  1 FEB 2021 22:35
entering extended mode
 restricted \write18 enabled.
 %&-line parsing enabled.
**UPPRESSO_NDSS.tex
(./UPPRESSO_NDSS.tex
LaTeX2e <2020-02-02> patch level 5
L3 programming layer <2020-03-06> (./IEEEtran.cls
Document Class: IEEEtran 2012/11/21 V1.8c by Harald Hanche-Olsen and Anders Chr
istensen
-- Based on V1.7a by Michael Shell
-- See the "IEEEtran_HOWTO" manual for usage information.
-- http://www.michaelshell.org/tex/ieeetran/
\@IEEEtrantmpdimenA=\dimen134
\@IEEEtrantmpdimenB=\dimen135
\@IEEEtrantmpcountA=\count167
\@IEEEtrantmpcountB=\count168
\@IEEEtrantmptoksA=\toks15
LaTeX Font Info:    Trying to load font information for OT1+ptm on input line 3
74.
(/usr/local/texlive/2020/texmf-dist/tex/latex/psnfss/ot1ptm.fd
File: ot1ptm.fd 2001/06/04 font definitions for OT1/ptm.
)
-- Using 8.5in x 11in (letter) paper.
-- Using PDF output.
\@IEEEnormalsizeunitybaselineskip=\dimen136
-- This is a 10 point document.
\CLASSINFOnormalsizebaselineskip=\dimen137
\CLASSINFOnormalsizeunitybaselineskip=\dimen138
\IEEEnormaljot=\dimen139
LaTeX Font Info:    Font shape `OT1/ptm/bx/n' in size <5> not available
(Font)              Font shape `OT1/ptm/b/n' tried instead on input line 732.
LaTeX Font Info:    Font shape `OT1/ptm/bx/it' in size <5> not available
(Font)              Font shape `OT1/ptm/b/it' tried instead on input line 732.
LaTeX Font Info:    Font shape `OT1/ptm/bx/n' in size <7> not available
(Font)              Font shape `OT1/ptm/b/n' tried instead on input line 732.
LaTeX Font Info:    Font shape `OT1/ptm/bx/it' in size <7> not available
(Font)              Font shape `OT1/ptm/b/it' tried instead on input line 732.
LaTeX Font Info:    Font shape `OT1/ptm/bx/n' in size <8> not available
(Font)              Font shape `OT1/ptm/b/n' tried instead on input line 732.
LaTeX Font Info:    Font shape `OT1/ptm/bx/it' in size <8> not available
(Font)              Font shape `OT1/ptm/b/it' tried instead on input line 732.
LaTeX Font Info:    Font shape `OT1/ptm/bx/n' in size <9> not available
(Font)              Font shape `OT1/ptm/b/n' tried instead on input line 732.
LaTeX Font Info:    Font shape `OT1/ptm/bx/it' in size <9> not available
(Font)              Font shape `OT1/ptm/b/it' tried instead on input line 732.
LaTeX Font Info:    Font shape `OT1/ptm/bx/n' in size <10> not available
(Font)              Font shape `OT1/ptm/b/n' tried instead on input line 732.
LaTeX Font Info:    Font shape `OT1/ptm/bx/it' in size <10> not available
(Font)              Font shape `OT1/ptm/b/it' tried instead on input line 732.
LaTeX Font Info:    Font shape `OT1/ptm/bx/n' in size <11> not available
(Font)              Font shape `OT1/ptm/b/n' tried instead on input line 732.
LaTeX Font Info:    Font shape `OT1/ptm/bx/it' in size <11> not available
(Font)              Font shape `OT1/ptm/b/it' tried instead on input line 732.
LaTeX Font Info:    Font shape `OT1/ptm/bx/n' in size <12> not available
(Font)              Font shape `OT1/ptm/b/n' tried instead on input line 732.
LaTeX Font Info:    Font shape `OT1/ptm/bx/it' in size <12> not available
(Font)              Font shape `OT1/ptm/b/it' tried instead on input line 732.
LaTeX Font Info:    Font shape `OT1/ptm/bx/n' in size <17> not available
(Font)              Font shape `OT1/ptm/b/n' tried instead on input line 732.
LaTeX Font Info:    Font shape `OT1/ptm/bx/it' in size <17> not available
(Font)              Font shape `OT1/ptm/b/it' tried instead on input line 732.
LaTeX Font Info:    Font shape `OT1/ptm/bx/n' in size <20> not available
(Font)              Font shape `OT1/ptm/b/n' tried instead on input line 732.
LaTeX Font Info:    Font shape `OT1/ptm/bx/it' in size <20> not available
(Font)              Font shape `OT1/ptm/b/it' tried instead on input line 732.
LaTeX Font Info:    Font shape `OT1/ptm/bx/n' in size <24> not available
(Font)              Font shape `OT1/ptm/b/n' tried instead on input line 732.
LaTeX Font Info:    Font shape `OT1/ptm/bx/it' in size <24> not available
(Font)              Font shape `OT1/ptm/b/it' tried instead on input line 732.
\IEEEilabelindentA=\dimen140
\IEEEilabelindentB=\dimen141
\IEEEilabelindent=\dimen142
\IEEEelabelindent=\dimen143
\IEEEdlabelindent=\dimen144
\IEEElabelindent=\dimen145
\IEEEiednormlabelsep=\dimen146
\IEEEiedmathlabelsep=\dimen147
\IEEEiedtopsep=\skip47
\c@section=\count169
\c@subsection=\count170
\c@subsubsection=\count171
\c@paragraph=\count172
\c@IEEEsubequation=\count173
\abovecaptionskip=\skip48
\belowcaptionskip=\skip49
\c@figure=\count174
\c@table=\count175
\@IEEEeqnnumcols=\count176
\@IEEEeqncolcnt=\count177
\@IEEEtmpitemindent=\dimen148
\c@IEEEbiography=\count178
\@IEEEtranrubishbin=\box45
) (/usr/local/texlive/2020/texmf-dist/tex/latex/graphics/graphicx.sty
Package: graphicx 2019/11/30 v1.2a Enhanced LaTeX Graphics (DPC,SPQR)

(/usr/local/texlive/2020/texmf-dist/tex/latex/graphics/keyval.sty
Package: keyval 2014/10/28 v1.15 key=value parser (DPC)
\KV@toks@=\toks16
)
(/usr/local/texlive/2020/texmf-dist/tex/latex/graphics/graphics.sty
Package: graphics 2019/11/30 v1.4a Standard LaTeX Graphics (DPC,SPQR)

(/usr/local/texlive/2020/texmf-dist/tex/latex/graphics/trig.sty
Package: trig 2016/01/03 v1.10 sin cos tan (DPC)
)
(/usr/local/texlive/2020/texmf-dist/tex/latex/graphics-cfg/graphics.cfg
File: graphics.cfg 2016/06/04 v1.11 sample graphics configuration
)
Package graphics Info: Driver file: pdftex.def on input line 105.

(/usr/local/texlive/2020/texmf-dist/tex/latex/graphics-def/pdftex.def
File: pdftex.def 2018/01/08 v1.0l Graphics/color driver for pdftex
))
\Gin@req@height=\dimen149
\Gin@req@width=\dimen150
)
(/usr/local/texlive/2020/texmf-dist/tex/latex/tools/verbatim.sty
Package: verbatim 2019/11/10 v1.5r LaTeX2e package for verbatim enhancements
\every@verbatim=\toks17
\verbatim@line=\toks18
\verbatim@in@stream=\read2
)
(/usr/local/texlive/2020/texmf-dist/tex/latex/caption/caption.sty
Package: caption 2020/01/03 v3.4h Customizing captions (AR)

(/usr/local/texlive/2020/texmf-dist/tex/latex/caption/caption3.sty
Package: caption3 2020/01/03 v1.8h caption3 kernel (AR)
Package caption3 Info: TeX engine: e-TeX on input line 61.
\captionmargin=\dimen151
\captionmargin@=\dimen152
\captionwidth=\dimen153
\caption@tempdima=\dimen154
\caption@indent=\dimen155
\caption@parindent=\dimen156
\caption@hangindent=\dimen157
Package caption Info: Unknown document class (or package),
(caption)             standard defaults will be used.
Package caption Info: \@makecaption = \long macro:#1#2->\ifx \@captype \@IEEEta
blestring \footnotesize {\centering \normalfont \footnotesize #1.\qquad \scshap
e #2\par }\@IEEEtablecaptionsepspace \else \@IEEEfigurecaptionsepspace \setbox 
\@tempboxa \hbox {\normalfont \footnotesize {#1.}~~ #2}\ifdim \wd \@tempboxa >\
hsize \setbox \@tempboxa \hbox {\normalfont \footnotesize {#1.}~~ }\parbox [t]{
\hsize }{\normalfont \footnotesize \noindent \unhbox \@tempboxa #2}\else \ifCLA
SSOPTIONconference \hbox to\hsize {\normalfont \footnotesize \box \@tempboxa \h
fil }\else \hbox to\hsize {\normalfont \footnotesize \box \@tempboxa \hfil }\fi
 \fi \fi  on input line 1082.
)

Package caption Warning: Unknown document class (or package),
(caption)                standard defaults will be used.
See the caption package documentation for explanation.

\c@caption@flags=\count179
\c@continuedfloat=\count180
) (/usr/local/texlive/2020/texmf-dist/tex/latex/amsmath/amsmath.sty
Package: amsmath 2020/01/20 v2.17e AMS math features
\@mathmargin=\skip50

For additional information on amsmath, use the `?' option.
(/usr/local/texlive/2020/texmf-dist/tex/latex/amsmath/amstext.sty
Package: amstext 2000/06/29 v2.01 AMS text

(/usr/local/texlive/2020/texmf-dist/tex/latex/amsmath/amsgen.sty
File: amsgen.sty 1999/11/30 v2.0 generic functions
\@emptytoks=\toks19
\ex@=\dimen158
))
(/usr/local/texlive/2020/texmf-dist/tex/latex/amsmath/amsbsy.sty
Package: amsbsy 1999/11/29 v1.2d Bold Symbols
\pmbraise@=\dimen159
)
(/usr/local/texlive/2020/texmf-dist/tex/latex/amsmath/amsopn.sty
Package: amsopn 2016/03/08 v2.02 operator names
)
\inf@bad=\count181
LaTeX Info: Redefining \frac on input line 227.
\uproot@=\count182
\leftroot@=\count183
LaTeX Info: Redefining \overline on input line 389.
\classnum@=\count184
\DOTSCASE@=\count185
LaTeX Info: Redefining \ldots on input line 486.
LaTeX Info: Redefining \dots on input line 489.
LaTeX Info: Redefining \cdots on input line 610.
\Mathstrutbox@=\box46
\strutbox@=\box47
\big@size=\dimen160
LaTeX Font Info:    Redeclaring font encoding OML on input line 733.
LaTeX Font Info:    Redeclaring font encoding OMS on input line 734.
\macc@depth=\count186
\c@MaxMatrixCols=\count187
\dotsspace@=\muskip16
\c@parentequation=\count188
\dspbrk@lvl=\count189
\tag@help=\toks20
\row@=\count190
\column@=\count191
\maxfields@=\count192
\andhelp@=\toks21
\eqnshift@=\dimen161
\alignsep@=\dimen162
\tagshift@=\dimen163
\tagwidth@=\dimen164
\totwidth@=\dimen165
\lineht@=\dimen166
\@envbody=\toks22
\multlinegap=\skip51
\multlinetaggap=\skip52
\mathdisplay@stack=\toks23
LaTeX Info: Redefining \[ on input line 2859.
LaTeX Info: Redefining \] on input line 2860.
)
(/usr/local/texlive/2020/texmf-dist/tex/latex/amsfonts/amssymb.sty
Package: amssymb 2013/01/14 v3.01 AMS font symbols

(/usr/local/texlive/2020/texmf-dist/tex/latex/amsfonts/amsfonts.sty
Package: amsfonts 2013/01/14 v3.01 Basic AMSFonts support
\symAMSa=\mathgroup4
\symAMSb=\mathgroup5
LaTeX Font Info:    Redeclaring math symbol \hbar on input line 98.
LaTeX Font Info:    Overwriting math alphabet `\mathfrak' in version `bold'
(Font)                  U/euf/m/n --> U/euf/b/n on input line 106.
))
(/usr/local/texlive/2020/texmf-dist/tex/latex/amscls/amsthm.sty
Package: amsthm 2017/10/31 v2.20.4
\thm@style=\toks24
\thm@bodyfont=\toks25
\thm@headfont=\toks26
\thm@notefont=\toks27
\thm@headpunct=\toks28
\thm@preskip=\skip53
\thm@postskip=\skip54
\thm@headsep=\skip55
\dth@everypar=\toks29
)
(/usr/local/texlive/2020/texmf-dist/tex/latex/url/url.sty
\Urlmuskip=\muskip17
Package: url 2013/09/16  ver 3.4  Verb mode for urls, etc.
)
(/usr/local/texlive/2020/texmf-dist/tex/latex/multirow/multirow.sty
Package: multirow 2019/05/31 v2.5 Span multiple rows of a table
\multirow@colwidth=\skip56
\multirow@cntb=\count193
\multirow@dima=\skip57
\bigstrutjot=\dimen167
)
(/usr/local/texlive/2020/texmf-dist/tex/latex/listings/listings.sty
\lst@mode=\count194
\lst@gtempboxa=\box48
\lst@token=\toks30
\lst@length=\count195
\lst@currlwidth=\dimen168
\lst@column=\count196
\lst@pos=\count197
\lst@lostspace=\dimen169
\lst@width=\dimen170
\lst@newlines=\count198
\lst@lineno=\count199
\lst@maxwidth=\dimen171

(/usr/local/texlive/2020/texmf-dist/tex/latex/listings/lstmisc.sty
File: lstmisc.sty 2020/03/24 1.8d (Carsten Heinz)
\c@lstnumber=\count266
\lst@skipnumbers=\count267
\lst@framebox=\box49
)
(/usr/local/texlive/2020/texmf-dist/tex/latex/listings/listings.cfg
File: listings.cfg 2020/03/24 1.8d listings configuration
))
Package: listings 2020/03/24 1.8d (Carsten Heinz)

(/usr/local/texlive/2020/texmf-dist/tex/latex/cite/cite.sty
LaTeX Info: Redefining \cite on input line 302.
LaTeX Info: Redefining \nocite on input line 332.
Package: cite 2015/02/27  v 5.5
)
(/usr/local/texlive/2020/texmf-dist/tex/latex/tools/array.sty
Package: array 2019/08/31 v2.4l Tabular extension package (FMi)
\col@sep=\dimen172
\ar@mcellbox=\box50
\extrarowheight=\dimen173
\NC@list=\toks31
\extratabsurround=\skip58
\backup@length=\skip59
\ar@cellbox=\box51
)
(/usr/local/texlive/2020/texmf-dist/tex/latex/tools/enumerate.sty
Package: enumerate 2015/07/23 v3.00 enumerate extensions (DPC)
\@enLab=\toks32
)
(/usr/local/texlive/2020/texmf-dist/tex/latex/booktabs/booktabs.sty
Package: booktabs 2020/01/12 v1.61803398 Publication quality tables
\heavyrulewidth=\dimen174
\lightrulewidth=\dimen175
\cmidrulewidth=\dimen176
\belowrulesep=\dimen177
\belowbottomsep=\dimen178
\aboverulesep=\dimen179
\abovetopsep=\dimen180
\cmidrulesep=\dimen181
\cmidrulekern=\dimen182
\defaultaddspace=\dimen183
\@cmidla=\count268
\@cmidlb=\count269
\@aboverulesep=\dimen184
\@belowrulesep=\dimen185
\@thisruleclass=\count270
\@lastruleclass=\count271
\@thisrulewidth=\dimen186
)
(/usr/local/texlive/2020/texmf-dist/tex/latex/graphics/color.sty
Package: color 2019/11/23 v1.2a Standard LaTeX Color (DPC)

(/usr/local/texlive/2020/texmf-dist/tex/latex/graphics-cfg/color.cfg
File: color.cfg 2016/01/02 v1.6 sample color configuration
)
Package color Info: Driver file: pdftex.def on input line 147.
)
(/usr/local/texlive/2020/texmf-dist/tex/latex/soul/soul.sty
Package: soul 2003/11/17 v2.4 letterspacing/underlining (mf)
\SOUL@word=\toks33
\SOUL@lasttoken=\toks34
\SOUL@cmds=\toks35
\SOUL@buffer=\toks36
\SOUL@token=\toks37
\SOUL@spaceskip=\skip60
\SOUL@ttwidth=\dimen187
\SOUL@uldp=\dimen188
\SOUL@ulht=\dimen189
)
(/usr/local/texlive/2020/texmf-dist/tex/latex/tools/multicol.sty
Package: multicol 2019/12/09 v1.8y multicolumn formatting (FMi)
\c@tracingmulticols=\count272
\mult@box=\box52
\multicol@leftmargin=\dimen190
\c@unbalance=\count273
\c@collectmore=\count274
\doublecol@number=\count275
\multicoltolerance=\count276
\multicolpretolerance=\count277
\full@width=\dimen191
\page@free=\dimen192
\premulticols=\dimen193
\postmulticols=\dimen194
\multicolsep=\skip61
\multicolbaselineskip=\skip62
\partial@page=\box53
\last@line=\box54
\maxbalancingoverflow=\dimen195
\mult@rightbox=\box55
\mult@grightbox=\box56
\mult@gfirstbox=\box57
\mult@firstbox=\box58
\@tempa=\box59
\@tempa=\box60
\@tempa=\box61
\@tempa=\box62
\@tempa=\box63
\@tempa=\box64
\@tempa=\box65
\@tempa=\box66
\@tempa=\box67
\@tempa=\box68
\@tempa=\box69
\@tempa=\box70
\@tempa=\box71
\@tempa=\box72
\@tempa=\box73
\@tempa=\box74
\@tempa=\box75
\@tempa=\box76
\@tempa=\box77
\@tempa=\box78
\@tempa=\box79
\@tempa=\box80
\@tempa=\box81
\@tempa=\box82
\@tempa=\box83
\@tempa=\box84
\@tempa=\box85
\@tempa=\box86
\@tempa=\box87
\@tempa=\box88
\@tempa=\box89
\@tempa=\box90
\@tempa=\box91
\@tempa=\box92
\@tempa=\box93
\@tempa=\box94
\@tempa=\box95
\c@minrows=\count278
\c@columnbadness=\count279
\c@finalcolumnbadness=\count280
\last@try=\dimen196
\multicolovershoot=\dimen197
\multicolundershoot=\dimen198
\mult@nat@firstbox=\box96
\colbreak@box=\box97
\mc@col@check@num=\count281
)
(/usr/local/texlive/2020/texmf-dist/tex/latex/algorithm2e/algorithm2e.sty
Package: algorithm2e 2017/07/18 v5.2 algorithms environments
\c@AlgoLine=\count282

(/usr/local/texlive/2020/texmf-dist/tex/latex/base/ifthen.sty
Package: ifthen 2014/09/29 v1.1c Standard LaTeX ifthen package (DPC)
)
\algocf@hangindent=\skip63

(/usr/local/texlive/2020/texmf-dist/tex/latex/ifoddpage/ifoddpage.sty
Package: ifoddpage 2016/04/23 v1.1 Conditionals for odd/even page detection
\c@checkoddpage=\count283
)
(/usr/local/texlive/2020/texmf-dist/tex/latex/tools/xspace.sty
Package: xspace 2014/10/28 v1.13 Space after command names (DPC,MH)
)
(/usr/local/texlive/2020/texmf-dist/tex/latex/relsize/relsize.sty
Package: relsize 2013/03/29 ver 4.1
)
\skiptotal=\skip64
\skiplinenumber=\skip65
\skiprule=\skip66
\skiphlne=\skip67
\skiptext=\skip68
\skiplength=\skip69
\algomargin=\skip70
\skipalgocfslide=\skip71
\algowidth=\dimen199
\inoutsize=\dimen256
\inoutindent=\dimen257
\interspacetitleruled=\dimen258
\interspacealgoruled=\dimen259
\interspacetitleboxruled=\dimen260
\algocf@ruledwidth=\skip72
\algocf@inoutbox=\box98
\algocf@inputbox=\box99
\AlCapSkip=\skip73
\AlCapHSkip=\skip74
\algoskipindent=\skip75
\algocf@nlbox=\box100
\algocf@hangingbox=\box101
\algocf@untilbox=\box102
\algocf@skipuntil=\skip76
\algocf@capbox=\box103
\algocf@lcaptionbox=\skip77
\algoheightruledefault=\skip78
\algoheightrule=\skip79
\algotitleheightruledefault=\skip80
\algotitleheightrule=\skip81
\c@algocfline=\count284
\c@algocfproc=\count285
\c@algocf=\count286
\algocf@algoframe=\box104
\algocf@algobox=\box105
)
(/usr/local/texlive/2020/texmf-dist/tex/latex/algorithms/algorithm.sty
Package: algorithm 2009/08/24 v0.1 Document Style `algorithm' - floating enviro
nment

(/usr/local/texlive/2020/texmf-dist/tex/latex/float/float.sty
Package: float 2001/11/08 v1.3d Float enhancements (AL)
\c@float@type=\count287
\float@exts=\toks38
\float@box=\box106
\@float@everytoks=\toks39
\@floatcapt=\box107
)
\@float@every@algorithm=\toks40
\c@algorithm=\count288
)
(/usr/local/texlive/2020/texmf-dist/tex/latex/algorithms/algorithmic.sty
Package: algorithmic 2009/08/24 v0.1 Document Style `algorithmic'
\c@ALC@unique=\count289
\c@ALC@line=\count290
\c@ALC@rem=\count291
\c@ALC@depth=\count292
\ALC@tlm=\skip82
\algorithmicindent=\skip83
)
\c@theorem=\count293
\c@corollary=\count294
\c@definition=\count295
\c@lemma=\count296

(/usr/local/texlive/2020/texmf-dist/tex/latex/l3backend/l3backend-pdfmode.def
File: l3backend-pdfmode.def 2020-03-12 L3 backend support: PDF mode
\l__kernel_color_stack_int=\count297
\l__pdf_internal_box=\box108
)
No file UPPRESSO_NDSS.aux.
\openout1 = `UPPRESSO_NDSS.aux'.

LaTeX Font Info:    Checking defaults for OML/cmm/m/it on input line 136.
LaTeX Font Info:    ... okay on input line 136.
LaTeX Font Info:    Checking defaults for OMS/cmsy/m/n on input line 136.
LaTeX Font Info:    ... okay on input line 136.
LaTeX Font Info:    Checking defaults for OT1/cmr/m/n on input line 136.
LaTeX Font Info:    ... okay on input line 136.
LaTeX Font Info:    Checking defaults for T1/cmr/m/n on input line 136.
LaTeX Font Info:    ... okay on input line 136.
LaTeX Font Info:    Checking defaults for TS1/cmr/m/n on input line 136.
LaTeX Font Info:    ... okay on input line 136.
LaTeX Font Info:    Checking defaults for OMX/cmex/m/n on input line 136.
LaTeX Font Info:    ... okay on input line 136.
LaTeX Font Info:    Checking defaults for U/cmr/m/n on input line 136.
LaTeX Font Info:    ... okay on input line 136.
(/usr/local/texlive/2020/texmf-dist/tex/context/base/mkii/supp-pdf.mkii
[Loading MPS to PDF converter (version 2006.09.02).]
\scratchcounter=\count298
\scratchdimen=\dimen261
\scratchbox=\box109
\nofMPsegments=\count299
\nofMParguments=\count300
\everyMPshowfont=\toks41
\MPscratchCnt=\count301
\MPscratchDim=\dimen262
\MPnumerator=\count302
\makeMPintoPDFobject=\count303
\everyMPtoPDFconversion=\toks42
) (/usr/local/texlive/2020/texmf-dist/tex/latex/epstopdf-pkg/epstopdf-base.sty
Package: epstopdf-base 2020-01-24 v2.11 Base part for package epstopdf
Package epstopdf-base Info: Redefining graphics rule for `.eps' on input line 4
85.

(/usr/local/texlive/2020/texmf-dist/tex/latex/latexconfig/epstopdf-sys.cfg
File: epstopdf-sys.cfg 2010/07/13 v1.3 Configuration of (r)epstopdf for TeX Liv
e
))
Package caption Info: Begin \AtBeginDocument code.
Package caption Info: float package is loaded.
Package caption Info: listings package is loaded.
Package caption Info: End \AtBeginDocument code.
\c@lstlisting=\count304


LaTeX Warning: No \author given.

LaTeX Font Info:    Trying to load font information for U+msa on input line 155
.
(/usr/local/texlive/2020/texmf-dist/tex/latex/amsfonts/umsa.fd
File: umsa.fd 2013/01/14 v3.01 AMS symbols A
)
LaTeX Font Info:    Trying to load font information for U+msb on input line 155
.

(/usr/local/texlive/2020/texmf-dist/tex/latex/amsfonts/umsb.fd
File: umsb.fd 2013/01/14 v3.01 AMS symbols B
)
(./chap_Compact/introduction.tex

LaTeX Warning: Citation `OpenIDConnect' on page 1 undefined on input line 6.


LaTeX Warning: Citation `rfc6749' on page 1 undefined on input line 6.


LaTeX Warning: Citation `SAML' on page 1 undefined on input line 6.


LaTeX Warning: Citation `Alexa' on page 1 undefined on input line 9.


LaTeX Warning: Citation `GhasemisharifRC18' on page 1 undefined on input line 9
.


LaTeX Warning: Citation `WangCW12' on page 1 undefined on input line 29.


LaTeX Warning: Citation `ccsSunB12' on page 1 undefined on input line 29.


LaTeX Warning: Citation `SomorovskyMSKJ12' on page 1 undefined on input line 29
.


LaTeX Warning: Citation `ArmandoCCCPS13' on page 1 undefined on input line 29.


LaTeX Warning: Citation `DiscoveringJCS' on page 1 undefined on input line 29.


LaTeX Warning: Citation `dimvaLiM16' on page 1 undefined on input line 29.


LaTeX Warning: Citation `WangZLG16' on page 1 undefined on input line 29.


LaTeX Warning: Citation `MainkaMS16' on page 1 undefined on input line 29.


LaTeX Warning: Citation `MainkaMSW17' on page 1 undefined on input line 29.


LaTeX Warning: Citation `YangLCZ18' on page 1 undefined on input line 29.


LaTeX Warning: Citation `maler2008venn' on page 1 undefined on input line 29.


LaTeX Warning: Citation `NIST2017draft' on page 1 undefined on input line 29.


LaTeX Warning: Citation `BrowserID' on page 1 undefined on input line 29.


LaTeX Warning: Citation `SPRESSO' on page 1 undefined on input line 29.


LaTeX Warning: Reference `fig:wechat' on page 1 undefined on input line 30.


LaTeX Warning: Reference `fig:OpenID' on page 1 undefined on input line 31.


LaTeX Warning: Citation `BrowserID' on page 1 undefined on input line 35.


LaTeX Warning: Citation `SPRESSO' on page 1 undefined on input line 35.


LaTeX Warning: Citation `Google' on page 1 undefined on input line 35.


LaTeX Warning: Citation `FirefoxAccount' on page 1 undefined on input line 35.


LaTeX Warning: Citation `maler2008venn' on page 1 undefined on input line 35.


LaTeX Warning: Citation `googlenews' on page 1 undefined on input line 37.


LaTeX Warning: Citation `Onavo' on page 1 undefined on input line 37.


LaTeX Warning: Citation `agrawal2003information' on page 1 undefined on input l
ine 37.


LaTeX Warning: Citation `de2010practical' on page 1 undefined on input line 37.




pdfTeX warning: /Library/TeX/texbin/pdflatex (file ./fig/wechat.pdf): PDF inclu
sion: found PDF version <1.7>, but at most version <1.5> allowed
<fig/wechat.pdf, id=1, 1828.963pt x 1085.18425pt>
File: fig/wechat.pdf Graphic file (type pdf)
<use fig/wechat.pdf>
Package pdftex.def Info: fig/wechat.pdf  used on input line 41.
(pdftex.def)             Requested size: 253.04987pt x 150.13643pt.

LaTeX Warning: Citation `maler2008venn' on page 1 undefined on input line 52.


LaTeX Warning: Citation `NIST2017draft' on page 1 undefined on input line 52.


LaTeX Warning: Citation `BrowserID' on page 1 undefined on input line 52.


LaTeX Warning: Citation `SPRESSO' on page 1 undefined on input line 52.


LaTeX Warning: Citation `NIST2017draft' on page 1 undefined on input line 52.


LaTeX Warning: Citation `OpenIDConnect' on page 1 undefined on input line 52.


LaTeX Warning: Citation `SAMLIdentifier' on page 1 undefined on input line 52.


LaTeX Warning: Citation `BrowserID' on page 1 undefined on input line 52.


LaTeX Warning: Citation `SPRESSO' on page 1 undefined on input line 52.


LaTeX Warning: Citation `persona' on page 1 undefined on input line 52.


LaTeX Warning: Citation `FirefoxAccount' on page 1 undefined on input line 52.


Underfull \vbox (badness 2726) has occurred while \output is active []

 [1{/usr/local/texlive/2020/texmf-var/fonts/map/pdftex/updmap/pdftex.map}


]
Underfull \hbox (badness 10000) in paragraph at lines 57--66
[]\OT1/ptm/m/n/10 UPPRESSO de-signs three one-way identifier-
 []


Underfull \hbox (badness 10000) in paragraph at lines 57--66
\OT1/ptm/m/n/10 transformation func-tions based on el-lip-tic curve
 []


Underfull \hbox (badness 10000) in paragraph at lines 57--66
\OT1/ptm/m/n/10 cryp-tog-ra-phy. Us-ing the one-way trap-door func-tion
 []


Underfull \hbox (badness 1584) in paragraph at lines 57--66
\OT1/ptm/m/n/10 to gen-er-ate a privacy-preserving pseudo-identifier $\OML/cmm/
m/it/10 PID[]$
 []


Underfull \hbox (badness 1565) in paragraph at lines 57--66
\OT1/ptm/m/n/10 for the user based on her iden-tity $\OML/cmm/m/it/10 ID[]$ \OT
1/ptm/m/n/10 and $\OML/cmm/m/it/10 PID[]$\OT1/ptm/m/n/10 .
 []


Underfull \hbox (badness 1902) in paragraph at lines 57--66
\OT1/ptm/m/n/10 Fi-nally, us-ing a spe-cial identifier-transformation func-tion

 []


LaTeX Warning: Citation `OpenIDConnect' on page 2 undefined on input line 71.


LaTeX Warning: Citation `SPRESSO' on page 2 undefined on input line 71.


LaTeX Warning: Reference `sec:background' on page 2 undefined on input line 75.



LaTeX Warning: Reference `sec:challenge' on page 2 undefined on input line 75.


LaTeX Warning: Reference `sec:assumptionandthreatmodel' on page 2 undefined on 
input line 75.


LaTeX Warning: Reference `sec:UPPRESSO' on page 2 undefined on input line 75.


LaTeX Warning: Reference `sec:privacy' on page 2 undefined on input line 75.


LaTeX Warning: Reference `sec:formal' on page 2 undefined on input line 75.


LaTeX Warning: Reference `sec:implementation' on page 2 undefined on input line
 75.


LaTeX Warning: Reference `sec:discussion' on page 2 undefined on input line 75.



LaTeX Warning: Reference `sec:related' on page 2 undefined on input line 75.


LaTeX Warning: Reference `sec:conclusion' on page 2 undefined on input line 75.


) (./chap_Compact/background.tex [2 <./fig/wechat.pdf>]

LaTeX Warning: Citation `OpenIDConnect' on page 3 undefined on input line 8.


LaTeX Warning: Reference `sec:discussion' on page 3 undefined on input line 20.



LaTeX Warning: Reference `fig:OpenID' on page 3 undefined on input line 22.


LaTeX Warning: Citation `DynamicRegistration' on page 3 undefined on input line
 27.


LaTeX Warning: Reference `sec:UPPRESSO' on page 3 undefined on input line 29.

<fig/OIDC1.pdf, id=31, 329.70572pt x 163.3306pt>
File: fig/OIDC1.pdf Graphic file (type pdf)
<use fig/OIDC1.pdf>
Package pdftex.def Info: fig/OIDC1.pdf  used on input line 33.
(pdftex.def)             Requested size: 240.39659pt x 119.08829pt.
) (./chap_Compact/challenges.tex

LaTeX Warning: Reference `tbl:notations' on page 3 undefined on input line 5.


LaTeX Warning: Citation `SPRESSO' on page 3 undefined on input line 9.


LaTeX Warning: Citation `ArmandoCCCT08' on page 3 undefined on input line 10.


LaTeX Warning: Citation `FettKS16' on page 3 undefined on input line 10.


LaTeX Warning: Citation `FettKS17' on page 3 undefined on input line 10.


LaTeX Warning: Citation `SomorovskyMSKJ12' on page 3 undefined on input line 10
.


LaTeX Warning: Citation `WangCW12' on page 3 undefined on input line 10.


LaTeX Warning: Citation `ArmandoCCCPS13' on page 3 undefined on input line 10.


LaTeX Warning: Citation `ZhouE14' on page 3 undefined on input line 10.


LaTeX Warning: Citation `WangZLLYLG15' on page 3 undefined on input line 10.


LaTeX Warning: Citation `WangZLG16' on page 3 undefined on input line 10.


LaTeX Warning: Citation `YangLLZH16' on page 3 undefined on input line 10.


LaTeX Warning: Citation `MainkaMS16' on page 3 undefined on input line 10.


LaTeX Warning: Citation `MainkaMSW17' on page 3 undefined on input line 10.


LaTeX Warning: Citation `YangLCZ18' on page 3 undefined on input line 10.


LaTeX Warning: Citation `YangLS17' on page 3 undefined on input line 10.


LaTeX Warning: Citation `ShiWL19' on page 3 undefined on input line 10.


LaTeX Warning: Citation `ChenPCTKT14' on page 3 undefined on input line 10.


LaTeX Warning: Citation `ccsSunB12' on page 3 undefined on input line 10.


LaTeX Warning: Citation `DiscoveringJCS' on page 3 undefined on input line 10.


LaTeX Warning: Citation `dimvaLiM16' on page 3 undefined on input line 10.


LaTeX Warning: Citation `CaoSBKVC14' on page 3 undefined on input line 10.


LaTeX Warning: Citation `TowardsShehabM14' on page 3 undefined on input line 10
.


LaTeX Warning: Citation `ChenPCTKT14' on page 3 undefined on input line 13.


LaTeX Warning: Citation `WangCW12' on page 3 undefined on input line 13.


LaTeX Warning: Citation `ccsSunB12' on page 3 undefined on input line 13.


LaTeX Warning: Citation `ArmandoCCCPS13' on page 3 undefined on input line 13.


LaTeX Warning: Citation `DiscoveringJCS' on page 3 undefined on input line 13.


LaTeX Warning: Citation `dimvaLiM16' on page 3 undefined on input line 13.


LaTeX Warning: Citation `WangCW12' on page 3 undefined on input line 14.


Overfull \hbox (1.6308pt too wide) in paragraph at lines 23--23
[]|\OT1/ptm/b/n/9 Notation| 
 []


Underfull \hbox (badness 6412) in paragraph at lines 49--49
[]|\OT1/ptm/m/n/7 A user's iden-ti-fier at an RP: $\OML/cmm/m/it/7 A \OT1/cmr/m
/n/7 =
 []

[3 <./fig/OIDC1.pdf>]

LaTeX Warning: Reference `fig:IDCorrelation' on page 4 undefined on input line 
109.

<fig/IDCorrelation.pdf, id=48, 415.57599pt x 141.8361pt>
File: fig/IDCorrelation.pdf Graphic file (type pdf)
<use fig/IDCorrelation.pdf>
Package pdftex.def Info: fig/IDCorrelation.pdf  used on input line 116.
(pdftex.def)             Requested size: 202.44066pt x 69.09341pt.

Underfull \hbox (badness 10000) in paragraph at lines 183--184
\OT1/ptm/b/n/10 Trapdoor user iden-ti-fi-ca-tion. \OT1/ptm/m/n/10 To pre-vent R
P-based
 []


Underfull \hbox (badness 5939) in paragraph at lines 183--184
\OT1/ptm/m/n/10 iden-tity link-age, we de-sign a trans-for-ma-tion func-tion
 []


LaTeX Warning: Citation `OpenIDConnect' on page 4 undefined on input line 210.


LaTeX Warning: Citation `BrowserID' on page 4 undefined on input line 210.


LaTeX Warning: Citation `SPRESSO' on page 4 undefined on input line 210.


LaTeX Warning: Reference `fig:IDCorrelation' on page 4 undefined on input line 
210.


LaTeX Warning: Reference `tbl:compare' on page 4 undefined on input line 210.

[4 <./fig/IDCorrelation.pdf>]
Underfull \hbox (badness 2269) in paragraph at lines 246--246
[]\OT1/ptm/m/n/10 TABLE II: |Identifier-transformation in privacy-preserving
 []

) (./chap_Compact/threatmodel.tex

LaTeX Warning: Citation `WangZWYH16' on page 5 undefined on input line 30.


LaTeX Warning: Citation `SunCL12' on page 5 undefined on input line 30.

) (./chap_Compact/protocol.tex
Underfull \hbox (badness 2689) in paragraph at lines 4--6
[]\OT1/ptm/m/n/10 Once we con-cep-tu-al-ize the pri-vacy prob-lem into a
 []

[5]
Underfull \hbox (badness 7796) in paragraph at lines 13--29
[]\OT1/ptm/m/n/10 We con-struct the three func-tions, $\OMS/cmsy/m/n/10 F[]$\OT
1/ptm/m/n/10 ,
 []


LaTeX Warning: Reference `equ:PIDRP' on page 6 undefined on input line 55.


LaTeX Warning: Reference `equ:PIDU' on page 6 undefined on input line 55.


Underfull \hbox (badness 3525) in paragraph at lines 52--57
\OT1/ptm/m/n/10 From Equa-tions [] and [], we see that $\OML/cmm/m/it/10 PID[] 
\OT1/cmr/m/n/10 =
 []


LaTeX Warning: Reference `equ:PIDRP' on page 6 undefined on input line 68.


LaTeX Warning: Reference `equ:PIDU' on page 6 undefined on input line 68.


LaTeX Warning: Reference `equ:Account' on page 6 undefined on input line 68.


LaTeX Warning: Reference `sec:challenge' on page 6 undefined on input line 84.


LaTeX Warning: Reference `fig:process' on page 6 undefined on input line 133.

<fig/process-js.pdf, id=89, 633.86812pt x 591.71063pt>
File: fig/process-js.pdf Graphic file (type pdf)
<use fig/process-js.pdf>
Package pdftex.def Info: fig/process-js.pdf  used on input line 140.
(pdftex.def)             Requested size: 356.38399pt x 332.69194pt.
[6]
Underfull \hbox (badness 1383) in paragraph at lines 190--191
[]\OT1/ptm/m/n/10 The IdP con-structs and signs the iden-tity proof
 []


Underfull \hbox (badness 3049) in paragraph at lines 203--204
[]\OT1/ptm/m/n/10 The RP ex-tracts $\OML/cmm/m/it/10 PID[]$\OT1/ptm/m/n/10 , ca
l-cu-lates $\OML/cmm/m/it/10 Accout \OT1/cmr/m/n/10 =
 []


LaTeX Warning: Citation `DynamicRegistration' on page 7 undefined on input line
 344.


LaTeX Warning: Reference `sec:discussion' on page 7 undefined on input line 353
.

[7]) (./chap_Compact/privacy.tex

LaTeX Warning: Citation `GoldwasserK16' on page 8 undefined on input line 5.

LaTeX Font Info:    Trying to load font information for OMS+ptm on input line 9
.
(/usr/local/texlive/2020/texmf-dist/tex/latex/psnfss/omsptm.fd
File: omsptm.fd 
)
LaTeX Font Info:    Font shape `OMS/ptm/m/n' in size <10> not available
(Font)              Font shape `OMS/cmsy/m/n' tried instead on input line 9.


LaTeX Warning: Reference `fig:process' on page 8 undefined on input line 15.



pdfTeX warning: /Library/TeX/texbin/pdflatex (file ./fig/game0.pdf): PDF inclus
ion: found PDF version <1.7>, but at most version <1.5> allowed
<fig/game0.pdf, id=99, 405.76593pt x 273.27094pt>
File: fig/game0.pdf Graphic file (type pdf)
<use fig/game0.pdf>
Package pdftex.def Info: fig/game0.pdf  used on input line 21.
(pdftex.def)             Requested size: 253.04987pt x 170.42696pt.

LaTeX Warning: Reference `tbl:notations' on page 8 undefined on input line 32.

[8 <./fig/process-js.pdf>]
Underfull \hbox (badness 1596) in paragraph at lines 34--35
\OT1/ptm/m/n/10 gen-er-ated based on $\OML/cmm/m/it/10 ID[]$ \OT1/ptm/m/n/10 an
d cor-re-spond-ing $\OML/cmm/m/it/10 n$
 []


LaTeX Warning: Reference `fig:game0' on page 9 undefined on input line 37.


LaTeX Warning: Reference `fig:game1' on page 9 undefined on input line 43.


LaTeX Warning: Reference `fig:game2' on page 9 undefined on input line 45.


Underfull \hbox (badness 2600) in paragraph at lines 47--49
\OML/cmm/m/it/10 A[]\OT1/cmr/m/n/10 (\OML/cmm/m/it/10 P; xP; yP; zP\OT1/cmr/m/n
/10 )$ \OT1/ptm/m/n/10 and $\OML/cmm/m/it/10 b[] \OMS/cmsy/m/n/10   \OML/cmm/m/
it/10 A[]\OT1/cmr/m/n/10 (\OML/cmm/m/it/10 P; xP; yP; xyP\OT1/cmr/m/n/10 )$\OT1
/ptm/m/n/10 .
 []


LaTeX Warning: Reference `fig:dalgorithm' on page 9 undefined on input line 50.



Underfull \hbox (badness 3930) in paragraph at lines 50--52
\OT1/ptm/b/n/10 Distinguishing al-go-rithm. \OT1/ptm/m/n/10 The dis-tin-guish-i
ng al-go-rithm
 []


Underfull \hbox (badness 4084) in paragraph at lines 50--52
\OML/cmm/m/it/10 D$ \OT1/ptm/m/n/10 is shown as fig-ure []. The in-puts of the 
al-go-
 []


Underfull \hbox (badness 1728) in paragraph at lines 50--52
\OT1/ptm/m/n/10 rithm is $\OMS/cmsy/m/n/10 f\OML/cmm/m/it/10 P; X; Y; Z\OMS/cms
y/m/n/10 g$\OT1/ptm/m/n/10 . While the in-put is in the form
 []



pdfTeX warning: /Library/TeX/texbin/pdflatex (file ./fig/game1.pdf): PDF inclus
ion: found PDF version <1.7>, but at most version <1.5> allowed
<fig/game1.pdf, id=128, 398.23781pt x 258.9675pt>
File: fig/game1.pdf Graphic file (type pdf)
<use fig/game1.pdf>
Package pdftex.def Info: fig/game1.pdf  used on input line 66.
(pdftex.def)             Requested size: 253.04987pt x 164.55316pt.


pdfTeX warning: /Library/TeX/texbin/pdflatex (file ./fig/game2.pdf): PDF inclus
ion: found PDF version <1.7>, but at most version <1.5> allowed
<fig/game2.pdf, id=129, 405.01312pt x 258.9675pt>
File: fig/game2.pdf Graphic file (type pdf)
<use fig/game2.pdf>
Package pdftex.def Info: fig/game2.pdf  used on input line 76.
(pdftex.def)             Requested size: 253.04987pt x 161.8029pt.


pdfTeX warning: /Library/TeX/texbin/pdflatex (file ./fig/dalgorithm.pdf): PDF i
nclusion: found PDF version <1.7>, but at most version <1.5> allowed
<fig/dalgorithm.pdf, id=130, 408.02437pt x 304.88907pt>
File: fig/dalgorithm.pdf Graphic file (type pdf)
<use fig/dalgorithm.pdf>
Package pdftex.def Info: fig/dalgorithm.pdf  used on input line 83.
(pdftex.def)             Requested size: 253.04987pt x 189.08974pt.
) (./chap_Compact/webmodel.tex

LaTeX Warning: Citation `SPRESSO' on page 9 undefined on input line 5.


LaTeX Warning: Citation `FettKS16' on page 9 undefined on input line 5.


LaTeX Warning: Citation `FettKS17' on page 9 undefined on input line 5.


LaTeX Warning: Citation `SPRESSO' on page 9 undefined on input line 5.


LaTeX Warning: Citation `SPRESSO' on page 9 undefined on input line 8.


LaTeX Warning: Citation `SPRESSO' on page 9 undefined on input line 8.

[9 <./fig/game0.pdf>]
LaTeX Font Info:    Trying to load font information for OT1+phv on input line 1
3.

(/usr/local/texlive/2020/texmf-dist/tex/latex/psnfss/ot1phv.fd
File: ot1phv.fd 2001/06/04 scalable font definitions for OT1/phv.


LaTeX Warning: Font shape declaration has incorrect series value `mc'.
               It should not contain an `m'! Please correct it.
               Found on input line 21.


LaTeX Warning: Font shape declaration has incorrect series value `mc'.
               It should not contain an `m'! Please correct it.
               Found on input line 24.


LaTeX Warning: Font shape declaration has incorrect series value `mc'.
               It should not contain an `m'! Please correct it.
               Found on input line 27.


LaTeX Warning: Font shape declaration has incorrect series value `mc'.
               It should not contain an `m'! Please correct it.
               Found on input line 47.

) [10 <./fig/game1.pdf> <./fig/game2.pdf

pdfTeX warning: /Library/TeX/texbin/pdflatex (file ./fig/game2.pdf): PDF inclus
ion: multiple pdfs with page group included in a single page
> <./fig/dalgorithm.pdf

pdfTeX warning: /Library/TeX/texbin/pdflatex (file ./fig/dalgorithm.pdf): PDF i
nclusion: multiple pdfs with page group included in a single page
>]

LaTeX Warning: Citation `SPRESSO' on page 11 undefined on input line 72.

LaTeX Font Info:    Trying to load font information for OMS+phv on input line 7
3.
(/usr/local/texlive/2020/texmf-dist/tex/latex/psnfss/omsphv.fd
File: omsphv.fd 
)
LaTeX Font Info:    Font shape `OMS/phv/m/n' in size <10> not available
(Font)              Font shape `OMS/cmsy/m/n' tried instead on input line 73.


LaTeX Warning: Reference `subsec:webmodel' on page 11 undefined on input line 8
6.


LaTeX Warning: Reference `subsec:basicrequirements' on page 11 undefined on inp
ut line 95.


LaTeX Warning: Citation `SPRESSO' on page 11 undefined on input line 95.

[11]

LaTeX Warning: Reference `lemma:password' on page 12 undefined on input line 13
7.


LaTeX Warning: Reference `lemma:unforged' on page 12 undefined on input line 13
7.


LaTeX Warning: Reference `lemma:password' on page 12 undefined on input line 13
7.


LaTeX Warning: Reference `lemma:unforged' on page 12 undefined on input line 13
7.


LaTeX Warning: Reference `lemma:token' on page 12 undefined on input line 145.


LaTeX Warning: Reference `def:cookie' on page 12 undefined on input line 148.


LaTeX Warning: Reference `def:secure' on page 12 undefined on input line 154.


LaTeX Warning: Reference `the:secure' on page 12 undefined on input line 154.

) (./chap_Compact/implementation.tex

LaTeX Warning: Citation `MITREid' on page 12 undefined on input line 17.


LaTeX Warning: Citation `OIDF' on page 12 undefined on input line 17.


LaTeX Warning: Citation `jsrsasign' on page 12 undefined on input line 26.

) (./chap_Compact/evaluation.tex

LaTeX Warning: Citation `MITREid' on page 12 undefined on input line 23.


LaTeX Warning: Citation `SPRESSO' on page 12 undefined on input line 23.


LaTeX Warning: Citation `MITREid' on page 12 undefined on input line 24.


LaTeX Warning: Citation `SPRESSO' on page 12 undefined on input line 25.


LaTeX Warning: Reference `fig:process' on page 12 undefined on input line 30.


LaTeX Warning: Reference `fig:process' on page 12 undefined on input line 31.


LaTeX Warning: Reference `fig:process' on page 12 undefined on input line 32.


LaTeX Warning: Reference `fig:evaluation' on page 12 undefined on input line 36
.

[12]
<fig/evaluation2.pdf, id=216, 963.6pt x 542.025pt>
File: fig/evaluation2.pdf Graphic file (type pdf)
<use fig/evaluation2.pdf>
Package pdftex.def Info: fig/evaluation2.pdf  used on input line 43.
(pdftex.def)             Requested size: 253.04987pt x 142.33745pt.
) (./chap_Compact/discussion.tex
Underfull \hbox (badness 1748) in paragraph at lines 25--28
\OT1/ptm/b/n/10 OIDC au-tho-riza-tion code flow sup-port. \OT1/ptm/m/n/10 The p
rivacy-
 []


Underfull \hbox (badness 5756) in paragraph at lines 25--28
\OT1/ptm/m/n/10 preserving func-tions $\OMS/cmsy/m/n/10 F[]$\OT1/ptm/m/n/10 , $
\OMS/cmsy/m/n/10 F[]$ \OT1/ptm/m/n/10 and
 []


LaTeX Warning: Citation `rfc6962' on page 13 undefined on input line 61.


LaTeX Warning: Citation `SPRESSO' on page 13 undefined on input line 61.


LaTeX Warning: Citation `rfc6962' on page 13 undefined on input line 61.


LaTeX Warning: Citation `SPRESSO' on page 13 undefined on input line 61.

) (./chap_Compact/relatedwork.tex

LaTeX Warning: Citation `aubry2004esup' on page 13 undefined on input line 3.


LaTeX Warning: Citation `Kerberos' on page 13 undefined on input line 3.


LaTeX Warning: Citation `Shibboleth' on page 13 undefined on input line 4.


Underfull \vbox (badness 10000) has occurred while \output is active []

 [13 <./fig/evaluation2.pdf>]

LaTeX Warning: Citation `NIST2017draft' on page 14 undefined on input line 13.


LaTeX Warning: Citation `SAML' on page 14 undefined on input line 14.


LaTeX Warning: Citation `OpenIDConnect' on page 14 undefined on input line 14.


LaTeX Warning: Citation `SPRESSO' on page 14 undefined on input line 14.


LaTeX Warning: Citation `BrowserID' on page 14 undefined on input line 14.


LaTeX Warning: Citation `persona' on page 14 undefined on input line 15.


LaTeX Warning: Citation `FirefoxAccount' on page 14 undefined on input line 15.



LaTeX Warning: Citation `FettKS14' on page 14 undefined on input line 15.


LaTeX Warning: Citation `BrowserID' on page 14 undefined on input line 15.


LaTeX Warning: Citation `FettKS17' on page 14 undefined on input line 16.


LaTeX Warning: Citation `ElmuftiWRR08' on page 14 undefined on input line 22.


LaTeX Warning: Citation `WangWS13' on page 14 undefined on input line 23.


LaTeX Warning: Citation `WangWS13' on page 14 undefined on input line 24.


LaTeX Warning: Citation `HanCSTW18' on page 14 undefined on input line 24.


LaTeX Warning: Citation `FettKS16' on page 14 undefined on input line 34.


LaTeX Warning: Citation `FettKS17' on page 14 undefined on input line 34.


LaTeX Warning: Citation `FettKS14' on page 14 undefined on input line 34.


LaTeX Warning: Citation `FettKS16' on page 14 undefined on input line 38.


LaTeX Warning: Citation `FettKS17' on page 14 undefined on input line 38.


LaTeX Warning: Citation `ArmandoCCCT08' on page 14 undefined on input line 39.


LaTeX Warning: Citation `GhasemisharifRC18' on page 14 undefined on input line 
43.


LaTeX Warning: Citation `WangCW12' on page 14 undefined on input line 48.


LaTeX Warning: Citation `ccsSunB12' on page 14 undefined on input line 48.


LaTeX Warning: Citation `ArmandoCCCPS13' on page 14 undefined on input line 48.



LaTeX Warning: Citation `DiscoveringJCS' on page 14 undefined on input line 48.



LaTeX Warning: Citation `dimvaLiM16' on page 14 undefined on input line 48.


LaTeX Warning: Citation `WangCW12' on page 14 undefined on input line 48.


LaTeX Warning: Citation `SomorovskyMSKJ12' on page 14 undefined on input line 4
8.


LaTeX Warning: Citation `WangZLG16' on page 14 undefined on input line 48.


LaTeX Warning: Citation `MainkaMS16' on page 14 undefined on input line 48.


LaTeX Warning: Citation `MainkaMSW17' on page 14 undefined on input line 48.


LaTeX Warning: Citation `dimvaLiM16' on page 14 undefined on input line 48.


LaTeX Warning: Citation `WangZLG16' on page 14 undefined on input line 48.


LaTeX Warning: Citation `MainkaMS16' on page 14 undefined on input line 48.


LaTeX Warning: Citation `MainkaMSW17' on page 14 undefined on input line 48.


LaTeX Warning: Citation `YangLCZ18' on page 14 undefined on input line 48.


LaTeX Warning: Citation `dimvaLiM16' on page 14 undefined on input line 48.


LaTeX Warning: Citation `WangCW12' on page 14 undefined on input line 49.


LaTeX Warning: Citation `ArmandoCCCPS13' on page 14 undefined on input line 50.



LaTeX Warning: Citation `SomorovskyMSKJ12' on page 14 undefined on input line 5
1.


LaTeX Warning: Citation `WangCW12' on page 14 undefined on input line 51.


LaTeX Warning: Citation `WangZLG16' on page 14 undefined on input line 51.


LaTeX Warning: Citation `MainkaMS16' on page 14 undefined on input line 51.


LaTeX Warning: Citation `MainkaMSW17' on page 14 undefined on input line 51.


LaTeX Warning: Citation `SomorovskyMSKJ12' on page 14 undefined on input line 5
2.


LaTeX Warning: Citation `WangCW12' on page 14 undefined on input line 52.


LaTeX Warning: Citation `WangZLG16' on page 14 undefined on input line 52.


LaTeX Warning: Citation `MainkaMSW17' on page 14 undefined on input line 52.


LaTeX Warning: Citation `MainkaMS16' on page 14 undefined on input line 52.


LaTeX Warning: Citation `MainkaMSW17' on page 14 undefined on input line 52.


LaTeX Warning: Citation `CaoSBKVC14' on page 14 undefined on input line 53.


LaTeX Warning: Citation `YangLCZ18' on page 14 undefined on input line 54.


LaTeX Warning: Citation `WangZLG16' on page 14 undefined on input line 54.


LaTeX Warning: Citation `MainkaMS16' on page 14 undefined on input line 54.


LaTeX Warning: Citation `MainkaMSW17' on page 14 undefined on input line 54.


LaTeX Warning: Citation `YangLCZ18' on page 14 undefined on input line 54.


LaTeX Warning: Citation `ZhouE14' on page 14 undefined on input line 55.


LaTeX Warning: Citation `YangLLZH16' on page 14 undefined on input line 55.


LaTeX Warning: Citation `YangLCZ18' on page 14 undefined on input line 55.


LaTeX Warning: Citation `ChenPCTKT14' on page 14 undefined on input line 62.


LaTeX Warning: Citation `WangZLLYLG15' on page 14 undefined on input line 62.


LaTeX Warning: Citation `ChenPCTKT14' on page 14 undefined on input line 65.


LaTeX Warning: Citation `YangLS17' on page 14 undefined on input line 65.


LaTeX Warning: Citation `TowardsShehabM14' on page 14 undefined on input line 6
6.


LaTeX Warning: Citation `ChenPCTKT14' on page 14 undefined on input line 66.


LaTeX Warning: Citation `WangZLLYLG15' on page 14 undefined on input line 66.


LaTeX Warning: Citation `YangLS17' on page 14 undefined on input line 66.


LaTeX Warning: Citation `ShiWL19' on page 14 undefined on input line 66.


LaTeX Warning: Citation `TowardsShehabM14' on page 14 undefined on input line 6
6.


LaTeX Warning: Citation `ChenPCTKT14' on page 14 undefined on input line 66.


LaTeX Warning: Citation `WangZLLYLG15' on page 14 undefined on input line 66.


LaTeX Warning: Citation `YangLS17' on page 14 undefined on input line 66.


LaTeX Warning: Citation `ShiWL19' on page 14 undefined on input line 66.


LaTeX Warning: Citation `ChenPCTKT14' on page 14 undefined on input line 66.


LaTeX Warning: Citation `YangLS17' on page 14 undefined on input line 66.


LaTeX Warning: Citation `ChenPCTKT14' on page 14 undefined on input line 66.


LaTeX Warning: Citation `ShiWL19' on page 14 undefined on input line 66.

) (./chap_Compact/conclusion.tex)
No file UPPRESSO_NDSS.bbl.
(./chap_Compact/appendix.tex [14]
Underfull \hbox (badness 10000) in paragraph at lines 45--46
\OT1/ptm/m/n/10 for ex-am-ple, the $[]$ in the url
 []


Underfull \hbox (badness 10000) in paragraph at lines 45--46
[]$
 []


Underfull \hbox (badness 4341) in paragraph at lines 46--47
\OT1/ptm/m/n/10 as the form $[]$,
 []


Underfull \hbox (badness 4303) in paragraph at lines 46--47
\OT1/ptm/m/n/10 such as $[]$
 []


Underfull \hbox (badness 7326) in paragraph at lines 47--48
[]$[]$ \OT1/ptm/m/n/10 is the body con-tent car-ried by HTTP
 []


Underfull \hbox (badness 4378) in paragraph at lines 47--48
[]$ \OT1/ptm/m/n/10 re-quest or HTTP re-sponse in the form
 []


Overfull \hbox (0.95505pt too wide) in paragraph at lines 51--53
\OT1/ptm/b/n/10 URL\OT1/ptm/m/n/10 . URL is a term $[]$,
 []


Underfull \hbox (badness 2376) in paragraph at lines 57--59
\OT1/ptm/b/n/10 POSTMESSAGE\OT1/ptm/m/n/10 . PostMes-sage is used in the browse
r
 []


Underfull \hbox (badness 10000) in paragraph at lines 57--59
\OT1/ptm/m/n/10 for trans-mit-ting mes-sages be-tween scripts from
 []


Underfull \hbox (badness 6461) in paragraph at lines 57--59
\OT1/ptm/m/n/10 dif-fer-ent ori-gins. We de-fine the postMes-sage as the
 []


Underfull \hbox (badness 10000) in paragraph at lines 57--59
\OT1/ptm/m/n/10 form $[]$, where
 []


Underfull \hbox (badness 1552) in paragraph at lines 60--62
\OT1/ptm/b/n/10 XMLHTTPREQUEST\OT1/ptm/m/n/10 . XML-HTTPRe-quest is the HTTP
 []


Underfull \hbox (badness 1360) in paragraph at lines 60--62
\OT1/ptm/m/n/10 mes-sage trans-mit-ted by scripts in the browser. That is,
 []


Underfull \hbox (badness 5374) in paragraph at lines 60--62
\OT1/ptm/m/n/10 sage by the browser. The XML-HTTPRe-quest in the
 []


Underfull \hbox (badness 10000) in paragraph at lines 67--68
[]\OT1/ptm/b/n/10 Dictionary Data \OT1/ptm/m/n/10 is the data in the form
 []


Underfull \hbox (badness 10000) in paragraph at lines 67--68
[]$\OT1/ptm/m/n/10 , for
 []


Underfull \hbox (badness 10000) in paragraph at lines 67--68
\OT1/ptm/m/n/10 in-stance the $[]$ in HTTP re-quest is
 []


Underfull \hbox (badness 10000) in paragraph at lines 67--68
\OT1/ptm/m/n/10 dic-tio-nary data. We as-sume there is a
 []


Underfull \hbox (badness 10000) in paragraph at lines 67--68
[]$\OT1/ptm/m/n/10 ,
 []


Underfull \hbox (badness 7468) in paragraph at lines 67--68
[]$\OT1/ptm/m/n/10 , such that $[]$
 []


Underfull \hbox (badness 3407) in paragraph at lines 67--68
\OT1/ptm/m/n/10 we set $[]$, the $[]$ are changed
 []


Underfull \hbox (badness 10000) in paragraph at lines 78--79
\OT1/ptm/b/n/10 Window\OT1/ptm/m/n/10 . A win-dow $[]$ is a term of the form
 []


Underfull \hbox (badness 10000) in paragraph at lines 78--79
[]$\OT1/ptm/m/n/10 , rep-re-sent-ing the the
 []

[15]
Overfull \hbox (3.65227pt too wide) detected at line 93
 []$[]  \OMS/cmsy/m/n/10 h\OML/cmm/m/it/10 tree; docnonce; scriptstate; statein
puts; cookies;$ 
 []


Underfull \hbox (badness 10000) in paragraph at lines 107--109
[]$\OT1/ptm/m/n/10 .
 []


Underfull \hbox (badness 10000) in paragraph at lines 112--113
[]$[]$ \OT1/ptm/m/n/10 is the term in the form of
 []


Underfull \hbox (badness 2884) in paragraph at lines 118--120
\OT1/ptm/m/n/10 To make the de-scrip-tion clearer, we also pro-vide the
 []


LaTeX Warning: Reference `alg1' on page 16 undefined on input line 129.


LaTeX Warning: Reference `ape:alg' on page 16 undefined on input line 129.


Underfull \hbox (badness 1975) in paragraph at lines 146--147
[]$[]$ \OT1/ptm/m/n/10 is the Ex-tended Eu-clidean al-go-rithm,
 []


LaTeX Warning: Reference `alg2' on page 16 undefined on input line 150.


LaTeX Warning: Reference `ape:alg' on page 16 undefined on input line 150.

[16]

LaTeX Warning: Reference `ape:alg' on page 17 undefined on input line 170.


LaTeX Warning: Reference `alg3' on page 17 undefined on input line 170.


LaTeX Warning: Reference `ape:alg' on page 17 undefined on input line 180.


LaTeX Warning: Reference `alg4' on page 17 undefined on input line 180.


LaTeX Warning: Reference `the:secure' on page 17 undefined on input line 184.

\c@redef=\count305
\c@req=\count306
\c@relemma=\count307

LaTeX Warning: Reference `def:secure' on page 17 undefined on input line 193.


LaTeX Warning: Reference `the:secure' on page 17 undefined on input line 197.


LaTeX Warning: Reference `def:secure' on page 17 undefined on input line 197.


LaTeX Warning: Reference `def:secure' on page 17 undefined on input line 197.


LaTeX Warning: Reference `req:cookie1' on page 17 undefined on input line 212.


LaTeX Warning: Reference `req:cookie1' on page 17 undefined on input line 212.

** ATTENTION: \proof is deprecated (line 218). Use \IEEEproof instead.

LaTeX Warning: Reference `alg4' on page 17 undefined on input line 223.


LaTeX Warning: Reference `alg2' on page 17 undefined on input line 224.


LaTeX Warning: Reference `rel:cookie' on page 17 undefined on input line 226.


LaTeX Warning: Reference `req:cookie2' on page 17 undefined on input line 229.


LaTeX Warning: Reference `alg2' on page 17 undefined on input line 229.

** ATTENTION: \proof is deprecated (line 240). Use \IEEEproof instead.

LaTeX Warning: Reference `rel:cookie' on page 17 undefined on input line 241.

[17]

LaTeX Warning: Reference `alg4' on page 18 undefined on input line 243.


LaTeX Warning: Reference `alg2' on page 18 undefined on input line 244.


LaTeX Warning: Reference `alg3' on page 18 undefined on input line 245.


LaTeX Warning: Reference `alg1' on page 18 undefined on input line 245.


LaTeX Warning: Reference `alg1' on page 18 undefined on input line 246.

** ATTENTION: \proof is deprecated (line 255). Use \IEEEproof instead.

LaTeX Warning: Reference `alg3' on page 18 undefined on input line 258.


LaTeX Warning: Reference `alg3' on page 18 undefined on input line 259.


LaTeX Warning: Reference `alg2' on page 18 undefined on input line 260.


LaTeX Warning: Reference `alg2' on page 18 undefined on input line 261.


LaTeX Warning: Reference `red:token' on page 18 undefined on input line 266.

** ATTENTION: \proof is deprecated (line 270). Use \IEEEproof instead.

LaTeX Warning: Reference `alg2' on page 18 undefined on input line 273.


LaTeX Warning: Reference `alg4' on page 18 undefined on input line 274.


LaTeX Warning: Reference `alg1' on page 18 undefined on input line 275.


LaTeX Warning: Reference `alg1' on page 18 undefined on input line 276.


LaTeX Warning: Reference `alg3' on page 18 undefined on input line 276.


LaTeX Warning: Reference `alg2' on page 18 undefined on input line 276.


LaTeX Warning: Reference `alg1' on page 18 undefined on input line 276.


LaTeX Warning: Reference `red:token' on page 18 undefined on input line 280.


LaTeX Warning: Reference `req:cookie2' on page 18 undefined on input line 280.


LaTeX Warning: Reference `req:cookie3' on page 18 undefined on input line 282.


LaTeX Warning: Reference `red:token' on page 18 undefined on input line 282.

[18]
** ATTENTION: \proof is deprecated (line 286). Use \IEEEproof instead.

LaTeX Warning: Reference `alg1' on page 19 undefined on input line 289.


LaTeX Warning: Reference `alg2' on page 19 undefined on input line 290.


Underfull \hbox (badness 1424) in paragraph at lines 290--291
[]$[]$\OT1/ptm/m/n/10 . Same as IdP server, RP server only sends
 []


LaTeX Warning: Reference `alg4' on page 19 undefined on input line 291.


LaTeX Warning: Reference `alg3' on page 19 undefined on input line 292.


LaTeX Warning: Reference `alg2' on page 19 undefined on input line 293.


LaTeX Warning: Reference `alg1' on page 19 undefined on input line 293.


LaTeX Warning: Reference `alg3' on page 19 undefined on input line 293.


LaTeX Warning: Reference `req:cookie3' on page 19 undefined on input line 299.


LaTeX Warning: Reference `the:secure' on page 19 undefined on input line 299.

[19

] [20

] [21] [22] [23] [24])

** Conference Paper **
Before submitting the final camera ready copy, remember to:

 1. Manually equalize the lengths of two columns on the last page
 of your paper;

 2. Ensure that any PostScript and/or PDF output post-processing
 uses only Type 1 fonts and that every step in the generation
 process uses the appropriate paper size.

[25] (./UPPRESSO_NDSS.aux)

LaTeX Warning: There were undefined references.


LaTeX Warning: Label(s) may have changed. Rerun to get cross-references right.

 ) 
Here is how much of TeX's memory you used:
 7777 strings out of 480608
 117489 string characters out of 5903631
 381299 words of memory out of 5000000
 23504 multiletter control sequences out of 15000+600000
 575999 words of font info for 111 fonts, out of 8000000 for 9000
 1144 hyphenation exceptions out of 8191
 41i,13n,42p,1970b,735s stack positions out of 5000i,500n,10000p,200000b,80000s
{/usr/local/texlive/2020/texmf-dist/fonts/enc/dvips/base/8r.enc}</usr/local/t
exlive/2020/texmf-dist/fonts/type1/public/amsfonts/cm/cmbx10.pfb></usr/local/te
xlive/2020/texmf-dist/fonts/type1/public/amsfonts/cm/cmbx7.pfb></usr/local/texl
ive/2020/texmf-dist/fonts/type1/public/amsfonts/cm/cmex10.pfb></usr/local/texli
ve/2020/texmf-dist/fonts/type1/public/amsfonts/cm/cmmi10.pfb></usr/local/texliv
e/2020/texmf-dist/fonts/type1/public/amsfonts/cm/cmmi5.pfb></usr/local/texlive/
2020/texmf-dist/fonts/type1/public/amsfonts/cm/cmmi6.pfb></usr/local/texlive/20
20/texmf-dist/fonts/type1/public/amsfonts/cm/cmmi7.pfb></usr/local/texlive/2020
/texmf-dist/fonts/type1/public/amsfonts/cm/cmmi8.pfb></usr/local/texlive/2020/t
exmf-dist/fonts/type1/public/amsfonts/cm/cmmi9.pfb></usr/local/texlive/2020/tex
mf-dist/fonts/type1/public/amsfonts/cm/cmr10.pfb></usr/local/texlive/2020/texmf
-dist/fonts/type1/public/amsfonts/cm/cmr5.pfb></usr/local/texlive/2020/texmf-di
st/fonts/type1/public/amsfonts/cm/cmr7.pfb></usr/local/texlive/2020/texmf-dist/
fonts/type1/public/amsfonts/cm/cmsy10.pfb></usr/local/texlive/2020/texmf-dist/f
onts/type1/public/amsfonts/cm/cmsy5.pfb></usr/local/texlive/2020/texmf-dist/fon
ts/type1/public/amsfonts/cm/cmsy7.pfb></usr/local/texlive/2020/texmf-dist/fonts
/type1/public/amsfonts/cm/cmsy8.pfb></usr/local/texlive/2020/texmf-dist/fonts/t
ype1/public/amsfonts/cm/cmtt10.pfb></usr/local/texlive/2020/texmf-dist/fonts/ty
pe1/public/amsfonts/symbols/msbm10.pfb></usr/local/texlive/2020/texmf-dist/font
s/type1/public/amsfonts/symbols/msbm7.pfb></usr/local/texlive/2020/texmf-dist/f
onts/type1/urw/helvetic/uhvr8a.pfb></usr/local/texlive/2020/texmf-dist/fonts/ty
pe1/urw/times/utmb8a.pfb></usr/local/texlive/2020/texmf-dist/fonts/type1/urw/ti
mes/utmbi8a.pfb></usr/local/texlive/2020/texmf-dist/fonts/type1/urw/times/utmr8
a.pfb></usr/local/texlive/2020/texmf-dist/fonts/type1/urw/times/utmri8a.pfb>
Output written on UPPRESSO_NDSS.pdf (25 pages, 996295 bytes).
PDF statistics:
 368 PDF objects out of 1000 (max. 8388607)
 276 compressed objects within 3 object streams
 0 named destinations out of 1000 (max. 500000)
 46 words of extra memory for PDF output out of 10000 (max. 10000000)

