This is pdfTeX, Version 3.14159265-2.6-1.40.20 (MiKTeX 2.9.7250) (preloaded format=pdflatex 2019.11.23)  4 SEP 2021 15:29
entering extended mode
**C:/Users/ljq/Github/OIDC-latex/chap_Compact/protocol.tex
(C:/Users/ljq/Github/OIDC-latex/chap_Compact/protocol.tex
LaTeX2e <2019-10-01> patch level 3
! Undefined control sequence.
l.5 \subsection
               {Identity-Transformation Functions}
? 
! Emergency stop.
l.5 \subsection
               {Identity-Transformation Functions}
End of file on the terminal!

 
Here is how much of TeX's memory you used:
 8 strings out of 492450
 268 string characters out of 3135818
 58962 words of memory out of 3000000
 4468 multiletter control sequences out of 15000+200000
 3640 words of font info for 14 fonts, out of 3000000 for 9000
 1141 hyphenation exceptions out of 8191
 5i,0n,1p,596b,8s stack positions out of 5000i,500n,10000p,200000b,50000s
!  ==> Fatal error occurred, no output PDF file produced!
